Creating dataset for None out of 225165 found entries of the document.
[ 1 27 24 20 11 24 20 24  4 24 20 24  4 24 11  5 27  5 24 24  4 20 35  5
 34 44 24 21 21 29 46  4 24  5 24  4 20 35  5 44 24 21 46 11  4 44 24 21
 21 29 46  4 24 24 12 20 24 24 20 24 24 20 24 11 12  5 35  5 34 65  0  0
  0  0  0  0  0  0  0  0  0  0  0  0  0  0  0  0  0  0  0  0  0  0  0  0
  0  0  0  0  0  0  0  0  0  0  0  0  0  0  0  0  0  0  0  0  0  0  0  0
  0  0  0  0  0  0  0  0  0  0  0  0  0  0  0  0  0  0  0  0  0  0  0  0
  0  0  0  0  0  0  0  0  0  0  0  0  0  0  0  0  0  0  0  0  0  0  0  0
  0  0  0  0  0  0  0  0  0  0  0  0  0  0  0  0  0  0  0  0  0  0  0  0
  0  0  0  0  0  0  0  0  0  0  0  0  0  0  0  0  0  0  0  0  0  0  0  0
  0  0  0  0  0  0  0  0  0  0  0  0  0  0  0  0  0  0  0  0  0  0  0  0
  0  0  0  0  0  0  0  0  0  0  0  0  0  0  0  0  0]
[ 1 27 24 20 11 24 20 24  4 24 20 24  4 24 11  5 27  5 24 24  4 20 35  5
 34 44 24 21 21 29 46  4 24  5 24  4 20 35  5 35  8 34 44 24 21 21 29 46
 11 44 24 21 21 29 46  4 24 24 12 20 24 24 20 24 24 20 24 11 12  5 35 65
  0  0  0  0  0  0  0  0  0  0  0  0  0  0  0  0  0  0  0  0  0  0  0  0
  0  0  0  0  0  0  0  0  0  0  0  0  0  0  0  0  0  0  0  0  0  0  0  0
  0  0  0  0  0  0  0  0  0  0  0  0  0  0  0  0  0  0  0  0  0  0  0  0
  0  0  0  0  0  0  0  0  0  0  0  0  0  0  0  0  0  0  0  0  0  0  0  0
  0  0  0  0  0  0  0  0  0  0  0  0  0  0  0  0  0  0  0  0  0  0  0  0
  0  0  0  0  0  0  0  0  0  0  0  0  0  0  0  0  0  0  0  0  0  0  0  0
  0  0  0  0  0  0  0  0  0  0  0  0  0  0  0  0  0  0  0  0  0  0  0  0
  0  0  0  0  0  0  0  0  0  0  0  0  0  0  0  0  0]

Starting epoch 1
Epoch 1 Batch 0 Loss 4.5474 Accuracy 0.0112
Epoch 1 Batch 100 Loss 3.2317 Accuracy 0.2430
Epoch 1 Batch 200 Loss 2.8039 Accuracy 0.2843
Epoch 1 Batch 300 Loss 2.5061 Accuracy 0.3184
Epoch 1 Batch 400 Loss 2.2889 Accuracy 0.3506
Epoch 1 Batch 500 Loss 2.1273 Accuracy 0.3789
Epoch 1 Batch 600 Loss 2.0001 Accuracy 0.4035
Epoch 1 Batch 700 Loss 1.8967 Accuracy 0.4252
Epoch 1 Batch 800 Loss 1.8100 Accuracy 0.4449
Time taken for 1 epoch: 372.71 secs


Starting epoch 2
Epoch 2 Batch 0 Loss 1.1134 Accuracy 0.6168
Epoch 2 Batch 100 Loss 1.0861 Accuracy 0.6246
Epoch 2 Batch 200 Loss 1.0629 Accuracy 0.6321
Epoch 2 Batch 300 Loss 1.0416 Accuracy 0.6389
Epoch 2 Batch 400 Loss 1.0222 Accuracy 0.6451
Epoch 2 Batch 500 Loss 1.0047 Accuracy 0.6507
Epoch 2 Batch 600 Loss 0.9887 Accuracy 0.6558
Epoch 2 Batch 700 Loss 0.9736 Accuracy 0.6606
Epoch 2 Batch 800 Loss 0.9595 Accuracy 0.6652
Time taken for 1 epoch: 362.22 secs


Starting epoch 3
Epoch 3 Batch 0 Loss 0.8235 Accuracy 0.7139
Epoch 3 Batch 100 Loss 0.8252 Accuracy 0.7084
Epoch 3 Batch 200 Loss 0.8153 Accuracy 0.7119
Epoch 3 Batch 300 Loss 0.8085 Accuracy 0.7142
Epoch 3 Batch 400 Loss 0.8005 Accuracy 0.7169
Epoch 3 Batch 500 Loss 0.7927 Accuracy 0.7196
Epoch 3 Batch 600 Loss 0.7850 Accuracy 0.7221
Epoch 3 Batch 700 Loss 0.7783 Accuracy 0.7243
Epoch 3 Batch 800 Loss 0.7714 Accuracy 0.7266
Time taken for 1 epoch: 362.04 secs


Starting epoch 4
Epoch 4 Batch 0 Loss 0.6918 Accuracy 0.7547
Epoch 4 Batch 100 Loss 0.7040 Accuracy 0.7497
Epoch 4 Batch 200 Loss 0.6963 Accuracy 0.7525
Epoch 4 Batch 300 Loss 0.6900 Accuracy 0.7547
Epoch 4 Batch 400 Loss 0.6834 Accuracy 0.7571
Epoch 4 Batch 500 Loss 0.6768 Accuracy 0.7596
Epoch 4 Batch 600 Loss 0.6691 Accuracy 0.7626
Epoch 4 Batch 700 Loss 0.6606 Accuracy 0.7661
Epoch 4 Batch 800 Loss 0.6516 Accuracy 0.7698
Time taken for 1 epoch: 362.19 secs


Starting epoch 5
Epoch 5 Batch 0 Loss 0.5591 Accuracy 0.8050
Epoch 5 Batch 100 Loss 0.5441 Accuracy 0.8133
Epoch 5 Batch 200 Loss 0.5350 Accuracy 0.8172
Epoch 5 Batch 300 Loss 0.5254 Accuracy 0.8210
Epoch 5 Batch 400 Loss 0.5165 Accuracy 0.8244
Epoch 5 Batch 500 Loss 0.5087 Accuracy 0.8274
Epoch 5 Batch 600 Loss 0.5012 Accuracy 0.8301
Epoch 5 Batch 700 Loss 0.4940 Accuracy 0.8328
Epoch 5 Batch 800 Loss 0.4869 Accuracy 0.8354
Time taken for 1 epoch: 362.19 secs


Starting epoch 6
Epoch 6 Batch 0 Loss 0.4107 Accuracy 0.8631
Epoch 6 Batch 100 Loss 0.4182 Accuracy 0.8599
Epoch 6 Batch 200 Loss 0.4142 Accuracy 0.8615
Epoch 6 Batch 300 Loss 0.4103 Accuracy 0.8628
Epoch 6 Batch 400 Loss 0.4068 Accuracy 0.8639
Epoch 6 Batch 500 Loss 0.4037 Accuracy 0.8650
Epoch 6 Batch 600 Loss 0.4003 Accuracy 0.8662
Epoch 6 Batch 700 Loss 0.3971 Accuracy 0.8673
Epoch 6 Batch 800 Loss 0.3942 Accuracy 0.8683
Time taken for 1 epoch: 361.96 secs


Starting epoch 7
Epoch 7 Batch 0 Loss 0.3676 Accuracy 0.8779
Epoch 7 Batch 100 Loss 0.3564 Accuracy 0.8808
Epoch 7 Batch 200 Loss 0.3541 Accuracy 0.8818
Epoch 7 Batch 300 Loss 0.3536 Accuracy 0.8821
Epoch 7 Batch 400 Loss 0.3515 Accuracy 0.8829
Epoch 7 Batch 500 Loss 0.3495 Accuracy 0.8836
Epoch 7 Batch 600 Loss 0.3480 Accuracy 0.8841
Epoch 7 Batch 700 Loss 0.3463 Accuracy 0.8847
Epoch 7 Batch 800 Loss 0.3451 Accuracy 0.8852
Time taken for 1 epoch: 361.84 secs


Starting epoch 8
Epoch 8 Batch 0 Loss 0.3227 Accuracy 0.8893
Epoch 8 Batch 100 Loss 0.3198 Accuracy 0.8935
Epoch 8 Batch 200 Loss 0.3192 Accuracy 0.8938
Epoch 8 Batch 300 Loss 0.3180 Accuracy 0.8942
Epoch 8 Batch 400 Loss 0.3174 Accuracy 0.8945
Epoch 8 Batch 500 Loss 0.3163 Accuracy 0.8949
Epoch 8 Batch 600 Loss 0.3155 Accuracy 0.8952
Epoch 8 Batch 700 Loss 0.3143 Accuracy 0.8956
Epoch 8 Batch 800 Loss 0.3132 Accuracy 0.8960
Time taken for 1 epoch: 361.92 secs


Starting epoch 9
Epoch 9 Batch 0 Loss 0.2949 Accuracy 0.8997
Epoch 9 Batch 100 Loss 0.2992 Accuracy 0.9008
Epoch 9 Batch 200 Loss 0.2973 Accuracy 0.9014
Epoch 9 Batch 300 Loss 0.2959 Accuracy 0.9017
Epoch 9 Batch 400 Loss 0.2952 Accuracy 0.9020
Epoch 9 Batch 500 Loss 0.2942 Accuracy 0.9024
Epoch 9 Batch 600 Loss 0.2940 Accuracy 0.9025
Epoch 9 Batch 700 Loss 0.2932 Accuracy 0.9028
Epoch 9 Batch 800 Loss 0.2922 Accuracy 0.9031
Time taken for 1 epoch: 362.01 secs


Starting epoch 10
Epoch 10 Batch 0 Loss 0.2805 Accuracy 0.9083
Epoch 10 Batch 100 Loss 0.2793 Accuracy 0.9073
Epoch 10 Batch 200 Loss 0.2787 Accuracy 0.9077
Epoch 10 Batch 300 Loss 0.2783 Accuracy 0.9078
Epoch 10 Batch 400 Loss 0.2779 Accuracy 0.9080
Epoch 10 Batch 500 Loss 0.2774 Accuracy 0.9081
Epoch 10 Batch 600 Loss 0.2767 Accuracy 0.9084
Epoch 10 Batch 700 Loss 0.2759 Accuracy 0.9086
Epoch 10 Batch 800 Loss 0.2756 Accuracy 0.9088
Time taken for 1 epoch: 362.05 secs


Starting epoch 11
Epoch 11 Batch 0 Loss 0.2772 Accuracy 0.9090
Epoch 11 Batch 100 Loss 0.2658 Accuracy 0.9119
Epoch 11 Batch 200 Loss 0.2650 Accuracy 0.9123
Epoch 11 Batch 300 Loss 0.2645 Accuracy 0.9125
Epoch 11 Batch 400 Loss 0.2643 Accuracy 0.9126
Epoch 11 Batch 500 Loss 0.2636 Accuracy 0.9128
Epoch 11 Batch 600 Loss 0.2631 Accuracy 0.9130
Epoch 11 Batch 700 Loss 0.2628 Accuracy 0.9131
Epoch 11 Batch 800 Loss 0.2625 Accuracy 0.9132
Time taken for 1 epoch: 361.92 secs


Starting epoch 12
Epoch 12 Batch 0 Loss 0.2585 Accuracy 0.9144
Epoch 12 Batch 100 Loss 0.2518 Accuracy 0.9166
Epoch 12 Batch 200 Loss 0.2529 Accuracy 0.9161
Epoch 12 Batch 300 Loss 0.2532 Accuracy 0.9161
Epoch 12 Batch 400 Loss 0.2529 Accuracy 0.9162
Epoch 12 Batch 500 Loss 0.2527 Accuracy 0.9164
Epoch 12 Batch 600 Loss 0.2523 Accuracy 0.9165
Epoch 12 Batch 700 Loss 0.2519 Accuracy 0.9167
Epoch 12 Batch 800 Loss 0.2520 Accuracy 0.9167
Time taken for 1 epoch: 362.18 secs


Starting epoch 13
Epoch 13 Batch 0 Loss 0.2420 Accuracy 0.9173
Epoch 13 Batch 100 Loss 0.2417 Accuracy 0.9200
Epoch 13 Batch 200 Loss 0.2432 Accuracy 0.9195
Epoch 13 Batch 300 Loss 0.2439 Accuracy 0.9193
Epoch 13 Batch 400 Loss 0.2442 Accuracy 0.9192
Epoch 13 Batch 500 Loss 0.2439 Accuracy 0.9194
Epoch 13 Batch 600 Loss 0.2437 Accuracy 0.9194
Epoch 13 Batch 700 Loss 0.2435 Accuracy 0.9195
Epoch 13 Batch 800 Loss 0.2431 Accuracy 0.9197
Time taken for 1 epoch: 362.02 secs


Starting epoch 14
Epoch 14 Batch 0 Loss 0.2376 Accuracy 0.9217
Epoch 14 Batch 100 Loss 0.2370 Accuracy 0.9215
Epoch 14 Batch 200 Loss 0.2370 Accuracy 0.9217
Epoch 14 Batch 300 Loss 0.2364 Accuracy 0.9220
Epoch 14 Batch 400 Loss 0.2367 Accuracy 0.9219
Epoch 14 Batch 500 Loss 0.2364 Accuracy 0.9220
Epoch 14 Batch 600 Loss 0.2364 Accuracy 0.9219
Epoch 14 Batch 700 Loss 0.2360 Accuracy 0.9221
Epoch 14 Batch 800 Loss 0.2359 Accuracy 0.9221
Time taken for 1 epoch: 362.11 secs


Starting epoch 15
Epoch 15 Batch 0 Loss 0.2277 Accuracy 0.9259
Epoch 15 Batch 100 Loss 0.2305 Accuracy 0.9237
Epoch 15 Batch 200 Loss 0.2309 Accuracy 0.9236
Epoch 15 Batch 300 Loss 0.2308 Accuracy 0.9237
Epoch 15 Batch 400 Loss 0.2301 Accuracy 0.9239
Epoch 15 Batch 500 Loss 0.2303 Accuracy 0.9239
Epoch 15 Batch 600 Loss 0.2303 Accuracy 0.9239
Epoch 15 Batch 700 Loss 0.2299 Accuracy 0.9240
Epoch 15 Batch 800 Loss 0.2300 Accuracy 0.9240
Time taken for 1 epoch: 361.87 secs


Starting epoch 16
Epoch 16 Batch 0 Loss 0.2251 Accuracy 0.9270
Epoch 16 Batch 100 Loss 0.2237 Accuracy 0.9262
Epoch 16 Batch 200 Loss 0.2244 Accuracy 0.9259
Epoch 16 Batch 300 Loss 0.2244 Accuracy 0.9259
Epoch 16 Batch 400 Loss 0.2244 Accuracy 0.9259
Epoch 16 Batch 500 Loss 0.2244 Accuracy 0.9259
Epoch 16 Batch 600 Loss 0.2242 Accuracy 0.9259
Epoch 16 Batch 700 Loss 0.2242 Accuracy 0.9259
Epoch 16 Batch 800 Loss 0.2244 Accuracy 0.9259
Time taken for 1 epoch: 361.76 secs


Starting epoch 17
Epoch 17 Batch 0 Loss 0.2386 Accuracy 0.9219
Epoch 17 Batch 100 Loss 0.2184 Accuracy 0.9279
Epoch 17 Batch 200 Loss 0.2192 Accuracy 0.9275
Epoch 17 Batch 300 Loss 0.2189 Accuracy 0.9276
Epoch 17 Batch 400 Loss 0.2197 Accuracy 0.9274
Epoch 17 Batch 500 Loss 0.2192 Accuracy 0.9275
Epoch 17 Batch 600 Loss 0.2192 Accuracy 0.9275
Epoch 17 Batch 700 Loss 0.2192 Accuracy 0.9276
Epoch 17 Batch 800 Loss 0.2193 Accuracy 0.9275
Time taken for 1 epoch: 362.13 secs


Starting epoch 18
Epoch 18 Batch 0 Loss 0.1955 Accuracy 0.9351
Epoch 18 Batch 100 Loss 0.2144 Accuracy 0.9291
Epoch 18 Batch 200 Loss 0.2145 Accuracy 0.9290
Epoch 18 Batch 300 Loss 0.2146 Accuracy 0.9290
Epoch 18 Batch 400 Loss 0.2156 Accuracy 0.9287
Epoch 18 Batch 500 Loss 0.2153 Accuracy 0.9288
Epoch 18 Batch 600 Loss 0.2156 Accuracy 0.9287
Epoch 18 Batch 700 Loss 0.2157 Accuracy 0.9287
Epoch 18 Batch 800 Loss 0.2157 Accuracy 0.9287
Time taken for 1 epoch: 361.85 secs


Starting epoch 19
Epoch 19 Batch 0 Loss 0.2001 Accuracy 0.9346
Epoch 19 Batch 100 Loss 0.2097 Accuracy 0.9307
Epoch 19 Batch 200 Loss 0.2115 Accuracy 0.9300
Epoch 19 Batch 300 Loss 0.2118 Accuracy 0.9299
Epoch 19 Batch 400 Loss 0.2120 Accuracy 0.9299
Epoch 19 Batch 500 Loss 0.2119 Accuracy 0.9300
Epoch 19 Batch 600 Loss 0.2122 Accuracy 0.9299
Epoch 19 Batch 700 Loss 0.2120 Accuracy 0.9300
Epoch 19 Batch 800 Loss 0.2121 Accuracy 0.9299
Time taken for 1 epoch: 361.78 secs


Starting epoch 20
Epoch 20 Batch 0 Loss 0.2142 Accuracy 0.9290
Epoch 20 Batch 100 Loss 0.2073 Accuracy 0.9313
Epoch 20 Batch 200 Loss 0.2078 Accuracy 0.9313
Epoch 20 Batch 300 Loss 0.2077 Accuracy 0.9313
Epoch 20 Batch 400 Loss 0.2078 Accuracy 0.9312
Epoch 20 Batch 500 Loss 0.2081 Accuracy 0.9311
Epoch 20 Batch 600 Loss 0.2083 Accuracy 0.9311
Epoch 20 Batch 700 Loss 0.2084 Accuracy 0.9311
Epoch 20 Batch 800 Loss 0.2087 Accuracy 0.9310
Time taken for 1 epoch: 362.08 secs


Starting epoch 21
Epoch 21 Batch 0 Loss 0.1926 Accuracy 0.9380
Epoch 21 Batch 100 Loss 0.2072 Accuracy 0.9313
Epoch 21 Batch 200 Loss 0.2058 Accuracy 0.9319
Epoch 21 Batch 300 Loss 0.2057 Accuracy 0.9319
Epoch 21 Batch 400 Loss 0.2055 Accuracy 0.9320
Epoch 21 Batch 500 Loss 0.2057 Accuracy 0.9320
Epoch 21 Batch 600 Loss 0.2052 Accuracy 0.9321
Epoch 21 Batch 700 Loss 0.2054 Accuracy 0.9321
Epoch 21 Batch 800 Loss 0.2054 Accuracy 0.9321
Time taken for 1 epoch: 361.79 secs


Starting epoch 22
Epoch 22 Batch 0 Loss 0.1896 Accuracy 0.9371
Epoch 22 Batch 100 Loss 0.2030 Accuracy 0.9327
Epoch 22 Batch 200 Loss 0.2027 Accuracy 0.9329
Epoch 22 Batch 300 Loss 0.2031 Accuracy 0.9328
Epoch 22 Batch 400 Loss 0.2029 Accuracy 0.9329
Epoch 22 Batch 500 Loss 0.2028 Accuracy 0.9329
Epoch 22 Batch 600 Loss 0.2027 Accuracy 0.9329
Epoch 22 Batch 700 Loss 0.2025 Accuracy 0.9330
Epoch 22 Batch 800 Loss 0.2027 Accuracy 0.9330
Time taken for 1 epoch: 362.01 secs


Starting epoch 23
Epoch 23 Batch 0 Loss 0.2182 Accuracy 0.9302
Epoch 23 Batch 100 Loss 0.1981 Accuracy 0.9343
Epoch 23 Batch 200 Loss 0.1982 Accuracy 0.9344
Epoch 23 Batch 300 Loss 0.1996 Accuracy 0.9340
Epoch 23 Batch 400 Loss 0.1997 Accuracy 0.9339
Epoch 23 Batch 500 Loss 0.1998 Accuracy 0.9339
Epoch 23 Batch 600 Loss 0.1999 Accuracy 0.9339
Epoch 23 Batch 700 Loss 0.2003 Accuracy 0.9338
Epoch 23 Batch 800 Loss 0.2004 Accuracy 0.9337
Time taken for 1 epoch: 361.67 secs


Starting epoch 24
Epoch 24 Batch 0 Loss 0.1956 Accuracy 0.9349
Epoch 24 Batch 100 Loss 0.1968 Accuracy 0.9349
Epoch 24 Batch 200 Loss 0.1971 Accuracy 0.9347
Epoch 24 Batch 300 Loss 0.1965 Accuracy 0.9349
Epoch 24 Batch 400 Loss 0.1972 Accuracy 0.9347
Epoch 24 Batch 500 Loss 0.1973 Accuracy 0.9347
Epoch 24 Batch 600 Loss 0.1974 Accuracy 0.9347
Epoch 24 Batch 700 Loss 0.1978 Accuracy 0.9345
Epoch 24 Batch 800 Loss 0.1979 Accuracy 0.9345
Time taken for 1 epoch: 362.07 secs


Starting epoch 25
Epoch 25 Batch 0 Loss 0.1907 Accuracy 0.9357
Epoch 25 Batch 100 Loss 0.1933 Accuracy 0.9359
Epoch 25 Batch 200 Loss 0.1945 Accuracy 0.9356
Epoch 25 Batch 300 Loss 0.1945 Accuracy 0.9357
Epoch 25 Batch 400 Loss 0.1946 Accuracy 0.9357
Epoch 25 Batch 500 Loss 0.1952 Accuracy 0.9355
Epoch 25 Batch 600 Loss 0.1952 Accuracy 0.9354
Epoch 25 Batch 700 Loss 0.1954 Accuracy 0.9354
Epoch 25 Batch 800 Loss 0.1955 Accuracy 0.9353
Time taken for 1 epoch: 361.67 secs


Starting epoch 26
Epoch 26 Batch 0 Loss 0.1917 Accuracy 0.9343
Epoch 26 Batch 100 Loss 0.1913 Accuracy 0.9366
Epoch 26 Batch 200 Loss 0.1917 Accuracy 0.9366
Epoch 26 Batch 300 Loss 0.1927 Accuracy 0.9363
Epoch 26 Batch 400 Loss 0.1929 Accuracy 0.9361
Epoch 26 Batch 500 Loss 0.1931 Accuracy 0.9360
Epoch 26 Batch 600 Loss 0.1932 Accuracy 0.9360
Epoch 26 Batch 700 Loss 0.1936 Accuracy 0.9359
Epoch 26 Batch 800 Loss 0.1935 Accuracy 0.9360
Time taken for 1 epoch: 362.24 secs


Starting epoch 27
Epoch 27 Batch 0 Loss 0.1987 Accuracy 0.9344
Epoch 27 Batch 100 Loss 0.1914 Accuracy 0.9365
Epoch 27 Batch 200 Loss 0.1907 Accuracy 0.9368
Epoch 27 Batch 300 Loss 0.1905 Accuracy 0.9368
Epoch 27 Batch 400 Loss 0.1907 Accuracy 0.9367
Epoch 27 Batch 500 Loss 0.1908 Accuracy 0.9367
Epoch 27 Batch 600 Loss 0.1913 Accuracy 0.9365
Epoch 27 Batch 700 Loss 0.1916 Accuracy 0.9365
Epoch 27 Batch 800 Loss 0.1916 Accuracy 0.9365
Time taken for 1 epoch: 362.17 secs


Starting epoch 28
Epoch 28 Batch 0 Loss 0.1841 Accuracy 0.9405
Epoch 28 Batch 100 Loss 0.1888 Accuracy 0.9374
Epoch 28 Batch 200 Loss 0.1885 Accuracy 0.9376
Epoch 28 Batch 300 Loss 0.1892 Accuracy 0.9373
Epoch 28 Batch 400 Loss 0.1891 Accuracy 0.9374
Epoch 28 Batch 500 Loss 0.1894 Accuracy 0.9373
Epoch 28 Batch 600 Loss 0.1896 Accuracy 0.9373
Epoch 28 Batch 700 Loss 0.1897 Accuracy 0.9372
Epoch 28 Batch 800 Loss 0.1898 Accuracy 0.9372
Time taken for 1 epoch: 361.84 secs


Starting epoch 29
Epoch 29 Batch 0 Loss 0.1854 Accuracy 0.9376
Epoch 29 Batch 100 Loss 0.1870 Accuracy 0.9379
Epoch 29 Batch 200 Loss 0.1875 Accuracy 0.9378
Epoch 29 Batch 300 Loss 0.1874 Accuracy 0.9379
Epoch 29 Batch 400 Loss 0.1876 Accuracy 0.9379
Epoch 29 Batch 500 Loss 0.1883 Accuracy 0.9377
Epoch 29 Batch 600 Loss 0.1880 Accuracy 0.9377
Epoch 29 Batch 700 Loss 0.1882 Accuracy 0.9377
Epoch 29 Batch 800 Loss 0.1882 Accuracy 0.9377
Time taken for 1 epoch: 362.03 secs


Starting epoch 30
Epoch 30 Batch 0 Loss 0.1781 Accuracy 0.9404
Epoch 30 Batch 100 Loss 0.1851 Accuracy 0.9386
Epoch 30 Batch 200 Loss 0.1852 Accuracy 0.9386
Epoch 30 Batch 300 Loss 0.1860 Accuracy 0.9383
Epoch 30 Batch 400 Loss 0.1861 Accuracy 0.9383
Epoch 30 Batch 500 Loss 0.1860 Accuracy 0.9383
Epoch 30 Batch 600 Loss 0.1862 Accuracy 0.9383
Epoch 30 Batch 700 Loss 0.1864 Accuracy 0.9382
Epoch 30 Batch 800 Loss 0.1864 Accuracy 0.9382
Time taken for 1 epoch: 362.16 secs


Starting epoch 31
Epoch 31 Batch 0 Loss 0.1672 Accuracy 0.9436
Epoch 31 Batch 100 Loss 0.1835 Accuracy 0.9392
Epoch 31 Batch 200 Loss 0.1833 Accuracy 0.9392
Epoch 31 Batch 300 Loss 0.1839 Accuracy 0.9390
Epoch 31 Batch 400 Loss 0.1839 Accuracy 0.9390
Epoch 31 Batch 500 Loss 0.1845 Accuracy 0.9388
Epoch 31 Batch 600 Loss 0.1846 Accuracy 0.9388
Epoch 31 Batch 700 Loss 0.1849 Accuracy 0.9388
Epoch 31 Batch 800 Loss 0.1849 Accuracy 0.9388
Time taken for 1 epoch: 362.27 secs


Starting epoch 32
Epoch 32 Batch 0 Loss 0.1781 Accuracy 0.9420
Epoch 32 Batch 100 Loss 0.1815 Accuracy 0.9398
Epoch 32 Batch 200 Loss 0.1820 Accuracy 0.9397
Epoch 32 Batch 300 Loss 0.1816 Accuracy 0.9399
Epoch 32 Batch 400 Loss 0.1818 Accuracy 0.9397
Epoch 32 Batch 500 Loss 0.1824 Accuracy 0.9396
Epoch 32 Batch 600 Loss 0.1827 Accuracy 0.9395
Epoch 32 Batch 700 Loss 0.1832 Accuracy 0.9393
Epoch 32 Batch 800 Loss 0.1833 Accuracy 0.9392
Time taken for 1 epoch: 361.99 secs


Starting epoch 33
Epoch 33 Batch 0 Loss 0.1708 Accuracy 0.9428
Epoch 33 Batch 100 Loss 0.1809 Accuracy 0.9398
Epoch 33 Batch 200 Loss 0.1817 Accuracy 0.9396
Epoch 33 Batch 300 Loss 0.1822 Accuracy 0.9395
Epoch 33 Batch 400 Loss 0.1824 Accuracy 0.9395
Epoch 33 Batch 500 Loss 0.1822 Accuracy 0.9396
Epoch 33 Batch 600 Loss 0.1823 Accuracy 0.9396
Epoch 33 Batch 700 Loss 0.1822 Accuracy 0.9396
Epoch 33 Batch 800 Loss 0.1823 Accuracy 0.9396
Time taken for 1 epoch: 361.86 secs


Starting epoch 34
Epoch 34 Batch 0 Loss 0.1752 Accuracy 0.9429
Epoch 34 Batch 100 Loss 0.1773 Accuracy 0.9413
Epoch 34 Batch 200 Loss 0.1790 Accuracy 0.9407
Epoch 34 Batch 300 Loss 0.1799 Accuracy 0.9403
Epoch 34 Batch 400 Loss 0.1802 Accuracy 0.9403
Epoch 34 Batch 500 Loss 0.1803 Accuracy 0.9402
Epoch 34 Batch 600 Loss 0.1805 Accuracy 0.9401
Epoch 34 Batch 700 Loss 0.1806 Accuracy 0.9401
Epoch 34 Batch 800 Loss 0.1808 Accuracy 0.9400
Time taken for 1 epoch: 362.03 secs


Starting epoch 35
Epoch 35 Batch 0 Loss 0.1711 Accuracy 0.9432
Epoch 35 Batch 100 Loss 0.1777 Accuracy 0.9408
Epoch 35 Batch 200 Loss 0.1786 Accuracy 0.9407
Epoch 35 Batch 300 Loss 0.1792 Accuracy 0.9406
Epoch 35 Batch 400 Loss 0.1793 Accuracy 0.9406
Epoch 35 Batch 500 Loss 0.1792 Accuracy 0.9406
Epoch 35 Batch 600 Loss 0.1794 Accuracy 0.9405
Epoch 35 Batch 700 Loss 0.1794 Accuracy 0.9405
Epoch 35 Batch 800 Loss 0.1796 Accuracy 0.9404
Time taken for 1 epoch: 361.90 secs


Starting epoch 36
Epoch 36 Batch 0 Loss 0.1699 Accuracy 0.9416
Epoch 36 Batch 100 Loss 0.1771 Accuracy 0.9412
Epoch 36 Batch 200 Loss 0.1774 Accuracy 0.9411
Epoch 36 Batch 300 Loss 0.1771 Accuracy 0.9412
Epoch 36 Batch 400 Loss 0.1779 Accuracy 0.9409
Epoch 36 Batch 500 Loss 0.1779 Accuracy 0.9409
Epoch 36 Batch 600 Loss 0.1780 Accuracy 0.9408
Epoch 36 Batch 700 Loss 0.1783 Accuracy 0.9408
Epoch 36 Batch 800 Loss 0.1785 Accuracy 0.9407
Time taken for 1 epoch: 362.05 secs


Starting epoch 37
Epoch 37 Batch 0 Loss 0.1732 Accuracy 0.9433
Epoch 37 Batch 100 Loss 0.1759 Accuracy 0.9416
Epoch 37 Batch 200 Loss 0.1761 Accuracy 0.9416
Epoch 37 Batch 300 Loss 0.1763 Accuracy 0.9416
Epoch 37 Batch 400 Loss 0.1765 Accuracy 0.9415
Epoch 37 Batch 500 Loss 0.1767 Accuracy 0.9414
Epoch 37 Batch 600 Loss 0.1768 Accuracy 0.9414
Epoch 37 Batch 700 Loss 0.1771 Accuracy 0.9413
Epoch 37 Batch 800 Loss 0.1772 Accuracy 0.9412
Time taken for 1 epoch: 362.23 secs


Starting epoch 38
Epoch 38 Batch 0 Loss 0.1598 Accuracy 0.9457
Epoch 38 Batch 100 Loss 0.1745 Accuracy 0.9422
Epoch 38 Batch 200 Loss 0.1744 Accuracy 0.9422
Epoch 38 Batch 300 Loss 0.1751 Accuracy 0.9419
Epoch 38 Batch 400 Loss 0.1754 Accuracy 0.9417
Epoch 38 Batch 500 Loss 0.1759 Accuracy 0.9417
Epoch 38 Batch 600 Loss 0.1758 Accuracy 0.9417
Epoch 38 Batch 700 Loss 0.1760 Accuracy 0.9416
Epoch 38 Batch 800 Loss 0.1763 Accuracy 0.9416
Time taken for 1 epoch: 361.91 secs


Starting epoch 39
Epoch 39 Batch 0 Loss 0.1702 Accuracy 0.9435
Epoch 39 Batch 100 Loss 0.1732 Accuracy 0.9424
Epoch 39 Batch 200 Loss 0.1738 Accuracy 0.9423
Epoch 39 Batch 300 Loss 0.1744 Accuracy 0.9421
Epoch 39 Batch 400 Loss 0.1746 Accuracy 0.9420
Epoch 39 Batch 500 Loss 0.1745 Accuracy 0.9421
Epoch 39 Batch 600 Loss 0.1745 Accuracy 0.9420
Epoch 39 Batch 700 Loss 0.1748 Accuracy 0.9420
Epoch 39 Batch 800 Loss 0.1749 Accuracy 0.9419
Time taken for 1 epoch: 361.75 secs


Starting epoch 40
Epoch 40 Batch 0 Loss 0.1673 Accuracy 0.9460
Epoch 40 Batch 100 Loss 0.1743 Accuracy 0.9421
Epoch 40 Batch 200 Loss 0.1737 Accuracy 0.9424
Epoch 40 Batch 300 Loss 0.1737 Accuracy 0.9424
Epoch 40 Batch 400 Loss 0.1737 Accuracy 0.9424
Epoch 40 Batch 500 Loss 0.1733 Accuracy 0.9425
Epoch 40 Batch 600 Loss 0.1731 Accuracy 0.9426
Epoch 40 Batch 700 Loss 0.1737 Accuracy 0.9424
Epoch 40 Batch 800 Loss 0.1740 Accuracy 0.9423
Time taken for 1 epoch: 362.13 secs


Starting epoch 41
Epoch 41 Batch 0 Loss 0.1761 Accuracy 0.9421
Epoch 41 Batch 100 Loss 0.1703 Accuracy 0.9434
Epoch 41 Batch 200 Loss 0.1719 Accuracy 0.9430
Epoch 41 Batch 300 Loss 0.1721 Accuracy 0.9429
Epoch 41 Batch 400 Loss 0.1721 Accuracy 0.9429
Epoch 41 Batch 500 Loss 0.1722 Accuracy 0.9428
Epoch 41 Batch 600 Loss 0.1727 Accuracy 0.9427
Epoch 41 Batch 700 Loss 0.1729 Accuracy 0.9426
Epoch 41 Batch 800 Loss 0.1733 Accuracy 0.9425
Time taken for 1 epoch: 361.88 secs


Starting epoch 42
Epoch 42 Batch 0 Loss 0.1761 Accuracy 0.9422
Epoch 42 Batch 100 Loss 0.1702 Accuracy 0.9435
Epoch 42 Batch 200 Loss 0.1709 Accuracy 0.9432
Epoch 42 Batch 300 Loss 0.1712 Accuracy 0.9431
Epoch 42 Batch 400 Loss 0.1717 Accuracy 0.9430
Epoch 42 Batch 500 Loss 0.1719 Accuracy 0.9429
Epoch 42 Batch 600 Loss 0.1720 Accuracy 0.9429
Epoch 42 Batch 700 Loss 0.1720 Accuracy 0.9429
Epoch 42 Batch 800 Loss 0.1722 Accuracy 0.9428
Time taken for 1 epoch: 362.12 secs


Starting epoch 43
Epoch 43 Batch 0 Loss 0.1663 Accuracy 0.9439
Epoch 43 Batch 100 Loss 0.1692 Accuracy 0.9438
Epoch 43 Batch 200 Loss 0.1690 Accuracy 0.9438
Epoch 43 Batch 300 Loss 0.1691 Accuracy 0.9438
Epoch 43 Batch 400 Loss 0.1698 Accuracy 0.9435
Epoch 43 Batch 500 Loss 0.1703 Accuracy 0.9434
Epoch 43 Batch 600 Loss 0.1706 Accuracy 0.9433
Epoch 43 Batch 700 Loss 0.1710 Accuracy 0.9432
Epoch 43 Batch 800 Loss 0.1712 Accuracy 0.9431
Time taken for 1 epoch: 361.67 secs


Starting epoch 44
Epoch 44 Batch 0 Loss 0.1731 Accuracy 0.9440
Epoch 44 Batch 100 Loss 0.1685 Accuracy 0.9438
Epoch 44 Batch 200 Loss 0.1697 Accuracy 0.9436
Epoch 44 Batch 300 Loss 0.1702 Accuracy 0.9434
Epoch 44 Batch 400 Loss 0.1707 Accuracy 0.9433
Epoch 44 Batch 500 Loss 0.1702 Accuracy 0.9434
Epoch 44 Batch 600 Loss 0.1702 Accuracy 0.9434
Epoch 44 Batch 700 Loss 0.1704 Accuracy 0.9434
Epoch 44 Batch 800 Loss 0.1706 Accuracy 0.9433
Time taken for 1 epoch: 362.02 secs


Starting epoch 45
Epoch 45 Batch 0 Loss 0.1620 Accuracy 0.9458
Epoch 45 Batch 100 Loss 0.1675 Accuracy 0.9442
Epoch 45 Batch 200 Loss 0.1676 Accuracy 0.9443
Epoch 45 Batch 300 Loss 0.1679 Accuracy 0.9442
Epoch 45 Batch 400 Loss 0.1688 Accuracy 0.9439
Epoch 45 Batch 500 Loss 0.1688 Accuracy 0.9439
Epoch 45 Batch 600 Loss 0.1690 Accuracy 0.9438
Epoch 45 Batch 700 Loss 0.1691 Accuracy 0.9438
Epoch 45 Batch 800 Loss 0.1695 Accuracy 0.9437
Time taken for 1 epoch: 362.09 secs


Starting epoch 46
Epoch 46 Batch 0 Loss 0.1489 Accuracy 0.9495
Epoch 46 Batch 100 Loss 0.1660 Accuracy 0.9447
Epoch 46 Batch 200 Loss 0.1664 Accuracy 0.9446
Epoch 46 Batch 300 Loss 0.1672 Accuracy 0.9444
Epoch 46 Batch 400 Loss 0.1674 Accuracy 0.9443
Epoch 46 Batch 500 Loss 0.1680 Accuracy 0.9442
Epoch 46 Batch 600 Loss 0.1681 Accuracy 0.9441
Epoch 46 Batch 700 Loss 0.1685 Accuracy 0.9440
Epoch 46 Batch 800 Loss 0.1688 Accuracy 0.9439
Time taken for 1 epoch: 362.10 secs


Starting epoch 47
Epoch 47 Batch 0 Loss 0.1749 Accuracy 0.9417
Epoch 47 Batch 100 Loss 0.1671 Accuracy 0.9444
Epoch 47 Batch 200 Loss 0.1672 Accuracy 0.9444
Epoch 47 Batch 300 Loss 0.1676 Accuracy 0.9443
Epoch 47 Batch 400 Loss 0.1676 Accuracy 0.9443
Epoch 47 Batch 500 Loss 0.1677 Accuracy 0.9444
Epoch 47 Batch 600 Loss 0.1678 Accuracy 0.9443
Epoch 47 Batch 700 Loss 0.1678 Accuracy 0.9443
Epoch 47 Batch 800 Loss 0.1682 Accuracy 0.9441
Time taken for 1 epoch: 362.00 secs


Starting epoch 48
Epoch 48 Batch 0 Loss 0.1722 Accuracy 0.9444
Epoch 48 Batch 100 Loss 0.1659 Accuracy 0.9448
Epoch 48 Batch 200 Loss 0.1662 Accuracy 0.9446
Epoch 48 Batch 300 Loss 0.1665 Accuracy 0.9446
Epoch 48 Batch 400 Loss 0.1666 Accuracy 0.9446
Epoch 48 Batch 500 Loss 0.1672 Accuracy 0.9444
Epoch 48 Batch 600 Loss 0.1674 Accuracy 0.9443
Epoch 48 Batch 700 Loss 0.1673 Accuracy 0.9444
Epoch 48 Batch 800 Loss 0.1676 Accuracy 0.9443
Time taken for 1 epoch: 362.14 secs


Starting epoch 49
Epoch 49 Batch 0 Loss 0.1708 Accuracy 0.9425
Epoch 49 Batch 100 Loss 0.1651 Accuracy 0.9452
Epoch 49 Batch 200 Loss 0.1649 Accuracy 0.9452
Epoch 49 Batch 300 Loss 0.1654 Accuracy 0.9450
Epoch 49 Batch 400 Loss 0.1660 Accuracy 0.9448
Epoch 49 Batch 500 Loss 0.1661 Accuracy 0.9447
Epoch 49 Batch 600 Loss 0.1664 Accuracy 0.9447
Epoch 49 Batch 700 Loss 0.1667 Accuracy 0.9446
Epoch 49 Batch 800 Loss 0.1666 Accuracy 0.9446
Time taken for 1 epoch: 362.00 secs


Starting epoch 50
Epoch 50 Batch 0 Loss 0.1524 Accuracy 0.9480
Epoch 50 Batch 100 Loss 0.1646 Accuracy 0.9452
Epoch 50 Batch 200 Loss 0.1653 Accuracy 0.9450
Epoch 50 Batch 300 Loss 0.1647 Accuracy 0.9451
Epoch 50 Batch 400 Loss 0.1649 Accuracy 0.9451
Epoch 50 Batch 500 Loss 0.1655 Accuracy 0.9449
Epoch 50 Batch 600 Loss 0.1655 Accuracy 0.9449
Epoch 50 Batch 700 Loss 0.1656 Accuracy 0.9449
Epoch 50 Batch 800 Loss 0.1660 Accuracy 0.9448
Time taken for 1 epoch: 361.95 secs


Starting epoch 51
Epoch 51 Batch 0 Loss 0.1564 Accuracy 0.9461
Epoch 51 Batch 100 Loss 0.1615 Accuracy 0.9464
Epoch 51 Batch 200 Loss 0.1631 Accuracy 0.9458
Epoch 51 Batch 300 Loss 0.1632 Accuracy 0.9457
Epoch 51 Batch 400 Loss 0.1642 Accuracy 0.9454
Epoch 51 Batch 500 Loss 0.1647 Accuracy 0.9452
Epoch 51 Batch 600 Loss 0.1650 Accuracy 0.9451
Epoch 51 Batch 700 Loss 0.1651 Accuracy 0.9451
Epoch 51 Batch 800 Loss 0.1651 Accuracy 0.9451
Time taken for 1 epoch: 362.16 secs


Starting epoch 52
Epoch 52 Batch 0 Loss 0.1565 Accuracy 0.9470
Epoch 52 Batch 100 Loss 0.1644 Accuracy 0.9454
Epoch 52 Batch 200 Loss 0.1638 Accuracy 0.9454
Epoch 52 Batch 300 Loss 0.1639 Accuracy 0.9454
Epoch 52 Batch 400 Loss 0.1638 Accuracy 0.9455
Epoch 52 Batch 500 Loss 0.1644 Accuracy 0.9453
Epoch 52 Batch 600 Loss 0.1642 Accuracy 0.9454
Epoch 52 Batch 700 Loss 0.1641 Accuracy 0.9454
Epoch 52 Batch 800 Loss 0.1646 Accuracy 0.9452
Time taken for 1 epoch: 362.06 secs


Starting epoch 53
Epoch 53 Batch 0 Loss 0.1590 Accuracy 0.9481
Epoch 53 Batch 100 Loss 0.1621 Accuracy 0.9461
Epoch 53 Batch 200 Loss 0.1636 Accuracy 0.9455
Epoch 53 Batch 300 Loss 0.1634 Accuracy 0.9455
Epoch 53 Batch 400 Loss 0.1633 Accuracy 0.9456
Epoch 53 Batch 500 Loss 0.1634 Accuracy 0.9456
Epoch 53 Batch 600 Loss 0.1634 Accuracy 0.9457
Epoch 53 Batch 700 Loss 0.1638 Accuracy 0.9455
Epoch 53 Batch 800 Loss 0.1639 Accuracy 0.9455
Time taken for 1 epoch: 362.10 secs


Starting epoch 54
Epoch 54 Batch 0 Loss 0.1617 Accuracy 0.9463
Epoch 54 Batch 100 Loss 0.1615 Accuracy 0.9461
Epoch 54 Batch 200 Loss 0.1620 Accuracy 0.9460
Epoch 54 Batch 300 Loss 0.1620 Accuracy 0.9460
Epoch 54 Batch 400 Loss 0.1624 Accuracy 0.9459
Epoch 54 Batch 500 Loss 0.1627 Accuracy 0.9458
Epoch 54 Batch 600 Loss 0.1626 Accuracy 0.9459
Epoch 54 Batch 700 Loss 0.1628 Accuracy 0.9458
Epoch 54 Batch 800 Loss 0.1631 Accuracy 0.9457
Time taken for 1 epoch: 362.07 secs


Starting epoch 55
Epoch 55 Batch 0 Loss 0.1602 Accuracy 0.9467
Epoch 55 Batch 100 Loss 0.1616 Accuracy 0.9461
Epoch 55 Batch 200 Loss 0.1613 Accuracy 0.9463
Epoch 55 Batch 300 Loss 0.1616 Accuracy 0.9461
Epoch 55 Batch 400 Loss 0.1615 Accuracy 0.9462
Epoch 55 Batch 500 Loss 0.1620 Accuracy 0.9460
Epoch 55 Batch 600 Loss 0.1624 Accuracy 0.9459
Epoch 55 Batch 700 Loss 0.1626 Accuracy 0.9459
Epoch 55 Batch 800 Loss 0.1629 Accuracy 0.9458
Time taken for 1 epoch: 362.14 secs


Starting epoch 56
Epoch 56 Batch 0 Loss 0.1485 Accuracy 0.9511
Epoch 56 Batch 100 Loss 0.1610 Accuracy 0.9465
Epoch 56 Batch 200 Loss 0.1608 Accuracy 0.9465
Epoch 56 Batch 300 Loss 0.1615 Accuracy 0.9463
Epoch 56 Batch 400 Loss 0.1618 Accuracy 0.9462
Epoch 56 Batch 500 Loss 0.1620 Accuracy 0.9461
Epoch 56 Batch 600 Loss 0.1621 Accuracy 0.9461
Epoch 56 Batch 700 Loss 0.1621 Accuracy 0.9460
Epoch 56 Batch 800 Loss 0.1622 Accuracy 0.9460
Time taken for 1 epoch: 361.98 secs


Starting epoch 57
Epoch 57 Batch 0 Loss 0.1611 Accuracy 0.9458
Epoch 57 Batch 100 Loss 0.1594 Accuracy 0.9468
Epoch 57 Batch 200 Loss 0.1603 Accuracy 0.9465
Epoch 57 Batch 300 Loss 0.1605 Accuracy 0.9465
Epoch 57 Batch 400 Loss 0.1609 Accuracy 0.9464
Epoch 57 Batch 500 Loss 0.1610 Accuracy 0.9463
Epoch 57 Batch 600 Loss 0.1613 Accuracy 0.9463
Epoch 57 Batch 700 Loss 0.1616 Accuracy 0.9462
Epoch 57 Batch 800 Loss 0.1617 Accuracy 0.9462
Time taken for 1 epoch: 362.03 secs


Starting epoch 58
Epoch 58 Batch 0 Loss 0.1383 Accuracy 0.9532
Epoch 58 Batch 100 Loss 0.1582 Accuracy 0.9471
Epoch 58 Batch 200 Loss 0.1594 Accuracy 0.9467
Epoch 58 Batch 300 Loss 0.1602 Accuracy 0.9466
Epoch 58 Batch 400 Loss 0.1605 Accuracy 0.9464
Epoch 58 Batch 500 Loss 0.1609 Accuracy 0.9463
Epoch 58 Batch 600 Loss 0.1610 Accuracy 0.9463
Epoch 58 Batch 700 Loss 0.1609 Accuracy 0.9464
Epoch 58 Batch 800 Loss 0.1610 Accuracy 0.9463
Time taken for 1 epoch: 362.08 secs


Starting epoch 59
Epoch 59 Batch 0 Loss 0.1522 Accuracy 0.9506
Epoch 59 Batch 100 Loss 0.1575 Accuracy 0.9474
Epoch 59 Batch 200 Loss 0.1579 Accuracy 0.9473
Epoch 59 Batch 300 Loss 0.1587 Accuracy 0.9471
Epoch 59 Batch 400 Loss 0.1595 Accuracy 0.9468
Epoch 59 Batch 500 Loss 0.1597 Accuracy 0.9468
Epoch 59 Batch 600 Loss 0.1601 Accuracy 0.9467
Epoch 59 Batch 700 Loss 0.1601 Accuracy 0.9466
Epoch 59 Batch 800 Loss 0.1605 Accuracy 0.9465
Time taken for 1 epoch: 361.93 secs


Starting epoch 60
Epoch 60 Batch 0 Loss 0.1465 Accuracy 0.9517
Epoch 60 Batch 100 Loss 0.1598 Accuracy 0.9467
Epoch 60 Batch 200 Loss 0.1592 Accuracy 0.9470
Epoch 60 Batch 300 Loss 0.1593 Accuracy 0.9469
Epoch 60 Batch 400 Loss 0.1594 Accuracy 0.9469
Epoch 60 Batch 500 Loss 0.1595 Accuracy 0.9469
Epoch 60 Batch 600 Loss 0.1595 Accuracy 0.9468
Epoch 60 Batch 700 Loss 0.1596 Accuracy 0.9469
Epoch 60 Batch 800 Loss 0.1599 Accuracy 0.9468
Time taken for 1 epoch: 361.99 secs


Starting epoch 61
Epoch 61 Batch 0 Loss 0.1469 Accuracy 0.9501
Epoch 61 Batch 100 Loss 0.1581 Accuracy 0.9472
Epoch 61 Batch 200 Loss 0.1577 Accuracy 0.9474
Epoch 61 Batch 300 Loss 0.1581 Accuracy 0.9473
Epoch 61 Batch 400 Loss 0.1586 Accuracy 0.9471
Epoch 61 Batch 500 Loss 0.1589 Accuracy 0.9470
Epoch 61 Batch 600 Loss 0.1591 Accuracy 0.9470
Epoch 61 Batch 700 Loss 0.1591 Accuracy 0.9470
Epoch 61 Batch 800 Loss 0.1594 Accuracy 0.9469
Time taken for 1 epoch: 362.13 secs


Starting epoch 62
Epoch 62 Batch 0 Loss 0.1522 Accuracy 0.9507
Epoch 62 Batch 100 Loss 0.1551 Accuracy 0.9482
Epoch 62 Batch 200 Loss 0.1568 Accuracy 0.9477
Epoch 62 Batch 300 Loss 0.1579 Accuracy 0.9473
Epoch 62 Batch 400 Loss 0.1582 Accuracy 0.9473
Epoch 62 Batch 500 Loss 0.1586 Accuracy 0.9471
Epoch 62 Batch 600 Loss 0.1586 Accuracy 0.9471
Epoch 62 Batch 700 Loss 0.1588 Accuracy 0.9471
Epoch 62 Batch 800 Loss 0.1591 Accuracy 0.9470
Time taken for 1 epoch: 361.74 secs


Starting epoch 63
Epoch 63 Batch 0 Loss 0.1556 Accuracy 0.9459
Epoch 63 Batch 100 Loss 0.1554 Accuracy 0.9481
Epoch 63 Batch 200 Loss 0.1567 Accuracy 0.9478
Epoch 63 Batch 300 Loss 0.1569 Accuracy 0.9477
Epoch 63 Batch 400 Loss 0.1573 Accuracy 0.9475
Epoch 63 Batch 500 Loss 0.1578 Accuracy 0.9474
Epoch 63 Batch 600 Loss 0.1580 Accuracy 0.9473
Epoch 63 Batch 700 Loss 0.1581 Accuracy 0.9473
Epoch 63 Batch 800 Loss 0.1582 Accuracy 0.9473
Time taken for 1 epoch: 361.88 secs


Starting epoch 64
Epoch 64 Batch 0 Loss 0.1547 Accuracy 0.9481
Epoch 64 Batch 100 Loss 0.1551 Accuracy 0.9483
Epoch 64 Batch 200 Loss 0.1562 Accuracy 0.9479
Epoch 64 Batch 300 Loss 0.1558 Accuracy 0.9481
Epoch 64 Batch 400 Loss 0.1566 Accuracy 0.9478
Epoch 64 Batch 500 Loss 0.1572 Accuracy 0.9476
Epoch 64 Batch 600 Loss 0.1574 Accuracy 0.9476
Epoch 64 Batch 700 Loss 0.1578 Accuracy 0.9474
Epoch 64 Batch 800 Loss 0.1579 Accuracy 0.9474
Time taken for 1 epoch: 362.04 secs


Starting epoch 65
Epoch 65 Batch 0 Loss 0.1623 Accuracy 0.9480
Epoch 65 Batch 100 Loss 0.1561 Accuracy 0.9478
Epoch 65 Batch 200 Loss 0.1566 Accuracy 0.9477
Epoch 65 Batch 300 Loss 0.1564 Accuracy 0.9478
Epoch 65 Batch 400 Loss 0.1566 Accuracy 0.9477
Epoch 65 Batch 500 Loss 0.1571 Accuracy 0.9476
Epoch 65 Batch 600 Loss 0.1570 Accuracy 0.9476
Epoch 65 Batch 700 Loss 0.1572 Accuracy 0.9475
Epoch 65 Batch 800 Loss 0.1574 Accuracy 0.9475
Time taken for 1 epoch: 362.02 secs


Starting epoch 66
Epoch 66 Batch 0 Loss 0.1539 Accuracy 0.9496
Epoch 66 Batch 100 Loss 0.1547 Accuracy 0.9485
Epoch 66 Batch 200 Loss 0.1551 Accuracy 0.9484
Epoch 66 Batch 300 Loss 0.1558 Accuracy 0.9481
Epoch 66 Batch 400 Loss 0.1563 Accuracy 0.9479
Epoch 66 Batch 500 Loss 0.1566 Accuracy 0.9478
Epoch 66 Batch 600 Loss 0.1569 Accuracy 0.9477
Epoch 66 Batch 700 Loss 0.1570 Accuracy 0.9477
Epoch 66 Batch 800 Loss 0.1572 Accuracy 0.9476
Time taken for 1 epoch: 361.94 secs


Starting epoch 67
Epoch 67 Batch 0 Loss 0.1643 Accuracy 0.9452
Epoch 67 Batch 100 Loss 0.1546 Accuracy 0.9483
Epoch 67 Batch 200 Loss 0.1552 Accuracy 0.9482
Epoch 67 Batch 300 Loss 0.1552 Accuracy 0.9482
Epoch 67 Batch 400 Loss 0.1559 Accuracy 0.9481
Epoch 67 Batch 500 Loss 0.1559 Accuracy 0.9481
Epoch 67 Batch 600 Loss 0.1562 Accuracy 0.9480
Epoch 67 Batch 700 Loss 0.1563 Accuracy 0.9480
Epoch 67 Batch 800 Loss 0.1564 Accuracy 0.9479
Time taken for 1 epoch: 361.84 secs


Starting epoch 68
Epoch 68 Batch 0 Loss 0.1521 Accuracy 0.9502
Epoch 68 Batch 100 Loss 0.1547 Accuracy 0.9483
Epoch 68 Batch 200 Loss 0.1552 Accuracy 0.9482
Epoch 68 Batch 300 Loss 0.1556 Accuracy 0.9480
Epoch 68 Batch 400 Loss 0.1559 Accuracy 0.9480
Epoch 68 Batch 500 Loss 0.1559 Accuracy 0.9480
Epoch 68 Batch 600 Loss 0.1558 Accuracy 0.9480
Epoch 68 Batch 700 Loss 0.1562 Accuracy 0.9479
Epoch 68 Batch 800 Loss 0.1563 Accuracy 0.9479
Time taken for 1 epoch: 362.16 secs


Starting epoch 69
Epoch 69 Batch 0 Loss 0.1510 Accuracy 0.9499
Epoch 69 Batch 100 Loss 0.1536 Accuracy 0.9488
Epoch 69 Batch 200 Loss 0.1540 Accuracy 0.9485
Epoch 69 Batch 300 Loss 0.1545 Accuracy 0.9485
Epoch 69 Batch 400 Loss 0.1553 Accuracy 0.9482
Epoch 69 Batch 500 Loss 0.1553 Accuracy 0.9482
Epoch 69 Batch 600 Loss 0.1554 Accuracy 0.9482
Epoch 69 Batch 700 Loss 0.1555 Accuracy 0.9481
Epoch 69 Batch 800 Loss 0.1557 Accuracy 0.9481
Time taken for 1 epoch: 361.74 secs


Starting epoch 70
Epoch 70 Batch 0 Loss 0.1459 Accuracy 0.9501
Epoch 70 Batch 100 Loss 0.1524 Accuracy 0.9492
Epoch 70 Batch 200 Loss 0.1532 Accuracy 0.9489
Epoch 70 Batch 300 Loss 0.1535 Accuracy 0.9488
Epoch 70 Batch 400 Loss 0.1540 Accuracy 0.9486
Epoch 70 Batch 500 Loss 0.1547 Accuracy 0.9484
Epoch 70 Batch 600 Loss 0.1547 Accuracy 0.9484
Epoch 70 Batch 700 Loss 0.1550 Accuracy 0.9483
Epoch 70 Batch 800 Loss 0.1553 Accuracy 0.9482
Time taken for 1 epoch: 362.20 secs


Starting epoch 71
Epoch 71 Batch 0 Loss 0.1646 Accuracy 0.9461
Epoch 71 Batch 100 Loss 0.1534 Accuracy 0.9486
Epoch 71 Batch 200 Loss 0.1543 Accuracy 0.9484
Epoch 71 Batch 300 Loss 0.1543 Accuracy 0.9484
Epoch 71 Batch 400 Loss 0.1547 Accuracy 0.9483
Epoch 71 Batch 500 Loss 0.1548 Accuracy 0.9483
Epoch 71 Batch 600 Loss 0.1549 Accuracy 0.9483
Epoch 71 Batch 700 Loss 0.1547 Accuracy 0.9484
Epoch 71 Batch 800 Loss 0.1548 Accuracy 0.9483
Time taken for 1 epoch: 361.85 secs


Starting epoch 72
Epoch 72 Batch 0 Loss 0.1656 Accuracy 0.9462
Epoch 72 Batch 100 Loss 0.1535 Accuracy 0.9488
Epoch 72 Batch 200 Loss 0.1539 Accuracy 0.9486
Epoch 72 Batch 300 Loss 0.1539 Accuracy 0.9486
Epoch 72 Batch 400 Loss 0.1539 Accuracy 0.9487
Epoch 72 Batch 500 Loss 0.1541 Accuracy 0.9486
Epoch 72 Batch 600 Loss 0.1541 Accuracy 0.9486
Epoch 72 Batch 700 Loss 0.1543 Accuracy 0.9485
Epoch 72 Batch 800 Loss 0.1545 Accuracy 0.9485
Time taken for 1 epoch: 362.21 secs


Starting epoch 73
Epoch 73 Batch 0 Loss 0.1529 Accuracy 0.9487
Epoch 73 Batch 100 Loss 0.1512 Accuracy 0.9495
Epoch 73 Batch 200 Loss 0.1518 Accuracy 0.9494
Epoch 73 Batch 300 Loss 0.1523 Accuracy 0.9492
Epoch 73 Batch 400 Loss 0.1529 Accuracy 0.9490
Epoch 73 Batch 500 Loss 0.1534 Accuracy 0.9488
Epoch 73 Batch 600 Loss 0.1536 Accuracy 0.9488
Epoch 73 Batch 700 Loss 0.1539 Accuracy 0.9487
Epoch 73 Batch 800 Loss 0.1539 Accuracy 0.9487
Time taken for 1 epoch: 361.68 secs


Starting epoch 74
Epoch 74 Batch 0 Loss 0.1627 Accuracy 0.9446
Epoch 74 Batch 100 Loss 0.1512 Accuracy 0.9495
Epoch 74 Batch 200 Loss 0.1521 Accuracy 0.9492
Epoch 74 Batch 300 Loss 0.1525 Accuracy 0.9490
Epoch 74 Batch 400 Loss 0.1530 Accuracy 0.9488
Epoch 74 Batch 500 Loss 0.1530 Accuracy 0.9488
Epoch 74 Batch 600 Loss 0.1533 Accuracy 0.9488
Epoch 74 Batch 700 Loss 0.1534 Accuracy 0.9488
Epoch 74 Batch 800 Loss 0.1536 Accuracy 0.9487
Time taken for 1 epoch: 362.21 secs


Starting epoch 75
Epoch 75 Batch 0 Loss 0.1647 Accuracy 0.9445
Epoch 75 Batch 100 Loss 0.1508 Accuracy 0.9496
Epoch 75 Batch 200 Loss 0.1516 Accuracy 0.9494
Epoch 75 Batch 300 Loss 0.1522 Accuracy 0.9491
Epoch 75 Batch 400 Loss 0.1526 Accuracy 0.9490
Epoch 75 Batch 500 Loss 0.1530 Accuracy 0.9489
Epoch 75 Batch 600 Loss 0.1533 Accuracy 0.9488
Epoch 75 Batch 700 Loss 0.1532 Accuracy 0.9488
Epoch 75 Batch 800 Loss 0.1534 Accuracy 0.9488
Time taken for 1 epoch: 362.06 secs


Starting epoch 76
Epoch 76 Batch 0 Loss 0.1409 Accuracy 0.9525
Epoch 76 Batch 100 Loss 0.1518 Accuracy 0.9492
Epoch 76 Batch 200 Loss 0.1515 Accuracy 0.9494
Epoch 76 Batch 300 Loss 0.1520 Accuracy 0.9492
Epoch 76 Batch 400 Loss 0.1525 Accuracy 0.9491
Epoch 76 Batch 500 Loss 0.1527 Accuracy 0.9490
Epoch 76 Batch 600 Loss 0.1530 Accuracy 0.9490
Epoch 76 Batch 700 Loss 0.1528 Accuracy 0.9490
Epoch 76 Batch 800 Loss 0.1530 Accuracy 0.9490
Time taken for 1 epoch: 361.80 secs


Starting epoch 77
Epoch 77 Batch 0 Loss 0.1453 Accuracy 0.9515
Epoch 77 Batch 100 Loss 0.1509 Accuracy 0.9497
Epoch 77 Batch 200 Loss 0.1512 Accuracy 0.9495
Epoch 77 Batch 300 Loss 0.1511 Accuracy 0.9496
Epoch 77 Batch 400 Loss 0.1515 Accuracy 0.9495
Epoch 77 Batch 500 Loss 0.1516 Accuracy 0.9494
Epoch 77 Batch 600 Loss 0.1520 Accuracy 0.9493
Epoch 77 Batch 700 Loss 0.1522 Accuracy 0.9492
Epoch 77 Batch 800 Loss 0.1524 Accuracy 0.9491
Time taken for 1 epoch: 362.07 secs


Starting epoch 78
Epoch 78 Batch 0 Loss 0.1408 Accuracy 0.9527
Epoch 78 Batch 100 Loss 0.1512 Accuracy 0.9494
Epoch 78 Batch 200 Loss 0.1518 Accuracy 0.9493
Epoch 78 Batch 300 Loss 0.1519 Accuracy 0.9493
Epoch 78 Batch 400 Loss 0.1516 Accuracy 0.9494
Epoch 78 Batch 500 Loss 0.1516 Accuracy 0.9494
Epoch 78 Batch 600 Loss 0.1519 Accuracy 0.9493
Epoch 78 Batch 700 Loss 0.1522 Accuracy 0.9492
Epoch 78 Batch 800 Loss 0.1523 Accuracy 0.9492
Time taken for 1 epoch: 361.90 secs


Starting epoch 79
Epoch 79 Batch 0 Loss 0.1646 Accuracy 0.9431
Epoch 79 Batch 100 Loss 0.1493 Accuracy 0.9498
Epoch 79 Batch 200 Loss 0.1499 Accuracy 0.9497
Epoch 79 Batch 300 Loss 0.1511 Accuracy 0.9495
Epoch 79 Batch 400 Loss 0.1510 Accuracy 0.9495
Epoch 79 Batch 500 Loss 0.1513 Accuracy 0.9495
Epoch 79 Batch 600 Loss 0.1516 Accuracy 0.9494
Epoch 79 Batch 700 Loss 0.1518 Accuracy 0.9493
Epoch 79 Batch 800 Loss 0.1520 Accuracy 0.9493
Time taken for 1 epoch: 362.16 secs


Starting epoch 80
Epoch 80 Batch 0 Loss 0.1584 Accuracy 0.9488
Epoch 80 Batch 100 Loss 0.1499 Accuracy 0.9498
Epoch 80 Batch 200 Loss 0.1501 Accuracy 0.9497
Epoch 80 Batch 300 Loss 0.1504 Accuracy 0.9496
Epoch 80 Batch 400 Loss 0.1509 Accuracy 0.9495
Epoch 80 Batch 500 Loss 0.1510 Accuracy 0.9495
Epoch 80 Batch 600 Loss 0.1513 Accuracy 0.9494
Epoch 80 Batch 700 Loss 0.1515 Accuracy 0.9494
Epoch 80 Batch 800 Loss 0.1515 Accuracy 0.9494
Time taken for 1 epoch: 362.17 secs


Starting epoch 81
Epoch 81 Batch 0 Loss 0.1480 Accuracy 0.9496
Epoch 81 Batch 100 Loss 0.1488 Accuracy 0.9504
Epoch 81 Batch 200 Loss 0.1502 Accuracy 0.9498
Epoch 81 Batch 300 Loss 0.1506 Accuracy 0.9496
Epoch 81 Batch 400 Loss 0.1506 Accuracy 0.9496
Epoch 81 Batch 500 Loss 0.1509 Accuracy 0.9495
Epoch 81 Batch 600 Loss 0.1510 Accuracy 0.9495
Epoch 81 Batch 700 Loss 0.1508 Accuracy 0.9496
Epoch 81 Batch 800 Loss 0.1511 Accuracy 0.9495
Time taken for 1 epoch: 361.88 secs


Starting epoch 82
Epoch 82 Batch 0 Loss 0.1302 Accuracy 0.9566
Epoch 82 Batch 100 Loss 0.1486 Accuracy 0.9502
Epoch 82 Batch 200 Loss 0.1491 Accuracy 0.9501
Epoch 82 Batch 300 Loss 0.1495 Accuracy 0.9500
Epoch 82 Batch 400 Loss 0.1499 Accuracy 0.9499
Epoch 82 Batch 500 Loss 0.1499 Accuracy 0.9499
Epoch 82 Batch 600 Loss 0.1503 Accuracy 0.9498
Epoch 82 Batch 700 Loss 0.1506 Accuracy 0.9497
Epoch 82 Batch 800 Loss 0.1508 Accuracy 0.9496
Time taken for 1 epoch: 361.93 secs


Starting epoch 83
Epoch 83 Batch 0 Loss 0.1497 Accuracy 0.9511
Epoch 83 Batch 100 Loss 0.1489 Accuracy 0.9503
Epoch 83 Batch 200 Loss 0.1491 Accuracy 0.9502
Epoch 83 Batch 300 Loss 0.1495 Accuracy 0.9501
Epoch 83 Batch 400 Loss 0.1495 Accuracy 0.9500
Epoch 83 Batch 500 Loss 0.1498 Accuracy 0.9499
Epoch 83 Batch 600 Loss 0.1501 Accuracy 0.9499
Epoch 83 Batch 700 Loss 0.1503 Accuracy 0.9498
Epoch 83 Batch 800 Loss 0.1504 Accuracy 0.9498
Time taken for 1 epoch: 361.83 secs


Starting epoch 84
Epoch 84 Batch 0 Loss 0.1468 Accuracy 0.9518
Epoch 84 Batch 100 Loss 0.1478 Accuracy 0.9507
Epoch 84 Batch 200 Loss 0.1481 Accuracy 0.9505
Epoch 84 Batch 300 Loss 0.1484 Accuracy 0.9505
Epoch 84 Batch 400 Loss 0.1488 Accuracy 0.9503
Epoch 84 Batch 500 Loss 0.1493 Accuracy 0.9501
Epoch 84 Batch 600 Loss 0.1496 Accuracy 0.9500
Epoch 84 Batch 700 Loss 0.1498 Accuracy 0.9499
Epoch 84 Batch 800 Loss 0.1501 Accuracy 0.9499
Time taken for 1 epoch: 361.79 secs


Starting epoch 85
Epoch 85 Batch 0 Loss 0.1437 Accuracy 0.9520
Epoch 85 Batch 100 Loss 0.1491 Accuracy 0.9500
Epoch 85 Batch 200 Loss 0.1486 Accuracy 0.9502
Epoch 85 Batch 300 Loss 0.1486 Accuracy 0.9503
Epoch 85 Batch 400 Loss 0.1493 Accuracy 0.9501
Epoch 85 Batch 500 Loss 0.1493 Accuracy 0.9501
Epoch 85 Batch 600 Loss 0.1497 Accuracy 0.9499
Epoch 85 Batch 700 Loss 0.1499 Accuracy 0.9499
Epoch 85 Batch 800 Loss 0.1501 Accuracy 0.9499
Time taken for 1 epoch: 362.11 secs


Starting epoch 86
Epoch 86 Batch 0 Loss 0.1553 Accuracy 0.9482
Epoch 86 Batch 100 Loss 0.1492 Accuracy 0.9502
Epoch 86 Batch 200 Loss 0.1483 Accuracy 0.9505
Epoch 86 Batch 300 Loss 0.1489 Accuracy 0.9502
Epoch 86 Batch 400 Loss 0.1494 Accuracy 0.9501
Epoch 86 Batch 500 Loss 0.1495 Accuracy 0.9500
Epoch 86 Batch 600 Loss 0.1495 Accuracy 0.9500
Epoch 86 Batch 700 Loss 0.1496 Accuracy 0.9500
Epoch 86 Batch 800 Loss 0.1497 Accuracy 0.9500
Time taken for 1 epoch: 362.23 secs


Starting epoch 87
Epoch 87 Batch 0 Loss 0.1514 Accuracy 0.9500
Epoch 87 Batch 100 Loss 0.1475 Accuracy 0.9507
Epoch 87 Batch 200 Loss 0.1471 Accuracy 0.9509
Epoch 87 Batch 300 Loss 0.1472 Accuracy 0.9508
Epoch 87 Batch 400 Loss 0.1482 Accuracy 0.9505
Epoch 87 Batch 500 Loss 0.1486 Accuracy 0.9504
Epoch 87 Batch 600 Loss 0.1486 Accuracy 0.9503
Epoch 87 Batch 700 Loss 0.1488 Accuracy 0.9503
Epoch 87 Batch 800 Loss 0.1492 Accuracy 0.9501
Time taken for 1 epoch: 362.23 secs


Starting epoch 88
Epoch 88 Batch 0 Loss 0.1381 Accuracy 0.9545
Epoch 88 Batch 100 Loss 0.1450 Accuracy 0.9514
Epoch 88 Batch 200 Loss 0.1469 Accuracy 0.9507
Epoch 88 Batch 300 Loss 0.1473 Accuracy 0.9507
Epoch 88 Batch 400 Loss 0.1476 Accuracy 0.9506
Epoch 88 Batch 500 Loss 0.1479 Accuracy 0.9506
Epoch 88 Batch 600 Loss 0.1483 Accuracy 0.9504
Epoch 88 Batch 700 Loss 0.1486 Accuracy 0.9503
Epoch 88 Batch 800 Loss 0.1488 Accuracy 0.9503
Time taken for 1 epoch: 362.05 secs


Starting epoch 89
Epoch 89 Batch 0 Loss 0.1455 Accuracy 0.9520
Epoch 89 Batch 100 Loss 0.1472 Accuracy 0.9507
Epoch 89 Batch 200 Loss 0.1472 Accuracy 0.9508
Epoch 89 Batch 300 Loss 0.1476 Accuracy 0.9506
Epoch 89 Batch 400 Loss 0.1478 Accuracy 0.9505
Epoch 89 Batch 500 Loss 0.1480 Accuracy 0.9505
Epoch 89 Batch 600 Loss 0.1481 Accuracy 0.9504
Epoch 89 Batch 700 Loss 0.1484 Accuracy 0.9504
Epoch 89 Batch 800 Loss 0.1486 Accuracy 0.9503
Time taken for 1 epoch: 362.21 secs


Starting epoch 90
Epoch 90 Batch 0 Loss 0.1461 Accuracy 0.9523
Epoch 90 Batch 100 Loss 0.1470 Accuracy 0.9507
Epoch 90 Batch 200 Loss 0.1471 Accuracy 0.9507
Epoch 90 Batch 300 Loss 0.1476 Accuracy 0.9506
Epoch 90 Batch 400 Loss 0.1476 Accuracy 0.9506
Epoch 90 Batch 500 Loss 0.1479 Accuracy 0.9505
Epoch 90 Batch 600 Loss 0.1481 Accuracy 0.9504
Epoch 90 Batch 700 Loss 0.1484 Accuracy 0.9503
Epoch 90 Batch 800 Loss 0.1484 Accuracy 0.9504
Time taken for 1 epoch: 362.05 secs


Starting epoch 91
Epoch 91 Batch 0 Loss 0.1660 Accuracy 0.9453
Epoch 91 Batch 100 Loss 0.1453 Accuracy 0.9515
Epoch 91 Batch 200 Loss 0.1458 Accuracy 0.9513
Epoch 91 Batch 300 Loss 0.1464 Accuracy 0.9510
Epoch 91 Batch 400 Loss 0.1468 Accuracy 0.9509
Epoch 91 Batch 500 Loss 0.1475 Accuracy 0.9507
Epoch 91 Batch 600 Loss 0.1477 Accuracy 0.9506
Epoch 91 Batch 700 Loss 0.1480 Accuracy 0.9505
Epoch 91 Batch 800 Loss 0.1481 Accuracy 0.9505
Time taken for 1 epoch: 361.99 secs


Starting epoch 92
Epoch 92 Batch 0 Loss 0.1314 Accuracy 0.9540
Epoch 92 Batch 100 Loss 0.1457 Accuracy 0.9512
Epoch 92 Batch 200 Loss 0.1462 Accuracy 0.9511
Epoch 92 Batch 300 Loss 0.1464 Accuracy 0.9510
Epoch 92 Batch 400 Loss 0.1471 Accuracy 0.9507
Epoch 92 Batch 500 Loss 0.1475 Accuracy 0.9506
Epoch 92 Batch 600 Loss 0.1476 Accuracy 0.9506
Epoch 92 Batch 700 Loss 0.1479 Accuracy 0.9505
Epoch 92 Batch 800 Loss 0.1479 Accuracy 0.9505
Time taken for 1 epoch: 361.74 secs


Starting epoch 93
Epoch 93 Batch 0 Loss 0.1434 Accuracy 0.9532
Epoch 93 Batch 100 Loss 0.1461 Accuracy 0.9510
Epoch 93 Batch 200 Loss 0.1468 Accuracy 0.9508
Epoch 93 Batch 300 Loss 0.1470 Accuracy 0.9507
Epoch 93 Batch 400 Loss 0.1474 Accuracy 0.9506
Epoch 93 Batch 500 Loss 0.1473 Accuracy 0.9506
Epoch 93 Batch 600 Loss 0.1473 Accuracy 0.9506
Epoch 93 Batch 700 Loss 0.1475 Accuracy 0.9506
Epoch 93 Batch 800 Loss 0.1476 Accuracy 0.9505
Time taken for 1 epoch: 361.74 secs


Starting epoch 94
Epoch 94 Batch 0 Loss 0.1323 Accuracy 0.9559
Epoch 94 Batch 100 Loss 0.1447 Accuracy 0.9515
Epoch 94 Batch 200 Loss 0.1454 Accuracy 0.9513
Epoch 94 Batch 300 Loss 0.1461 Accuracy 0.9510
Epoch 94 Batch 400 Loss 0.1465 Accuracy 0.9509
Epoch 94 Batch 500 Loss 0.1466 Accuracy 0.9509
Epoch 94 Batch 600 Loss 0.1468 Accuracy 0.9508
Epoch 94 Batch 700 Loss 0.1470 Accuracy 0.9508
Epoch 94 Batch 800 Loss 0.1472 Accuracy 0.9507
Time taken for 1 epoch: 361.80 secs


Starting epoch 95
Epoch 95 Batch 0 Loss 0.1526 Accuracy 0.9476
Epoch 95 Batch 100 Loss 0.1457 Accuracy 0.9512
Epoch 95 Batch 200 Loss 0.1457 Accuracy 0.9513
Epoch 95 Batch 300 Loss 0.1461 Accuracy 0.9511
Epoch 95 Batch 400 Loss 0.1466 Accuracy 0.9509
Epoch 95 Batch 500 Loss 0.1468 Accuracy 0.9508
Epoch 95 Batch 600 Loss 0.1468 Accuracy 0.9508
Epoch 95 Batch 700 Loss 0.1468 Accuracy 0.9509
Epoch 95 Batch 800 Loss 0.1470 Accuracy 0.9508
Time taken for 1 epoch: 361.67 secs


Starting epoch 96
Epoch 96 Batch 0 Loss 0.1437 Accuracy 0.9512
Epoch 96 Batch 100 Loss 0.1456 Accuracy 0.9512
Epoch 96 Batch 200 Loss 0.1459 Accuracy 0.9512
Epoch 96 Batch 300 Loss 0.1459 Accuracy 0.9511
Epoch 96 Batch 400 Loss 0.1461 Accuracy 0.9511
Epoch 96 Batch 500 Loss 0.1464 Accuracy 0.9510
Epoch 96 Batch 600 Loss 0.1465 Accuracy 0.9509
Epoch 96 Batch 700 Loss 0.1464 Accuracy 0.9510
Epoch 96 Batch 800 Loss 0.1468 Accuracy 0.9509
Time taken for 1 epoch: 361.73 secs


Starting epoch 97
Epoch 97 Batch 0 Loss 0.1393 Accuracy 0.9542
Epoch 97 Batch 100 Loss 0.1440 Accuracy 0.9518
Epoch 97 Batch 200 Loss 0.1442 Accuracy 0.9518
Epoch 97 Batch 300 Loss 0.1449 Accuracy 0.9516
Epoch 97 Batch 400 Loss 0.1452 Accuracy 0.9514
Epoch 97 Batch 500 Loss 0.1454 Accuracy 0.9514
Epoch 97 Batch 600 Loss 0.1458 Accuracy 0.9513
Epoch 97 Batch 700 Loss 0.1461 Accuracy 0.9511
Epoch 97 Batch 800 Loss 0.1463 Accuracy 0.9511
Time taken for 1 epoch: 362.01 secs


Starting epoch 98
Epoch 98 Batch 0 Loss 0.1429 Accuracy 0.9535
Epoch 98 Batch 100 Loss 0.1454 Accuracy 0.9513
Epoch 98 Batch 200 Loss 0.1454 Accuracy 0.9513
Epoch 98 Batch 300 Loss 0.1457 Accuracy 0.9512
Epoch 98 Batch 400 Loss 0.1457 Accuracy 0.9512
Epoch 98 Batch 500 Loss 0.1460 Accuracy 0.9511
Epoch 98 Batch 600 Loss 0.1461 Accuracy 0.9510
Epoch 98 Batch 700 Loss 0.1462 Accuracy 0.9510
Epoch 98 Batch 800 Loss 0.1463 Accuracy 0.9510
Time taken for 1 epoch: 361.94 secs


Starting epoch 99
Epoch 99 Batch 0 Loss 0.1453 Accuracy 0.9523
Epoch 99 Batch 100 Loss 0.1440 Accuracy 0.9516
Epoch 99 Batch 200 Loss 0.1441 Accuracy 0.9516
Epoch 99 Batch 300 Loss 0.1448 Accuracy 0.9514
Epoch 99 Batch 400 Loss 0.1452 Accuracy 0.9514
Epoch 99 Batch 500 Loss 0.1454 Accuracy 0.9513
Epoch 99 Batch 600 Loss 0.1457 Accuracy 0.9512
Epoch 99 Batch 700 Loss 0.1458 Accuracy 0.9512
Epoch 99 Batch 800 Loss 0.1459 Accuracy 0.9512
Time taken for 1 epoch: 361.97 secs


Starting epoch 100
Epoch 100 Batch 0 Loss 0.1576 Accuracy 0.9457
Epoch 100 Batch 100 Loss 0.1459 Accuracy 0.9509
Epoch 100 Batch 200 Loss 0.1454 Accuracy 0.9513
Epoch 100 Batch 300 Loss 0.1457 Accuracy 0.9512
Epoch 100 Batch 400 Loss 0.1453 Accuracy 0.9513
Epoch 100 Batch 500 Loss 0.1452 Accuracy 0.9514
Epoch 100 Batch 600 Loss 0.1453 Accuracy 0.9513
Epoch 100 Batch 700 Loss 0.1454 Accuracy 0.9513
Epoch 100 Batch 800 Loss 0.1455 Accuracy 0.9513
Time taken for 1 epoch: 362.11 secs


Starting epoch 101
Epoch 101 Batch 0 Loss 0.1497 Accuracy 0.9494
Epoch 101 Batch 100 Loss 0.1431 Accuracy 0.9520
Epoch 101 Batch 200 Loss 0.1435 Accuracy 0.9520
Epoch 101 Batch 300 Loss 0.1438 Accuracy 0.9518
Epoch 101 Batch 400 Loss 0.1442 Accuracy 0.9517
Epoch 101 Batch 500 Loss 0.1448 Accuracy 0.9515
Epoch 101 Batch 600 Loss 0.1451 Accuracy 0.9514
Epoch 101 Batch 700 Loss 0.1454 Accuracy 0.9513
Epoch 101 Batch 800 Loss 0.1455 Accuracy 0.9513
Time taken for 1 epoch: 361.95 secs


Starting epoch 102
Epoch 102 Batch 0 Loss 0.1449 Accuracy 0.9515
Epoch 102 Batch 100 Loss 0.1433 Accuracy 0.9518
Epoch 102 Batch 200 Loss 0.1447 Accuracy 0.9514
Epoch 102 Batch 300 Loss 0.1445 Accuracy 0.9515
Epoch 102 Batch 400 Loss 0.1449 Accuracy 0.9514
Epoch 102 Batch 500 Loss 0.1448 Accuracy 0.9514
Epoch 102 Batch 600 Loss 0.1452 Accuracy 0.9513
Epoch 102 Batch 700 Loss 0.1452 Accuracy 0.9513
Epoch 102 Batch 800 Loss 0.1453 Accuracy 0.9513
Time taken for 1 epoch: 361.99 secs


Starting epoch 103
Epoch 103 Batch 0 Loss 0.1534 Accuracy 0.9470
Epoch 103 Batch 100 Loss 0.1420 Accuracy 0.9523
Epoch 103 Batch 200 Loss 0.1435 Accuracy 0.9519
Epoch 103 Batch 300 Loss 0.1437 Accuracy 0.9519
Epoch 103 Batch 400 Loss 0.1440 Accuracy 0.9518
Epoch 103 Batch 500 Loss 0.1443 Accuracy 0.9517
Epoch 103 Batch 600 Loss 0.1446 Accuracy 0.9516
Epoch 103 Batch 700 Loss 0.1448 Accuracy 0.9515
Epoch 103 Batch 800 Loss 0.1449 Accuracy 0.9515
Time taken for 1 epoch: 361.96 secs


Starting epoch 104
Epoch 104 Batch 0 Loss 0.1511 Accuracy 0.9495
Epoch 104 Batch 100 Loss 0.1429 Accuracy 0.9521
Epoch 104 Batch 200 Loss 0.1435 Accuracy 0.9519
Epoch 104 Batch 300 Loss 0.1437 Accuracy 0.9519
Epoch 104 Batch 400 Loss 0.1439 Accuracy 0.9519
Epoch 104 Batch 500 Loss 0.1442 Accuracy 0.9517
Epoch 104 Batch 600 Loss 0.1444 Accuracy 0.9516
Epoch 104 Batch 700 Loss 0.1447 Accuracy 0.9515
Epoch 104 Batch 800 Loss 0.1447 Accuracy 0.9516
Time taken for 1 epoch: 361.94 secs


Starting epoch 105
Epoch 105 Batch 0 Loss 0.1550 Accuracy 0.9478
Epoch 105 Batch 100 Loss 0.1423 Accuracy 0.9523
Epoch 105 Batch 200 Loss 0.1427 Accuracy 0.9522
Epoch 105 Batch 300 Loss 0.1431 Accuracy 0.9520
Epoch 105 Batch 400 Loss 0.1434 Accuracy 0.9519
Epoch 105 Batch 500 Loss 0.1438 Accuracy 0.9518
Epoch 105 Batch 600 Loss 0.1439 Accuracy 0.9517
Epoch 105 Batch 700 Loss 0.1443 Accuracy 0.9516
Epoch 105 Batch 800 Loss 0.1445 Accuracy 0.9516
Time taken for 1 epoch: 361.96 secs


Starting epoch 106
Epoch 106 Batch 0 Loss 0.1380 Accuracy 0.9539
Epoch 106 Batch 100 Loss 0.1421 Accuracy 0.9522
Epoch 106 Batch 200 Loss 0.1428 Accuracy 0.9521
Epoch 106 Batch 300 Loss 0.1436 Accuracy 0.9518
Epoch 106 Batch 400 Loss 0.1442 Accuracy 0.9516
Epoch 106 Batch 500 Loss 0.1442 Accuracy 0.9517
Epoch 106 Batch 600 Loss 0.1444 Accuracy 0.9516
Epoch 106 Batch 700 Loss 0.1445 Accuracy 0.9516
Epoch 106 Batch 800 Loss 0.1445 Accuracy 0.9516
Time taken for 1 epoch: 362.16 secs


Starting epoch 107
Epoch 107 Batch 0 Loss 0.1416 Accuracy 0.9515
Epoch 107 Batch 100 Loss 0.1423 Accuracy 0.9524
Epoch 107 Batch 200 Loss 0.1432 Accuracy 0.9520
Epoch 107 Batch 300 Loss 0.1440 Accuracy 0.9517
Epoch 107 Batch 400 Loss 0.1440 Accuracy 0.9518
Epoch 107 Batch 500 Loss 0.1439 Accuracy 0.9518
Epoch 107 Batch 600 Loss 0.1439 Accuracy 0.9518
Epoch 107 Batch 700 Loss 0.1441 Accuracy 0.9518
Epoch 107 Batch 800 Loss 0.1442 Accuracy 0.9517
Time taken for 1 epoch: 361.97 secs


Starting epoch 108
Epoch 108 Batch 0 Loss 0.1292 Accuracy 0.9563
Epoch 108 Batch 100 Loss 0.1423 Accuracy 0.9522
Epoch 108 Batch 200 Loss 0.1423 Accuracy 0.9523
Epoch 108 Batch 300 Loss 0.1431 Accuracy 0.9520
Epoch 108 Batch 400 Loss 0.1432 Accuracy 0.9520
Epoch 108 Batch 500 Loss 0.1434 Accuracy 0.9519
Epoch 108 Batch 600 Loss 0.1436 Accuracy 0.9518
Epoch 108 Batch 700 Loss 0.1436 Accuracy 0.9518
Epoch 108 Batch 800 Loss 0.1437 Accuracy 0.9518
Time taken for 1 epoch: 362.11 secs


Starting epoch 109
Epoch 109 Batch 0 Loss 0.1408 Accuracy 0.9521
Epoch 109 Batch 100 Loss 0.1430 Accuracy 0.9519
Epoch 109 Batch 200 Loss 0.1424 Accuracy 0.9522
Epoch 109 Batch 300 Loss 0.1426 Accuracy 0.9521
Epoch 109 Batch 400 Loss 0.1428 Accuracy 0.9521
Epoch 109 Batch 500 Loss 0.1429 Accuracy 0.9520
Epoch 109 Batch 600 Loss 0.1432 Accuracy 0.9520
Epoch 109 Batch 700 Loss 0.1435 Accuracy 0.9519
Epoch 109 Batch 800 Loss 0.1435 Accuracy 0.9519
Time taken for 1 epoch: 362.10 secs


Starting epoch 110
Epoch 110 Batch 0 Loss 0.1366 Accuracy 0.9535
Epoch 110 Batch 100 Loss 0.1422 Accuracy 0.9522
Epoch 110 Batch 200 Loss 0.1431 Accuracy 0.9519
Epoch 110 Batch 300 Loss 0.1431 Accuracy 0.9520
Epoch 110 Batch 400 Loss 0.1430 Accuracy 0.9520
Epoch 110 Batch 500 Loss 0.1432 Accuracy 0.9520
Epoch 110 Batch 600 Loss 0.1433 Accuracy 0.9519
Epoch 110 Batch 700 Loss 0.1436 Accuracy 0.9519
Epoch 110 Batch 800 Loss 0.1435 Accuracy 0.9519
Time taken for 1 epoch: 362.13 secs


Starting epoch 111
Epoch 111 Batch 0 Loss 0.1433 Accuracy 0.9517
Epoch 111 Batch 100 Loss 0.1426 Accuracy 0.9522
Epoch 111 Batch 200 Loss 0.1427 Accuracy 0.9522
Epoch 111 Batch 300 Loss 0.1424 Accuracy 0.9522
Epoch 111 Batch 400 Loss 0.1424 Accuracy 0.9522
Epoch 111 Batch 500 Loss 0.1427 Accuracy 0.9522
Epoch 111 Batch 600 Loss 0.1427 Accuracy 0.9521
Epoch 111 Batch 700 Loss 0.1428 Accuracy 0.9521
Epoch 111 Batch 800 Loss 0.1430 Accuracy 0.9521
Time taken for 1 epoch: 362.06 secs


Starting epoch 112
Epoch 112 Batch 0 Loss 0.1285 Accuracy 0.9578
Epoch 112 Batch 100 Loss 0.1408 Accuracy 0.9529
Epoch 112 Batch 200 Loss 0.1420 Accuracy 0.9525
Epoch 112 Batch 300 Loss 0.1422 Accuracy 0.9524
Epoch 112 Batch 400 Loss 0.1422 Accuracy 0.9524
Epoch 112 Batch 500 Loss 0.1426 Accuracy 0.9522
Epoch 112 Batch 600 Loss 0.1427 Accuracy 0.9522
Epoch 112 Batch 700 Loss 0.1427 Accuracy 0.9522
Epoch 112 Batch 800 Loss 0.1428 Accuracy 0.9521
Time taken for 1 epoch: 361.84 secs


Starting epoch 113
Epoch 113 Batch 0 Loss 0.1379 Accuracy 0.9531
Epoch 113 Batch 100 Loss 0.1419 Accuracy 0.9522
Epoch 113 Batch 200 Loss 0.1423 Accuracy 0.9522
Epoch 113 Batch 300 Loss 0.1420 Accuracy 0.9523
Epoch 113 Batch 400 Loss 0.1422 Accuracy 0.9522
Epoch 113 Batch 500 Loss 0.1424 Accuracy 0.9521
Epoch 113 Batch 600 Loss 0.1423 Accuracy 0.9522
Epoch 113 Batch 700 Loss 0.1425 Accuracy 0.9521
Epoch 113 Batch 800 Loss 0.1426 Accuracy 0.9521
Time taken for 1 epoch: 362.01 secs


Starting epoch 114
Epoch 114 Batch 0 Loss 0.1449 Accuracy 0.9513
Epoch 114 Batch 100 Loss 0.1412 Accuracy 0.9525
Epoch 114 Batch 200 Loss 0.1408 Accuracy 0.9527
Epoch 114 Batch 300 Loss 0.1416 Accuracy 0.9525
Epoch 114 Batch 400 Loss 0.1420 Accuracy 0.9524
Epoch 114 Batch 500 Loss 0.1422 Accuracy 0.9523
Epoch 114 Batch 600 Loss 0.1424 Accuracy 0.9523
Epoch 114 Batch 700 Loss 0.1425 Accuracy 0.9522
Epoch 114 Batch 800 Loss 0.1426 Accuracy 0.9522
Time taken for 1 epoch: 362.21 secs


Starting epoch 115
Epoch 115 Batch 0 Loss 0.1393 Accuracy 0.9544
Epoch 115 Batch 100 Loss 0.1398 Accuracy 0.9532
Epoch 115 Batch 200 Loss 0.1411 Accuracy 0.9527
Epoch 115 Batch 300 Loss 0.1413 Accuracy 0.9526
Epoch 115 Batch 400 Loss 0.1418 Accuracy 0.9525
Epoch 115 Batch 500 Loss 0.1418 Accuracy 0.9524
Epoch 115 Batch 600 Loss 0.1419 Accuracy 0.9524
Epoch 115 Batch 700 Loss 0.1422 Accuracy 0.9523
Epoch 115 Batch 800 Loss 0.1424 Accuracy 0.9522
Time taken for 1 epoch: 362.02 secs


Starting epoch 116
Epoch 116 Batch 0 Loss 0.1351 Accuracy 0.9516
Epoch 116 Batch 100 Loss 0.1405 Accuracy 0.9529
Epoch 116 Batch 200 Loss 0.1410 Accuracy 0.9527
Epoch 116 Batch 300 Loss 0.1408 Accuracy 0.9528
Epoch 116 Batch 400 Loss 0.1413 Accuracy 0.9526
Epoch 116 Batch 500 Loss 0.1414 Accuracy 0.9526
Epoch 116 Batch 600 Loss 0.1416 Accuracy 0.9525
Epoch 116 Batch 700 Loss 0.1419 Accuracy 0.9524
Epoch 116 Batch 800 Loss 0.1422 Accuracy 0.9523
Time taken for 1 epoch: 362.00 secs


Starting epoch 117
Epoch 117 Batch 0 Loss 0.1454 Accuracy 0.9518
Epoch 117 Batch 100 Loss 0.1387 Accuracy 0.9536
Epoch 117 Batch 200 Loss 0.1399 Accuracy 0.9531
Epoch 117 Batch 300 Loss 0.1402 Accuracy 0.9530
Epoch 117 Batch 400 Loss 0.1405 Accuracy 0.9528
Epoch 117 Batch 500 Loss 0.1407 Accuracy 0.9527
Epoch 117 Batch 600 Loss 0.1413 Accuracy 0.9526
Epoch 117 Batch 700 Loss 0.1416 Accuracy 0.9525
Epoch 117 Batch 800 Loss 0.1420 Accuracy 0.9524
Time taken for 1 epoch: 361.97 secs


Starting epoch 118
Epoch 118 Batch 0 Loss 0.1400 Accuracy 0.9532
Epoch 118 Batch 100 Loss 0.1399 Accuracy 0.9530
Epoch 118 Batch 200 Loss 0.1402 Accuracy 0.9529
Epoch 118 Batch 300 Loss 0.1405 Accuracy 0.9529
Epoch 118 Batch 400 Loss 0.1406 Accuracy 0.9528
Epoch 118 Batch 500 Loss 0.1409 Accuracy 0.9528
Epoch 118 Batch 600 Loss 0.1412 Accuracy 0.9527
Epoch 118 Batch 700 Loss 0.1416 Accuracy 0.9525
Epoch 118 Batch 800 Loss 0.1419 Accuracy 0.9524
Time taken for 1 epoch: 362.01 secs


Starting epoch 119
Epoch 119 Batch 0 Loss 0.1537 Accuracy 0.9475
Epoch 119 Batch 100 Loss 0.1389 Accuracy 0.9533
Epoch 119 Batch 200 Loss 0.1399 Accuracy 0.9530
Epoch 119 Batch 300 Loss 0.1403 Accuracy 0.9529
Epoch 119 Batch 400 Loss 0.1405 Accuracy 0.9528
Epoch 119 Batch 500 Loss 0.1410 Accuracy 0.9527
Epoch 119 Batch 600 Loss 0.1412 Accuracy 0.9526
Epoch 119 Batch 700 Loss 0.1414 Accuracy 0.9525
Epoch 119 Batch 800 Loss 0.1416 Accuracy 0.9525
Time taken for 1 epoch: 362.14 secs


Starting epoch 120
Epoch 120 Batch 0 Loss 0.1313 Accuracy 0.9563
Epoch 120 Batch 100 Loss 0.1408 Accuracy 0.9526
Epoch 120 Batch 200 Loss 0.1405 Accuracy 0.9527
Epoch 120 Batch 300 Loss 0.1405 Accuracy 0.9527
Epoch 120 Batch 400 Loss 0.1406 Accuracy 0.9527
Epoch 120 Batch 500 Loss 0.1408 Accuracy 0.9527
Epoch 120 Batch 600 Loss 0.1409 Accuracy 0.9527
Epoch 120 Batch 700 Loss 0.1410 Accuracy 0.9527
Epoch 120 Batch 800 Loss 0.1413 Accuracy 0.9525
Time taken for 1 epoch: 362.22 secs


Starting epoch 121
Epoch 121 Batch 0 Loss 0.1420 Accuracy 0.9533
Epoch 121 Batch 100 Loss 0.1396 Accuracy 0.9531
Epoch 121 Batch 200 Loss 0.1399 Accuracy 0.9529
Epoch 121 Batch 300 Loss 0.1402 Accuracy 0.9529
Epoch 121 Batch 400 Loss 0.1407 Accuracy 0.9527
Epoch 121 Batch 500 Loss 0.1411 Accuracy 0.9526
Epoch 121 Batch 600 Loss 0.1412 Accuracy 0.9526
Epoch 121 Batch 700 Loss 0.1414 Accuracy 0.9525
Epoch 121 Batch 800 Loss 0.1412 Accuracy 0.9526
Time taken for 1 epoch: 362.11 secs


Starting epoch 122
Epoch 122 Batch 0 Loss 0.1391 Accuracy 0.9530
Epoch 122 Batch 100 Loss 0.1386 Accuracy 0.9535
Epoch 122 Batch 200 Loss 0.1391 Accuracy 0.9533
Epoch 122 Batch 300 Loss 0.1396 Accuracy 0.9531
Epoch 122 Batch 400 Loss 0.1398 Accuracy 0.9530
Epoch 122 Batch 500 Loss 0.1402 Accuracy 0.9529
Epoch 122 Batch 600 Loss 0.1406 Accuracy 0.9528
Epoch 122 Batch 700 Loss 0.1409 Accuracy 0.9527
Epoch 122 Batch 800 Loss 0.1412 Accuracy 0.9526
Time taken for 1 epoch: 362.03 secs


Starting epoch 123
Epoch 123 Batch 0 Loss 0.1382 Accuracy 0.9555
Epoch 123 Batch 100 Loss 0.1394 Accuracy 0.9534
Epoch 123 Batch 200 Loss 0.1401 Accuracy 0.9530
Epoch 123 Batch 300 Loss 0.1404 Accuracy 0.9529
Epoch 123 Batch 400 Loss 0.1404 Accuracy 0.9528
Epoch 123 Batch 500 Loss 0.1404 Accuracy 0.9528
Epoch 123 Batch 600 Loss 0.1403 Accuracy 0.9529
Epoch 123 Batch 700 Loss 0.1405 Accuracy 0.9528
Epoch 123 Batch 800 Loss 0.1406 Accuracy 0.9528
Time taken for 1 epoch: 362.02 secs


Starting epoch 124
Epoch 124 Batch 0 Loss 0.1479 Accuracy 0.9492
Epoch 124 Batch 100 Loss 0.1389 Accuracy 0.9534
Epoch 124 Batch 200 Loss 0.1392 Accuracy 0.9533
Epoch 124 Batch 300 Loss 0.1392 Accuracy 0.9533
Epoch 124 Batch 400 Loss 0.1397 Accuracy 0.9531
Epoch 124 Batch 500 Loss 0.1402 Accuracy 0.9529
Epoch 124 Batch 600 Loss 0.1402 Accuracy 0.9529
Epoch 124 Batch 700 Loss 0.1403 Accuracy 0.9529
Epoch 124 Batch 800 Loss 0.1406 Accuracy 0.9528
Time taken for 1 epoch: 361.95 secs


Starting epoch 125
Epoch 125 Batch 0 Loss 0.1432 Accuracy 0.9512
Epoch 125 Batch 100 Loss 0.1382 Accuracy 0.9536
Epoch 125 Batch 200 Loss 0.1389 Accuracy 0.9534
Epoch 125 Batch 300 Loss 0.1393 Accuracy 0.9532
Epoch 125 Batch 400 Loss 0.1398 Accuracy 0.9531
Epoch 125 Batch 500 Loss 0.1397 Accuracy 0.9531
Epoch 125 Batch 600 Loss 0.1400 Accuracy 0.9530
Epoch 125 Batch 700 Loss 0.1399 Accuracy 0.9530
Epoch 125 Batch 800 Loss 0.1402 Accuracy 0.9530
Time taken for 1 epoch: 362.21 secs


Starting epoch 126
Epoch 126 Batch 0 Loss 0.1407 Accuracy 0.9534
Epoch 126 Batch 100 Loss 0.1394 Accuracy 0.9531
Epoch 126 Batch 200 Loss 0.1393 Accuracy 0.9532
Epoch 126 Batch 300 Loss 0.1390 Accuracy 0.9533
Epoch 126 Batch 400 Loss 0.1392 Accuracy 0.9532
Epoch 126 Batch 500 Loss 0.1396 Accuracy 0.9531
Epoch 126 Batch 600 Loss 0.1396 Accuracy 0.9531
Epoch 126 Batch 700 Loss 0.1399 Accuracy 0.9530
Epoch 126 Batch 800 Loss 0.1400 Accuracy 0.9530
Time taken for 1 epoch: 361.98 secs


Starting epoch 127
Epoch 127 Batch 0 Loss 0.1340 Accuracy 0.9559
Epoch 127 Batch 100 Loss 0.1367 Accuracy 0.9540
Epoch 127 Batch 200 Loss 0.1376 Accuracy 0.9537
Epoch 127 Batch 300 Loss 0.1383 Accuracy 0.9535
Epoch 127 Batch 400 Loss 0.1387 Accuracy 0.9534
Epoch 127 Batch 500 Loss 0.1392 Accuracy 0.9532
Epoch 127 Batch 600 Loss 0.1397 Accuracy 0.9531
Epoch 127 Batch 700 Loss 0.1397 Accuracy 0.9531
Epoch 127 Batch 800 Loss 0.1400 Accuracy 0.9530
Time taken for 1 epoch: 361.74 secs


Starting epoch 128
Epoch 128 Batch 0 Loss 0.1194 Accuracy 0.9594
Epoch 128 Batch 100 Loss 0.1383 Accuracy 0.9534
Epoch 128 Batch 200 Loss 0.1388 Accuracy 0.9533
Epoch 128 Batch 300 Loss 0.1388 Accuracy 0.9533
Epoch 128 Batch 400 Loss 0.1389 Accuracy 0.9533
Epoch 128 Batch 500 Loss 0.1393 Accuracy 0.9532
Epoch 128 Batch 600 Loss 0.1394 Accuracy 0.9532
Epoch 128 Batch 700 Loss 0.1397 Accuracy 0.9531
Epoch 128 Batch 800 Loss 0.1399 Accuracy 0.9530
Time taken for 1 epoch: 361.90 secs


Starting epoch 129
Epoch 129 Batch 0 Loss 0.1450 Accuracy 0.9525
Epoch 129 Batch 100 Loss 0.1391 Accuracy 0.9533
Epoch 129 Batch 200 Loss 0.1388 Accuracy 0.9534
Epoch 129 Batch 300 Loss 0.1389 Accuracy 0.9534
Epoch 129 Batch 400 Loss 0.1390 Accuracy 0.9534
Epoch 129 Batch 500 Loss 0.1392 Accuracy 0.9533
Epoch 129 Batch 600 Loss 0.1392 Accuracy 0.9533
Epoch 129 Batch 700 Loss 0.1395 Accuracy 0.9532
Epoch 129 Batch 800 Loss 0.1396 Accuracy 0.9532
Time taken for 1 epoch: 362.09 secs


Starting epoch 130
Epoch 130 Batch 0 Loss 0.1422 Accuracy 0.9525
Epoch 130 Batch 100 Loss 0.1380 Accuracy 0.9537
Epoch 130 Batch 200 Loss 0.1379 Accuracy 0.9537
Epoch 130 Batch 300 Loss 0.1382 Accuracy 0.9535
Epoch 130 Batch 400 Loss 0.1385 Accuracy 0.9534
Epoch 130 Batch 500 Loss 0.1389 Accuracy 0.9533
Epoch 130 Batch 600 Loss 0.1390 Accuracy 0.9533
Epoch 130 Batch 700 Loss 0.1391 Accuracy 0.9533
Epoch 130 Batch 800 Loss 0.1394 Accuracy 0.9532
Time taken for 1 epoch: 362.03 secs


Starting epoch 131
Epoch 131 Batch 0 Loss 0.1460 Accuracy 0.9518
Epoch 131 Batch 100 Loss 0.1376 Accuracy 0.9538
Epoch 131 Batch 200 Loss 0.1383 Accuracy 0.9535
Epoch 131 Batch 300 Loss 0.1384 Accuracy 0.9534
Epoch 131 Batch 400 Loss 0.1386 Accuracy 0.9534
Epoch 131 Batch 500 Loss 0.1388 Accuracy 0.9534
Epoch 131 Batch 600 Loss 0.1390 Accuracy 0.9533
Epoch 131 Batch 700 Loss 0.1392 Accuracy 0.9532
Epoch 131 Batch 800 Loss 0.1394 Accuracy 0.9532
Time taken for 1 epoch: 362.15 secs


Starting epoch 132
Epoch 132 Batch 0 Loss 0.1316 Accuracy 0.9551
Epoch 132 Batch 100 Loss 0.1371 Accuracy 0.9537
Epoch 132 Batch 200 Loss 0.1377 Accuracy 0.9536
Epoch 132 Batch 300 Loss 0.1382 Accuracy 0.9535
Epoch 132 Batch 400 Loss 0.1385 Accuracy 0.9534
Epoch 132 Batch 500 Loss 0.1385 Accuracy 0.9535
Epoch 132 Batch 600 Loss 0.1390 Accuracy 0.9533
Epoch 132 Batch 700 Loss 0.1390 Accuracy 0.9534
Epoch 132 Batch 800 Loss 0.1391 Accuracy 0.9533
Time taken for 1 epoch: 362.21 secs


Starting epoch 133
Epoch 133 Batch 0 Loss 0.1368 Accuracy 0.9555
Epoch 133 Batch 100 Loss 0.1368 Accuracy 0.9539
Epoch 133 Batch 200 Loss 0.1368 Accuracy 0.9538
Epoch 133 Batch 300 Loss 0.1379 Accuracy 0.9535
Epoch 133 Batch 400 Loss 0.1381 Accuracy 0.9535
Epoch 133 Batch 500 Loss 0.1386 Accuracy 0.9534
Epoch 133 Batch 600 Loss 0.1387 Accuracy 0.9534
Epoch 133 Batch 700 Loss 0.1390 Accuracy 0.9533
Epoch 133 Batch 800 Loss 0.1392 Accuracy 0.9532
Time taken for 1 epoch: 361.98 secs


Starting epoch 134
Epoch 134 Batch 0 Loss 0.1563 Accuracy 0.9481
Epoch 134 Batch 100 Loss 0.1385 Accuracy 0.9531
Epoch 134 Batch 200 Loss 0.1371 Accuracy 0.9538
Epoch 134 Batch 300 Loss 0.1376 Accuracy 0.9536
Epoch 134 Batch 400 Loss 0.1380 Accuracy 0.9535
Epoch 134 Batch 500 Loss 0.1382 Accuracy 0.9535
Epoch 134 Batch 600 Loss 0.1384 Accuracy 0.9534
Epoch 134 Batch 700 Loss 0.1387 Accuracy 0.9533
Epoch 134 Batch 800 Loss 0.1389 Accuracy 0.9533
Time taken for 1 epoch: 361.92 secs


Starting epoch 135
Epoch 135 Batch 0 Loss 0.1355 Accuracy 0.9538
Epoch 135 Batch 100 Loss 0.1368 Accuracy 0.9541
Epoch 135 Batch 200 Loss 0.1374 Accuracy 0.9539
Epoch 135 Batch 300 Loss 0.1372 Accuracy 0.9540
Epoch 135 Batch 400 Loss 0.1375 Accuracy 0.9539
Epoch 135 Batch 500 Loss 0.1381 Accuracy 0.9537
Epoch 135 Batch 600 Loss 0.1383 Accuracy 0.9536
Epoch 135 Batch 700 Loss 0.1384 Accuracy 0.9536
Epoch 135 Batch 800 Loss 0.1387 Accuracy 0.9535
Time taken for 1 epoch: 362.09 secs


Starting epoch 136
Epoch 136 Batch 0 Loss 0.1407 Accuracy 0.9525
Epoch 136 Batch 100 Loss 0.1373 Accuracy 0.9537
Epoch 136 Batch 200 Loss 0.1372 Accuracy 0.9539
Epoch 136 Batch 300 Loss 0.1376 Accuracy 0.9538
Epoch 136 Batch 400 Loss 0.1378 Accuracy 0.9537
Epoch 136 Batch 500 Loss 0.1380 Accuracy 0.9536
Epoch 136 Batch 600 Loss 0.1383 Accuracy 0.9535
Epoch 136 Batch 700 Loss 0.1383 Accuracy 0.9535
Epoch 136 Batch 800 Loss 0.1384 Accuracy 0.9535
Time taken for 1 epoch: 362.18 secs


Starting epoch 137
Epoch 137 Batch 0 Loss 0.1382 Accuracy 0.9517
Epoch 137 Batch 100 Loss 0.1373 Accuracy 0.9537
Epoch 137 Batch 200 Loss 0.1369 Accuracy 0.9540
Epoch 137 Batch 300 Loss 0.1372 Accuracy 0.9538
Epoch 137 Batch 400 Loss 0.1374 Accuracy 0.9538
Epoch 137 Batch 500 Loss 0.1377 Accuracy 0.9537
Epoch 137 Batch 600 Loss 0.1379 Accuracy 0.9536
Epoch 137 Batch 700 Loss 0.1383 Accuracy 0.9535
Epoch 137 Batch 800 Loss 0.1384 Accuracy 0.9535
Time taken for 1 epoch: 361.91 secs


Starting epoch 138
Epoch 138 Batch 0 Loss 0.1363 Accuracy 0.9533
Epoch 138 Batch 100 Loss 0.1360 Accuracy 0.9541
Epoch 138 Batch 200 Loss 0.1362 Accuracy 0.9541
Epoch 138 Batch 300 Loss 0.1373 Accuracy 0.9538
Epoch 138 Batch 400 Loss 0.1377 Accuracy 0.9537
Epoch 138 Batch 500 Loss 0.1376 Accuracy 0.9537
Epoch 138 Batch 600 Loss 0.1377 Accuracy 0.9537
Epoch 138 Batch 700 Loss 0.1378 Accuracy 0.9537
Epoch 138 Batch 800 Loss 0.1381 Accuracy 0.9536
Time taken for 1 epoch: 361.73 secs


Starting epoch 139
Epoch 139 Batch 0 Loss 0.1340 Accuracy 0.9567
Epoch 139 Batch 100 Loss 0.1365 Accuracy 0.9540
Epoch 139 Batch 200 Loss 0.1374 Accuracy 0.9538
Epoch 139 Batch 300 Loss 0.1379 Accuracy 0.9536
Epoch 139 Batch 400 Loss 0.1380 Accuracy 0.9536
Epoch 139 Batch 500 Loss 0.1377 Accuracy 0.9537
Epoch 139 Batch 600 Loss 0.1379 Accuracy 0.9536
Epoch 139 Batch 700 Loss 0.1379 Accuracy 0.9536
Epoch 139 Batch 800 Loss 0.1382 Accuracy 0.9535
Time taken for 1 epoch: 362.07 secs


Starting epoch 140
Epoch 140 Batch 0 Loss 0.1413 Accuracy 0.9535
Epoch 140 Batch 100 Loss 0.1356 Accuracy 0.9543
Epoch 140 Batch 200 Loss 0.1366 Accuracy 0.9541
Epoch 140 Batch 300 Loss 0.1374 Accuracy 0.9538
Epoch 140 Batch 400 Loss 0.1374 Accuracy 0.9538
Epoch 140 Batch 500 Loss 0.1377 Accuracy 0.9538
Epoch 140 Batch 600 Loss 0.1376 Accuracy 0.9538
Epoch 140 Batch 700 Loss 0.1378 Accuracy 0.9537
Epoch 140 Batch 800 Loss 0.1379 Accuracy 0.9537
Time taken for 1 epoch: 362.11 secs


Starting epoch 141
Epoch 141 Batch 0 Loss 0.1358 Accuracy 0.9547
Epoch 141 Batch 100 Loss 0.1354 Accuracy 0.9545
Epoch 141 Batch 200 Loss 0.1365 Accuracy 0.9542
Epoch 141 Batch 300 Loss 0.1371 Accuracy 0.9540
Epoch 141 Batch 400 Loss 0.1371 Accuracy 0.9540
Epoch 141 Batch 500 Loss 0.1375 Accuracy 0.9538
Epoch 141 Batch 600 Loss 0.1377 Accuracy 0.9538
Epoch 141 Batch 700 Loss 0.1378 Accuracy 0.9538
Epoch 141 Batch 800 Loss 0.1378 Accuracy 0.9537
Time taken for 1 epoch: 362.22 secs


Starting epoch 142
Epoch 142 Batch 0 Loss 0.1319 Accuracy 0.9548
Epoch 142 Batch 100 Loss 0.1352 Accuracy 0.9546
Epoch 142 Batch 200 Loss 0.1355 Accuracy 0.9544
Epoch 142 Batch 300 Loss 0.1360 Accuracy 0.9542
Epoch 142 Batch 400 Loss 0.1368 Accuracy 0.9540
Epoch 142 Batch 500 Loss 0.1370 Accuracy 0.9539
Epoch 142 Batch 600 Loss 0.1374 Accuracy 0.9538
Epoch 142 Batch 700 Loss 0.1374 Accuracy 0.9538
Epoch 142 Batch 800 Loss 0.1376 Accuracy 0.9538
Time taken for 1 epoch: 362.11 secs


Starting epoch 143
Epoch 143 Batch 0 Loss 0.1190 Accuracy 0.9589
Epoch 143 Batch 100 Loss 0.1359 Accuracy 0.9543
Epoch 143 Batch 200 Loss 0.1371 Accuracy 0.9539
Epoch 143 Batch 300 Loss 0.1371 Accuracy 0.9540
Epoch 143 Batch 400 Loss 0.1370 Accuracy 0.9540
Epoch 143 Batch 500 Loss 0.1372 Accuracy 0.9540
Epoch 143 Batch 600 Loss 0.1374 Accuracy 0.9539
Epoch 143 Batch 700 Loss 0.1374 Accuracy 0.9539
Epoch 143 Batch 800 Loss 0.1374 Accuracy 0.9539
Time taken for 1 epoch: 361.82 secs


Starting epoch 144
Epoch 144 Batch 0 Loss 0.1293 Accuracy 0.9561
Epoch 144 Batch 100 Loss 0.1349 Accuracy 0.9547
Epoch 144 Batch 200 Loss 0.1362 Accuracy 0.9542
Epoch 144 Batch 300 Loss 0.1364 Accuracy 0.9542
Epoch 144 Batch 400 Loss 0.1367 Accuracy 0.9541
Epoch 144 Batch 500 Loss 0.1368 Accuracy 0.9541
Epoch 144 Batch 600 Loss 0.1371 Accuracy 0.9540
Epoch 144 Batch 700 Loss 0.1374 Accuracy 0.9539
Epoch 144 Batch 800 Loss 0.1375 Accuracy 0.9539
Time taken for 1 epoch: 362.12 secs


Starting epoch 145
Epoch 145 Batch 0 Loss 0.1289 Accuracy 0.9569
Epoch 145 Batch 100 Loss 0.1354 Accuracy 0.9544
Epoch 145 Batch 200 Loss 0.1356 Accuracy 0.9544
Epoch 145 Batch 300 Loss 0.1363 Accuracy 0.9542
Epoch 145 Batch 400 Loss 0.1365 Accuracy 0.9541
Epoch 145 Batch 500 Loss 0.1368 Accuracy 0.9540
Epoch 145 Batch 600 Loss 0.1370 Accuracy 0.9539
Epoch 145 Batch 700 Loss 0.1370 Accuracy 0.9540
Epoch 145 Batch 800 Loss 0.1371 Accuracy 0.9539
Time taken for 1 epoch: 361.99 secs


Starting epoch 146
Epoch 146 Batch 0 Loss 0.1408 Accuracy 0.9523
Epoch 146 Batch 100 Loss 0.1355 Accuracy 0.9545
Epoch 146 Batch 200 Loss 0.1363 Accuracy 0.9542
Epoch 146 Batch 300 Loss 0.1364 Accuracy 0.9541
Epoch 146 Batch 400 Loss 0.1366 Accuracy 0.9541
Epoch 146 Batch 500 Loss 0.1364 Accuracy 0.9542
Epoch 146 Batch 600 Loss 0.1364 Accuracy 0.9542
Epoch 146 Batch 700 Loss 0.1365 Accuracy 0.9541
Epoch 146 Batch 800 Loss 0.1368 Accuracy 0.9540
Time taken for 1 epoch: 362.18 secs


Starting epoch 147
Epoch 147 Batch 0 Loss 0.1369 Accuracy 0.9521
Epoch 147 Batch 100 Loss 0.1349 Accuracy 0.9548
Epoch 147 Batch 200 Loss 0.1350 Accuracy 0.9546
Epoch 147 Batch 300 Loss 0.1356 Accuracy 0.9544
Epoch 147 Batch 400 Loss 0.1359 Accuracy 0.9544
Epoch 147 Batch 500 Loss 0.1363 Accuracy 0.9542
Epoch 147 Batch 600 Loss 0.1367 Accuracy 0.9541
Epoch 147 Batch 700 Loss 0.1367 Accuracy 0.9541
Epoch 147 Batch 800 Loss 0.1368 Accuracy 0.9541
Time taken for 1 epoch: 361.89 secs


Starting epoch 148
Epoch 148 Batch 0 Loss 0.1308 Accuracy 0.9566
Epoch 148 Batch 100 Loss 0.1345 Accuracy 0.9547
Epoch 148 Batch 200 Loss 0.1356 Accuracy 0.9543
Epoch 148 Batch 300 Loss 0.1356 Accuracy 0.9543
Epoch 148 Batch 400 Loss 0.1360 Accuracy 0.9542
Epoch 148 Batch 500 Loss 0.1363 Accuracy 0.9541
Epoch 148 Batch 600 Loss 0.1364 Accuracy 0.9541
Epoch 148 Batch 700 Loss 0.1368 Accuracy 0.9540
Epoch 148 Batch 800 Loss 0.1367 Accuracy 0.9540
Time taken for 1 epoch: 362.10 secs


Starting epoch 149
Epoch 149 Batch 0 Loss 0.1379 Accuracy 0.9546
Epoch 149 Batch 100 Loss 0.1353 Accuracy 0.9544
Epoch 149 Batch 200 Loss 0.1355 Accuracy 0.9544
Epoch 149 Batch 300 Loss 0.1354 Accuracy 0.9544
Epoch 149 Batch 400 Loss 0.1357 Accuracy 0.9543
Epoch 149 Batch 500 Loss 0.1358 Accuracy 0.9543
Epoch 149 Batch 600 Loss 0.1362 Accuracy 0.9542
Epoch 149 Batch 700 Loss 0.1364 Accuracy 0.9541
Epoch 149 Batch 800 Loss 0.1367 Accuracy 0.9541
Time taken for 1 epoch: 361.95 secs


Starting epoch 150
Epoch 150 Batch 0 Loss 0.1336 Accuracy 0.9543
Epoch 150 Batch 100 Loss 0.1348 Accuracy 0.9546
Epoch 150 Batch 200 Loss 0.1358 Accuracy 0.9543
Epoch 150 Batch 300 Loss 0.1362 Accuracy 0.9541
Epoch 150 Batch 400 Loss 0.1364 Accuracy 0.9540
Epoch 150 Batch 500 Loss 0.1365 Accuracy 0.9540
Epoch 150 Batch 600 Loss 0.1364 Accuracy 0.9540
Epoch 150 Batch 700 Loss 0.1365 Accuracy 0.9540
Epoch 150 Batch 800 Loss 0.1366 Accuracy 0.9540
Time taken for 1 epoch: 361.79 secs


Starting epoch 151
Epoch 151 Batch 0 Loss 0.1357 Accuracy 0.9545
Epoch 151 Batch 100 Loss 0.1345 Accuracy 0.9549
Epoch 151 Batch 200 Loss 0.1350 Accuracy 0.9546
Epoch 151 Batch 300 Loss 0.1351 Accuracy 0.9546
Epoch 151 Batch 400 Loss 0.1355 Accuracy 0.9544
Epoch 151 Batch 500 Loss 0.1357 Accuracy 0.9543
Epoch 151 Batch 600 Loss 0.1357 Accuracy 0.9544
Epoch 151 Batch 700 Loss 0.1360 Accuracy 0.9543
Epoch 151 Batch 800 Loss 0.1362 Accuracy 0.9542
Time taken for 1 epoch: 361.90 secs


Starting epoch 152
Epoch 152 Batch 0 Loss 0.1413 Accuracy 0.9520
Epoch 152 Batch 100 Loss 0.1353 Accuracy 0.9545
Epoch 152 Batch 200 Loss 0.1352 Accuracy 0.9545
Epoch 152 Batch 300 Loss 0.1352 Accuracy 0.9544
Epoch 152 Batch 400 Loss 0.1355 Accuracy 0.9544
Epoch 152 Batch 500 Loss 0.1356 Accuracy 0.9543
Epoch 152 Batch 600 Loss 0.1360 Accuracy 0.9542
Epoch 152 Batch 700 Loss 0.1360 Accuracy 0.9542
Epoch 152 Batch 800 Loss 0.1361 Accuracy 0.9542
Time taken for 1 epoch: 361.96 secs


Starting epoch 153
Epoch 153 Batch 0 Loss 0.1395 Accuracy 0.9520
Epoch 153 Batch 100 Loss 0.1345 Accuracy 0.9547
Epoch 153 Batch 200 Loss 0.1346 Accuracy 0.9547
Epoch 153 Batch 300 Loss 0.1351 Accuracy 0.9545
Epoch 153 Batch 400 Loss 0.1350 Accuracy 0.9545
Epoch 153 Batch 500 Loss 0.1353 Accuracy 0.9545
Epoch 153 Batch 600 Loss 0.1357 Accuracy 0.9543
Epoch 153 Batch 700 Loss 0.1359 Accuracy 0.9543
Epoch 153 Batch 800 Loss 0.1361 Accuracy 0.9542
Time taken for 1 epoch: 362.09 secs


Starting epoch 154
Epoch 154 Batch 0 Loss 0.1337 Accuracy 0.9558
Epoch 154 Batch 100 Loss 0.1355 Accuracy 0.9545
Epoch 154 Batch 200 Loss 0.1356 Accuracy 0.9544
Epoch 154 Batch 300 Loss 0.1352 Accuracy 0.9545
Epoch 154 Batch 400 Loss 0.1351 Accuracy 0.9546
Epoch 154 Batch 500 Loss 0.1352 Accuracy 0.9545
Epoch 154 Batch 600 Loss 0.1356 Accuracy 0.9544
Epoch 154 Batch 700 Loss 0.1356 Accuracy 0.9544
Epoch 154 Batch 800 Loss 0.1359 Accuracy 0.9543
Time taken for 1 epoch: 362.16 secs


Starting epoch 155
Epoch 155 Batch 0 Loss 0.1338 Accuracy 0.9538
Epoch 155 Batch 100 Loss 0.1341 Accuracy 0.9548
Epoch 155 Batch 200 Loss 0.1340 Accuracy 0.9549
Epoch 155 Batch 300 Loss 0.1348 Accuracy 0.9546
Epoch 155 Batch 400 Loss 0.1351 Accuracy 0.9545
Epoch 155 Batch 500 Loss 0.1355 Accuracy 0.9543
Epoch 155 Batch 600 Loss 0.1354 Accuracy 0.9544
Epoch 155 Batch 700 Loss 0.1356 Accuracy 0.9543
Epoch 155 Batch 800 Loss 0.1358 Accuracy 0.9543
Time taken for 1 epoch: 362.03 secs


Starting epoch 156
Epoch 156 Batch 0 Loss 0.1507 Accuracy 0.9487
Epoch 156 Batch 100 Loss 0.1344 Accuracy 0.9547
Epoch 156 Batch 200 Loss 0.1344 Accuracy 0.9547
Epoch 156 Batch 300 Loss 0.1347 Accuracy 0.9547
Epoch 156 Batch 400 Loss 0.1347 Accuracy 0.9547
Epoch 156 Batch 500 Loss 0.1348 Accuracy 0.9546
Epoch 156 Batch 600 Loss 0.1350 Accuracy 0.9545
Epoch 156 Batch 700 Loss 0.1353 Accuracy 0.9544
Epoch 156 Batch 800 Loss 0.1355 Accuracy 0.9543
Time taken for 1 epoch: 361.99 secs


Starting epoch 157
Epoch 157 Batch 0 Loss 0.1247 Accuracy 0.9588
Epoch 157 Batch 100 Loss 0.1334 Accuracy 0.9552
Epoch 157 Batch 200 Loss 0.1341 Accuracy 0.9549
Epoch 157 Batch 300 Loss 0.1344 Accuracy 0.9548
Epoch 157 Batch 400 Loss 0.1347 Accuracy 0.9547
Epoch 157 Batch 500 Loss 0.1349 Accuracy 0.9547
Epoch 157 Batch 600 Loss 0.1350 Accuracy 0.9546
Epoch 157 Batch 700 Loss 0.1351 Accuracy 0.9546
Epoch 157 Batch 800 Loss 0.1353 Accuracy 0.9545
Time taken for 1 epoch: 362.04 secs


Starting epoch 158
Epoch 158 Batch 0 Loss 0.1145 Accuracy 0.9625
Epoch 158 Batch 100 Loss 0.1340 Accuracy 0.9549
Epoch 158 Batch 200 Loss 0.1337 Accuracy 0.9550
Epoch 158 Batch 300 Loss 0.1340 Accuracy 0.9549
Epoch 158 Batch 400 Loss 0.1344 Accuracy 0.9548
Epoch 158 Batch 500 Loss 0.1350 Accuracy 0.9546
Epoch 158 Batch 600 Loss 0.1349 Accuracy 0.9546
Epoch 158 Batch 700 Loss 0.1351 Accuracy 0.9545
Epoch 158 Batch 800 Loss 0.1354 Accuracy 0.9545
Time taken for 1 epoch: 361.80 secs


Starting epoch 159
Epoch 159 Batch 0 Loss 0.1421 Accuracy 0.9526
Epoch 159 Batch 100 Loss 0.1339 Accuracy 0.9549
Epoch 159 Batch 200 Loss 0.1342 Accuracy 0.9548
Epoch 159 Batch 300 Loss 0.1347 Accuracy 0.9546
Epoch 159 Batch 400 Loss 0.1347 Accuracy 0.9546
Epoch 159 Batch 500 Loss 0.1348 Accuracy 0.9546
Epoch 159 Batch 600 Loss 0.1351 Accuracy 0.9545
Epoch 159 Batch 700 Loss 0.1352 Accuracy 0.9545
Epoch 159 Batch 800 Loss 0.1352 Accuracy 0.9545
Time taken for 1 epoch: 361.83 secs


Starting epoch 160
Epoch 160 Batch 0 Loss 0.1120 Accuracy 0.9609
Epoch 160 Batch 100 Loss 0.1324 Accuracy 0.9553
Epoch 160 Batch 200 Loss 0.1334 Accuracy 0.9551
Epoch 160 Batch 300 Loss 0.1341 Accuracy 0.9549
Epoch 160 Batch 400 Loss 0.1342 Accuracy 0.9549
Epoch 160 Batch 500 Loss 0.1346 Accuracy 0.9547
Epoch 160 Batch 600 Loss 0.1348 Accuracy 0.9546
Epoch 160 Batch 700 Loss 0.1350 Accuracy 0.9546
Epoch 160 Batch 800 Loss 0.1350 Accuracy 0.9546
Time taken for 1 epoch: 362.00 secs


Starting epoch 161
Epoch 161 Batch 0 Loss 0.1292 Accuracy 0.9563
Epoch 161 Batch 100 Loss 0.1338 Accuracy 0.9550
Epoch 161 Batch 200 Loss 0.1335 Accuracy 0.9551
Epoch 161 Batch 300 Loss 0.1341 Accuracy 0.9549
Epoch 161 Batch 400 Loss 0.1341 Accuracy 0.9549
Epoch 161 Batch 500 Loss 0.1345 Accuracy 0.9547
Epoch 161 Batch 600 Loss 0.1346 Accuracy 0.9547
Epoch 161 Batch 700 Loss 0.1348 Accuracy 0.9546
Epoch 161 Batch 800 Loss 0.1349 Accuracy 0.9546
Time taken for 1 epoch: 362.14 secs


Starting epoch 162
Epoch 162 Batch 0 Loss 0.1171 Accuracy 0.9618
Epoch 162 Batch 100 Loss 0.1324 Accuracy 0.9553
Epoch 162 Batch 200 Loss 0.1335 Accuracy 0.9550
Epoch 162 Batch 300 Loss 0.1335 Accuracy 0.9550
Epoch 162 Batch 400 Loss 0.1339 Accuracy 0.9549
Epoch 162 Batch 500 Loss 0.1341 Accuracy 0.9548
Epoch 162 Batch 600 Loss 0.1343 Accuracy 0.9547
Epoch 162 Batch 700 Loss 0.1346 Accuracy 0.9547
Epoch 162 Batch 800 Loss 0.1347 Accuracy 0.9547
Time taken for 1 epoch: 361.83 secs


Starting epoch 163
Epoch 163 Batch 0 Loss 0.1279 Accuracy 0.9569
Epoch 163 Batch 100 Loss 0.1337 Accuracy 0.9550
Epoch 163 Batch 200 Loss 0.1337 Accuracy 0.9549
Epoch 163 Batch 300 Loss 0.1339 Accuracy 0.9549
Epoch 163 Batch 400 Loss 0.1341 Accuracy 0.9549
Epoch 163 Batch 500 Loss 0.1343 Accuracy 0.9548
Epoch 163 Batch 600 Loss 0.1344 Accuracy 0.9548
Epoch 163 Batch 700 Loss 0.1346 Accuracy 0.9547
Epoch 163 Batch 800 Loss 0.1345 Accuracy 0.9547
Time taken for 1 epoch: 362.16 secs


Starting epoch 164
Epoch 164 Batch 0 Loss 0.1440 Accuracy 0.9535
Epoch 164 Batch 100 Loss 0.1334 Accuracy 0.9551
Epoch 164 Batch 200 Loss 0.1339 Accuracy 0.9549
Epoch 164 Batch 300 Loss 0.1339 Accuracy 0.9550
Epoch 164 Batch 400 Loss 0.1339 Accuracy 0.9550
Epoch 164 Batch 500 Loss 0.1341 Accuracy 0.9549
Epoch 164 Batch 600 Loss 0.1343 Accuracy 0.9548
Epoch 164 Batch 700 Loss 0.1345 Accuracy 0.9548
Epoch 164 Batch 800 Loss 0.1345 Accuracy 0.9548
Time taken for 1 epoch: 361.98 secs


Starting epoch 165
Epoch 165 Batch 0 Loss 0.1305 Accuracy 0.9565
Epoch 165 Batch 100 Loss 0.1328 Accuracy 0.9554
Epoch 165 Batch 200 Loss 0.1332 Accuracy 0.9552
Epoch 165 Batch 300 Loss 0.1332 Accuracy 0.9552
Epoch 165 Batch 400 Loss 0.1334 Accuracy 0.9551
Epoch 165 Batch 500 Loss 0.1339 Accuracy 0.9549
Epoch 165 Batch 600 Loss 0.1343 Accuracy 0.9548
Epoch 165 Batch 700 Loss 0.1344 Accuracy 0.9548
Epoch 165 Batch 800 Loss 0.1345 Accuracy 0.9547
Time taken for 1 epoch: 361.81 secs


Starting epoch 166
Epoch 166 Batch 0 Loss 0.1370 Accuracy 0.9545
Epoch 166 Batch 100 Loss 0.1317 Accuracy 0.9556
Epoch 166 Batch 200 Loss 0.1331 Accuracy 0.9552
Epoch 166 Batch 300 Loss 0.1333 Accuracy 0.9551
Epoch 166 Batch 400 Loss 0.1338 Accuracy 0.9549
Epoch 166 Batch 500 Loss 0.1341 Accuracy 0.9548
Epoch 166 Batch 600 Loss 0.1340 Accuracy 0.9549
Epoch 166 Batch 700 Loss 0.1343 Accuracy 0.9548
Epoch 166 Batch 800 Loss 0.1345 Accuracy 0.9547
Time taken for 1 epoch: 361.81 secs


Starting epoch 167
Epoch 167 Batch 0 Loss 0.1119 Accuracy 0.9628
Epoch 167 Batch 100 Loss 0.1333 Accuracy 0.9551
Epoch 167 Batch 200 Loss 0.1331 Accuracy 0.9551
Epoch 167 Batch 300 Loss 0.1328 Accuracy 0.9552
Epoch 167 Batch 400 Loss 0.1333 Accuracy 0.9551
Epoch 167 Batch 500 Loss 0.1338 Accuracy 0.9550
Epoch 167 Batch 600 Loss 0.1339 Accuracy 0.9550
Epoch 167 Batch 700 Loss 0.1341 Accuracy 0.9549
Epoch 167 Batch 800 Loss 0.1343 Accuracy 0.9548
Time taken for 1 epoch: 362.18 secs


Starting epoch 168
Epoch 168 Batch 0 Loss 0.1188 Accuracy 0.9586
Epoch 168 Batch 100 Loss 0.1319 Accuracy 0.9555
Epoch 168 Batch 200 Loss 0.1324 Accuracy 0.9554
Epoch 168 Batch 300 Loss 0.1330 Accuracy 0.9551
Epoch 168 Batch 400 Loss 0.1335 Accuracy 0.9550
Epoch 168 Batch 500 Loss 0.1336 Accuracy 0.9550
Epoch 168 Batch 600 Loss 0.1338 Accuracy 0.9549
Epoch 168 Batch 700 Loss 0.1339 Accuracy 0.9549
Epoch 168 Batch 800 Loss 0.1339 Accuracy 0.9549
Time taken for 1 epoch: 362.19 secs


Starting epoch 169
Epoch 169 Batch 0 Loss 0.1363 Accuracy 0.9544
Epoch 169 Batch 100 Loss 0.1315 Accuracy 0.9555
Epoch 169 Batch 200 Loss 0.1314 Accuracy 0.9557
Epoch 169 Batch 300 Loss 0.1328 Accuracy 0.9552
Epoch 169 Batch 400 Loss 0.1332 Accuracy 0.9551
Epoch 169 Batch 500 Loss 0.1332 Accuracy 0.9551
Epoch 169 Batch 600 Loss 0.1333 Accuracy 0.9550
Epoch 169 Batch 700 Loss 0.1338 Accuracy 0.9549
Epoch 169 Batch 800 Loss 0.1339 Accuracy 0.9548
Time taken for 1 epoch: 362.22 secs


Starting epoch 170
Epoch 170 Batch 0 Loss 0.1336 Accuracy 0.9546
Epoch 170 Batch 100 Loss 0.1329 Accuracy 0.9550
Epoch 170 Batch 200 Loss 0.1329 Accuracy 0.9552
Epoch 170 Batch 300 Loss 0.1328 Accuracy 0.9553
Epoch 170 Batch 400 Loss 0.1330 Accuracy 0.9552
Epoch 170 Batch 500 Loss 0.1331 Accuracy 0.9552
Epoch 170 Batch 600 Loss 0.1334 Accuracy 0.9551
Epoch 170 Batch 700 Loss 0.1337 Accuracy 0.9550
Epoch 170 Batch 800 Loss 0.1338 Accuracy 0.9550
Time taken for 1 epoch: 362.01 secs


Starting epoch 171
Epoch 171 Batch 0 Loss 0.1276 Accuracy 0.9572
Epoch 171 Batch 100 Loss 0.1335 Accuracy 0.9551
Epoch 171 Batch 200 Loss 0.1327 Accuracy 0.9554
Epoch 171 Batch 300 Loss 0.1326 Accuracy 0.9554
Epoch 171 Batch 400 Loss 0.1328 Accuracy 0.9553
Epoch 171 Batch 500 Loss 0.1331 Accuracy 0.9552
Epoch 171 Batch 600 Loss 0.1334 Accuracy 0.9551
Epoch 171 Batch 700 Loss 0.1335 Accuracy 0.9551
Epoch 171 Batch 800 Loss 0.1338 Accuracy 0.9550
Time taken for 1 epoch: 361.83 secs


Starting epoch 172
Epoch 172 Batch 0 Loss 0.1476 Accuracy 0.9486
Epoch 172 Batch 100 Loss 0.1333 Accuracy 0.9551
Epoch 172 Batch 200 Loss 0.1325 Accuracy 0.9553
Epoch 172 Batch 300 Loss 0.1331 Accuracy 0.9552
Epoch 172 Batch 400 Loss 0.1332 Accuracy 0.9551
Epoch 172 Batch 500 Loss 0.1333 Accuracy 0.9551
Epoch 172 Batch 600 Loss 0.1334 Accuracy 0.9550
Epoch 172 Batch 700 Loss 0.1338 Accuracy 0.9550
Epoch 172 Batch 800 Loss 0.1337 Accuracy 0.9550
Time taken for 1 epoch: 362.15 secs


Starting epoch 173
Epoch 173 Batch 0 Loss 0.1418 Accuracy 0.9532
Epoch 173 Batch 100 Loss 0.1311 Accuracy 0.9557
Epoch 173 Batch 200 Loss 0.1314 Accuracy 0.9557
Epoch 173 Batch 300 Loss 0.1319 Accuracy 0.9555
Epoch 173 Batch 400 Loss 0.1323 Accuracy 0.9554
Epoch 173 Batch 500 Loss 0.1325 Accuracy 0.9554
Epoch 173 Batch 600 Loss 0.1329 Accuracy 0.9552
Epoch 173 Batch 700 Loss 0.1333 Accuracy 0.9551
Epoch 173 Batch 800 Loss 0.1335 Accuracy 0.9550
Time taken for 1 epoch: 361.80 secs


Starting epoch 174
Epoch 174 Batch 0 Loss 0.1279 Accuracy 0.9558
Epoch 174 Batch 100 Loss 0.1321 Accuracy 0.9555
Epoch 174 Batch 200 Loss 0.1325 Accuracy 0.9553
Epoch 174 Batch 300 Loss 0.1331 Accuracy 0.9551
Epoch 174 Batch 400 Loss 0.1330 Accuracy 0.9551
Epoch 174 Batch 500 Loss 0.1333 Accuracy 0.9550
Epoch 174 Batch 600 Loss 0.1333 Accuracy 0.9550
Epoch 174 Batch 700 Loss 0.1333 Accuracy 0.9551
Epoch 174 Batch 800 Loss 0.1334 Accuracy 0.9550
Time taken for 1 epoch: 361.98 secs


Starting epoch 175
Epoch 175 Batch 0 Loss 0.1375 Accuracy 0.9556
Epoch 175 Batch 100 Loss 0.1319 Accuracy 0.9555
Epoch 175 Batch 200 Loss 0.1326 Accuracy 0.9552
Epoch 175 Batch 300 Loss 0.1328 Accuracy 0.9552
Epoch 175 Batch 400 Loss 0.1326 Accuracy 0.9553
Epoch 175 Batch 500 Loss 0.1329 Accuracy 0.9552
Epoch 175 Batch 600 Loss 0.1331 Accuracy 0.9551
Epoch 175 Batch 700 Loss 0.1331 Accuracy 0.9551
Epoch 175 Batch 800 Loss 0.1333 Accuracy 0.9551
Time taken for 1 epoch: 361.99 secs


Starting epoch 176
Epoch 176 Batch 0 Loss 0.1302 Accuracy 0.9562
Epoch 176 Batch 100 Loss 0.1326 Accuracy 0.9555
Epoch 176 Batch 200 Loss 0.1324 Accuracy 0.9554
Epoch 176 Batch 300 Loss 0.1326 Accuracy 0.9553
Epoch 176 Batch 400 Loss 0.1328 Accuracy 0.9553
Epoch 176 Batch 500 Loss 0.1327 Accuracy 0.9553
Epoch 176 Batch 600 Loss 0.1328 Accuracy 0.9553
Epoch 176 Batch 700 Loss 0.1330 Accuracy 0.9552
Epoch 176 Batch 800 Loss 0.1330 Accuracy 0.9552
Time taken for 1 epoch: 362.00 secs


Starting epoch 177
Epoch 177 Batch 0 Loss 0.1197 Accuracy 0.9596
Epoch 177 Batch 100 Loss 0.1320 Accuracy 0.9554
Epoch 177 Batch 200 Loss 0.1315 Accuracy 0.9556
Epoch 177 Batch 300 Loss 0.1321 Accuracy 0.9554
Epoch 177 Batch 400 Loss 0.1324 Accuracy 0.9553
Epoch 177 Batch 500 Loss 0.1326 Accuracy 0.9553
Epoch 177 Batch 600 Loss 0.1327 Accuracy 0.9552
Epoch 177 Batch 700 Loss 0.1327 Accuracy 0.9552
Epoch 177 Batch 800 Loss 0.1330 Accuracy 0.9552
Time taken for 1 epoch: 362.27 secs


Starting epoch 178
Epoch 178 Batch 0 Loss 0.1409 Accuracy 0.9536
Epoch 178 Batch 100 Loss 0.1316 Accuracy 0.9556
Epoch 178 Batch 200 Loss 0.1325 Accuracy 0.9553
Epoch 178 Batch 300 Loss 0.1323 Accuracy 0.9554
Epoch 178 Batch 400 Loss 0.1326 Accuracy 0.9553
Epoch 178 Batch 500 Loss 0.1326 Accuracy 0.9553
Epoch 178 Batch 600 Loss 0.1326 Accuracy 0.9553
Epoch 178 Batch 700 Loss 0.1328 Accuracy 0.9553
Epoch 178 Batch 800 Loss 0.1330 Accuracy 0.9552
Time taken for 1 epoch: 362.08 secs


Starting epoch 179
Epoch 179 Batch 0 Loss 0.1323 Accuracy 0.9546
Epoch 179 Batch 100 Loss 0.1312 Accuracy 0.9558
Epoch 179 Batch 200 Loss 0.1316 Accuracy 0.9557
Epoch 179 Batch 300 Loss 0.1320 Accuracy 0.9556
Epoch 179 Batch 400 Loss 0.1324 Accuracy 0.9554
Epoch 179 Batch 500 Loss 0.1325 Accuracy 0.9554
Epoch 179 Batch 600 Loss 0.1326 Accuracy 0.9553
Epoch 179 Batch 700 Loss 0.1326 Accuracy 0.9553
Epoch 179 Batch 800 Loss 0.1326 Accuracy 0.9553
Time taken for 1 epoch: 362.10 secs


Starting epoch 180
Epoch 180 Batch 0 Loss 0.1122 Accuracy 0.9617
Epoch 180 Batch 100 Loss 0.1302 Accuracy 0.9560
Epoch 180 Batch 200 Loss 0.1308 Accuracy 0.9559
Epoch 180 Batch 300 Loss 0.1311 Accuracy 0.9558
Epoch 180 Batch 400 Loss 0.1317 Accuracy 0.9556
Epoch 180 Batch 500 Loss 0.1318 Accuracy 0.9555
Epoch 180 Batch 600 Loss 0.1321 Accuracy 0.9554
Epoch 180 Batch 700 Loss 0.1323 Accuracy 0.9554
Epoch 180 Batch 800 Loss 0.1325 Accuracy 0.9553
Time taken for 1 epoch: 362.14 secs


Starting epoch 181
Epoch 181 Batch 0 Loss 0.1274 Accuracy 0.9575
Epoch 181 Batch 100 Loss 0.1314 Accuracy 0.9557
Epoch 181 Batch 200 Loss 0.1315 Accuracy 0.9556
Epoch 181 Batch 300 Loss 0.1317 Accuracy 0.9556
Epoch 181 Batch 400 Loss 0.1316 Accuracy 0.9556
Epoch 181 Batch 500 Loss 0.1319 Accuracy 0.9555
Epoch 181 Batch 600 Loss 0.1324 Accuracy 0.9554
Epoch 181 Batch 700 Loss 0.1326 Accuracy 0.9553
Epoch 181 Batch 800 Loss 0.1326 Accuracy 0.9553
Time taken for 1 epoch: 361.98 secs


Starting epoch 182
Epoch 182 Batch 0 Loss 0.1332 Accuracy 0.9563
Epoch 182 Batch 100 Loss 0.1309 Accuracy 0.9557
Epoch 182 Batch 200 Loss 0.1312 Accuracy 0.9556
Epoch 182 Batch 300 Loss 0.1313 Accuracy 0.9557
Epoch 182 Batch 400 Loss 0.1317 Accuracy 0.9556
Epoch 182 Batch 500 Loss 0.1320 Accuracy 0.9555
Epoch 182 Batch 600 Loss 0.1321 Accuracy 0.9554
Epoch 182 Batch 700 Loss 0.1322 Accuracy 0.9554
Epoch 182 Batch 800 Loss 0.1325 Accuracy 0.9554
Time taken for 1 epoch: 362.08 secs


Starting epoch 183
Epoch 183 Batch 0 Loss 0.1285 Accuracy 0.9569
Epoch 183 Batch 100 Loss 0.1299 Accuracy 0.9563
Epoch 183 Batch 200 Loss 0.1310 Accuracy 0.9560
Epoch 183 Batch 300 Loss 0.1316 Accuracy 0.9557
Epoch 183 Batch 400 Loss 0.1313 Accuracy 0.9558
Epoch 183 Batch 500 Loss 0.1317 Accuracy 0.9557
Epoch 183 Batch 600 Loss 0.1318 Accuracy 0.9556
Epoch 183 Batch 700 Loss 0.1320 Accuracy 0.9556
Epoch 183 Batch 800 Loss 0.1322 Accuracy 0.9555
Time taken for 1 epoch: 362.11 secs


Starting epoch 184
Epoch 184 Batch 0 Loss 0.1230 Accuracy 0.9568
Epoch 184 Batch 100 Loss 0.1304 Accuracy 0.9560
Epoch 184 Batch 200 Loss 0.1306 Accuracy 0.9560
Epoch 184 Batch 300 Loss 0.1310 Accuracy 0.9558
Epoch 184 Batch 400 Loss 0.1317 Accuracy 0.9556
Epoch 184 Batch 500 Loss 0.1320 Accuracy 0.9555
Epoch 184 Batch 600 Loss 0.1319 Accuracy 0.9555
Epoch 184 Batch 700 Loss 0.1320 Accuracy 0.9555
Epoch 184 Batch 800 Loss 0.1321 Accuracy 0.9554
Time taken for 1 epoch: 362.08 secs


Starting epoch 185
Epoch 185 Batch 0 Loss 0.1433 Accuracy 0.9512
Epoch 185 Batch 100 Loss 0.1312 Accuracy 0.9558
Epoch 185 Batch 200 Loss 0.1313 Accuracy 0.9557
Epoch 185 Batch 300 Loss 0.1314 Accuracy 0.9557
Epoch 185 Batch 400 Loss 0.1315 Accuracy 0.9557
Epoch 185 Batch 500 Loss 0.1316 Accuracy 0.9556
Epoch 185 Batch 600 Loss 0.1317 Accuracy 0.9556
Epoch 185 Batch 700 Loss 0.1320 Accuracy 0.9555
Epoch 185 Batch 800 Loss 0.1321 Accuracy 0.9554
Time taken for 1 epoch: 362.07 secs


Starting epoch 186
Epoch 186 Batch 0 Loss 0.1288 Accuracy 0.9544
Epoch 186 Batch 100 Loss 0.1300 Accuracy 0.9559
Epoch 186 Batch 200 Loss 0.1308 Accuracy 0.9557
Epoch 186 Batch 300 Loss 0.1310 Accuracy 0.9557
Epoch 186 Batch 400 Loss 0.1313 Accuracy 0.9556
Epoch 186 Batch 500 Loss 0.1315 Accuracy 0.9556
Epoch 186 Batch 600 Loss 0.1319 Accuracy 0.9555
Epoch 186 Batch 700 Loss 0.1320 Accuracy 0.9555
Epoch 186 Batch 800 Loss 0.1322 Accuracy 0.9554
Time taken for 1 epoch: 362.07 secs


Starting epoch 187
Epoch 187 Batch 0 Loss 0.1382 Accuracy 0.9527
Epoch 187 Batch 100 Loss 0.1308 Accuracy 0.9559
Epoch 187 Batch 200 Loss 0.1316 Accuracy 0.9557
Epoch 187 Batch 300 Loss 0.1310 Accuracy 0.9559
Epoch 187 Batch 400 Loss 0.1312 Accuracy 0.9558
Epoch 187 Batch 500 Loss 0.1315 Accuracy 0.9557
Epoch 187 Batch 600 Loss 0.1316 Accuracy 0.9556
Epoch 187 Batch 700 Loss 0.1319 Accuracy 0.9556
Epoch 187 Batch 800 Loss 0.1319 Accuracy 0.9555
Time taken for 1 epoch: 361.97 secs


Starting epoch 188
Epoch 188 Batch 0 Loss 0.1266 Accuracy 0.9565
Epoch 188 Batch 100 Loss 0.1299 Accuracy 0.9561
Epoch 188 Batch 200 Loss 0.1309 Accuracy 0.9558
Epoch 188 Batch 300 Loss 0.1307 Accuracy 0.9560
Epoch 188 Batch 400 Loss 0.1311 Accuracy 0.9559
Epoch 188 Batch 500 Loss 0.1314 Accuracy 0.9558
Epoch 188 Batch 600 Loss 0.1316 Accuracy 0.9557
Epoch 188 Batch 700 Loss 0.1317 Accuracy 0.9556
Epoch 188 Batch 800 Loss 0.1318 Accuracy 0.9556
Time taken for 1 epoch: 362.17 secs


Starting epoch 189
Epoch 189 Batch 0 Loss 0.1235 Accuracy 0.9565
Epoch 189 Batch 100 Loss 0.1308 Accuracy 0.9559
Epoch 189 Batch 200 Loss 0.1304 Accuracy 0.9560
Epoch 189 Batch 300 Loss 0.1306 Accuracy 0.9559
Epoch 189 Batch 400 Loss 0.1309 Accuracy 0.9558
Epoch 189 Batch 500 Loss 0.1311 Accuracy 0.9558
Epoch 189 Batch 600 Loss 0.1314 Accuracy 0.9557
Epoch 189 Batch 700 Loss 0.1317 Accuracy 0.9556
Epoch 189 Batch 800 Loss 0.1318 Accuracy 0.9555
Time taken for 1 epoch: 362.08 secs


Starting epoch 190
Epoch 190 Batch 0 Loss 0.1386 Accuracy 0.9519
Epoch 190 Batch 100 Loss 0.1313 Accuracy 0.9555
Epoch 190 Batch 200 Loss 0.1306 Accuracy 0.9558
Epoch 190 Batch 300 Loss 0.1311 Accuracy 0.9557
Epoch 190 Batch 400 Loss 0.1311 Accuracy 0.9557
Epoch 190 Batch 500 Loss 0.1312 Accuracy 0.9557
Epoch 190 Batch 600 Loss 0.1312 Accuracy 0.9557
Epoch 190 Batch 700 Loss 0.1314 Accuracy 0.9557
Epoch 190 Batch 800 Loss 0.1316 Accuracy 0.9556
Time taken for 1 epoch: 362.19 secs


Starting epoch 191
Epoch 191 Batch 0 Loss 0.1242 Accuracy 0.9599
Epoch 191 Batch 100 Loss 0.1302 Accuracy 0.9563
Epoch 191 Batch 200 Loss 0.1301 Accuracy 0.9562
Epoch 191 Batch 300 Loss 0.1307 Accuracy 0.9560
Epoch 191 Batch 400 Loss 0.1312 Accuracy 0.9558
Epoch 191 Batch 500 Loss 0.1313 Accuracy 0.9558
Epoch 191 Batch 600 Loss 0.1313 Accuracy 0.9558
Epoch 191 Batch 700 Loss 0.1314 Accuracy 0.9557
Epoch 191 Batch 800 Loss 0.1316 Accuracy 0.9557
Time taken for 1 epoch: 361.88 secs


Starting epoch 192
Epoch 192 Batch 0 Loss 0.1382 Accuracy 0.9542
Epoch 192 Batch 100 Loss 0.1301 Accuracy 0.9562
Epoch 192 Batch 200 Loss 0.1308 Accuracy 0.9559
Epoch 192 Batch 300 Loss 0.1304 Accuracy 0.9560
Epoch 192 Batch 400 Loss 0.1305 Accuracy 0.9560
Epoch 192 Batch 500 Loss 0.1306 Accuracy 0.9560
Epoch 192 Batch 600 Loss 0.1308 Accuracy 0.9559
Epoch 192 Batch 700 Loss 0.1312 Accuracy 0.9558
Epoch 192 Batch 800 Loss 0.1313 Accuracy 0.9557
Time taken for 1 epoch: 362.06 secs


Starting epoch 193
Epoch 193 Batch 0 Loss 0.1196 Accuracy 0.9624
Epoch 193 Batch 100 Loss 0.1297 Accuracy 0.9561
Epoch 193 Batch 200 Loss 0.1303 Accuracy 0.9560
Epoch 193 Batch 300 Loss 0.1305 Accuracy 0.9559
Epoch 193 Batch 400 Loss 0.1308 Accuracy 0.9559
Epoch 193 Batch 500 Loss 0.1311 Accuracy 0.9557
Epoch 193 Batch 600 Loss 0.1311 Accuracy 0.9558
Epoch 193 Batch 700 Loss 0.1313 Accuracy 0.9557
Epoch 193 Batch 800 Loss 0.1314 Accuracy 0.9557
Time taken for 1 epoch: 362.04 secs


Starting epoch 194
Epoch 194 Batch 0 Loss 0.1239 Accuracy 0.9574
Epoch 194 Batch 100 Loss 0.1298 Accuracy 0.9561
Epoch 194 Batch 200 Loss 0.1304 Accuracy 0.9560
Epoch 194 Batch 300 Loss 0.1303 Accuracy 0.9561
Epoch 194 Batch 400 Loss 0.1303 Accuracy 0.9561
Epoch 194 Batch 500 Loss 0.1304 Accuracy 0.9561
Epoch 194 Batch 600 Loss 0.1306 Accuracy 0.9560
Epoch 194 Batch 700 Loss 0.1309 Accuracy 0.9559
Epoch 194 Batch 800 Loss 0.1311 Accuracy 0.9558
Time taken for 1 epoch: 361.99 secs


Starting epoch 195
Epoch 195 Batch 0 Loss 0.1338 Accuracy 0.9527
Epoch 195 Batch 100 Loss 0.1307 Accuracy 0.9557
Epoch 195 Batch 200 Loss 0.1305 Accuracy 0.9558
Epoch 195 Batch 300 Loss 0.1306 Accuracy 0.9559
Epoch 195 Batch 400 Loss 0.1307 Accuracy 0.9559
Epoch 195 Batch 500 Loss 0.1310 Accuracy 0.9558
Epoch 195 Batch 600 Loss 0.1310 Accuracy 0.9558
Epoch 195 Batch 700 Loss 0.1309 Accuracy 0.9558
Epoch 195 Batch 800 Loss 0.1310 Accuracy 0.9558
Time taken for 1 epoch: 361.92 secs


Starting epoch 196
Epoch 196 Batch 0 Loss 0.1175 Accuracy 0.9607
Epoch 196 Batch 100 Loss 0.1303 Accuracy 0.9561
Epoch 196 Batch 200 Loss 0.1304 Accuracy 0.9561
Epoch 196 Batch 300 Loss 0.1303 Accuracy 0.9560
Epoch 196 Batch 400 Loss 0.1309 Accuracy 0.9558
Epoch 196 Batch 500 Loss 0.1311 Accuracy 0.9558
Epoch 196 Batch 600 Loss 0.1312 Accuracy 0.9558
Epoch 196 Batch 700 Loss 0.1311 Accuracy 0.9558
Epoch 196 Batch 800 Loss 0.1312 Accuracy 0.9557
Time taken for 1 epoch: 362.27 secs


Starting epoch 197
Epoch 197 Batch 0 Loss 0.1414 Accuracy 0.9510
Epoch 197 Batch 100 Loss 0.1295 Accuracy 0.9563
Epoch 197 Batch 200 Loss 0.1299 Accuracy 0.9562
Epoch 197 Batch 300 Loss 0.1300 Accuracy 0.9561
Epoch 197 Batch 400 Loss 0.1303 Accuracy 0.9560
Epoch 197 Batch 500 Loss 0.1305 Accuracy 0.9560
Epoch 197 Batch 600 Loss 0.1305 Accuracy 0.9560
Epoch 197 Batch 700 Loss 0.1307 Accuracy 0.9560
Epoch 197 Batch 800 Loss 0.1310 Accuracy 0.9559
Time taken for 1 epoch: 361.84 secs


Starting epoch 198
Epoch 198 Batch 0 Loss 0.1236 Accuracy 0.9581
Epoch 198 Batch 100 Loss 0.1277 Accuracy 0.9568
Epoch 198 Batch 200 Loss 0.1289 Accuracy 0.9565
Epoch 198 Batch 300 Loss 0.1291 Accuracy 0.9564
Epoch 198 Batch 400 Loss 0.1295 Accuracy 0.9563
Epoch 198 Batch 500 Loss 0.1298 Accuracy 0.9562
Epoch 198 Batch 600 Loss 0.1305 Accuracy 0.9560
Epoch 198 Batch 700 Loss 0.1306 Accuracy 0.9559
Epoch 198 Batch 800 Loss 0.1310 Accuracy 0.9558
Time taken for 1 epoch: 362.03 secs


Starting epoch 199
Epoch 199 Batch 0 Loss 0.1229 Accuracy 0.9589
Epoch 199 Batch 100 Loss 0.1297 Accuracy 0.9562
Epoch 199 Batch 200 Loss 0.1299 Accuracy 0.9561
Epoch 199 Batch 300 Loss 0.1296 Accuracy 0.9563
Epoch 199 Batch 400 Loss 0.1298 Accuracy 0.9562
Epoch 199 Batch 500 Loss 0.1304 Accuracy 0.9560
Epoch 199 Batch 600 Loss 0.1307 Accuracy 0.9559
Epoch 199 Batch 700 Loss 0.1307 Accuracy 0.9559
Epoch 199 Batch 800 Loss 0.1308 Accuracy 0.9559
Time taken for 1 epoch: 362.27 secs


Starting epoch 200
Epoch 200 Batch 0 Loss 0.1366 Accuracy 0.9533
Epoch 200 Batch 100 Loss 0.1294 Accuracy 0.9563
Epoch 200 Batch 200 Loss 0.1292 Accuracy 0.9564
Epoch 200 Batch 300 Loss 0.1289 Accuracy 0.9565
Epoch 200 Batch 400 Loss 0.1296 Accuracy 0.9563
Epoch 200 Batch 500 Loss 0.1297 Accuracy 0.9562
Epoch 200 Batch 600 Loss 0.1302 Accuracy 0.9561
Epoch 200 Batch 700 Loss 0.1306 Accuracy 0.9559
Epoch 200 Batch 800 Loss 0.1307 Accuracy 0.9559
Time taken for 1 epoch: 362.17 secs

