Creating dataset for None out of 45033 found entries of the document.
[ 1 27 49 11 49 49  4 23 60  5 49 49 12 44 57 29 46 49 57 49 11 12 65  0
  0  0  0  0  0  0  0  0  0  0  0  0  0  0  0  0  0  0  0  0  0  0  0  0
  0  0  0  0  0  0  0  0  0  0  0  0  0  0  0  0  0  0  0  0  0  0  0  0
  0  0  0  0  0  0  0  0  0  0  0  0  0  0  0  0  0  0  0  0  0  0  0  0
  0  0  0  0  0  0  0  0  0  0  0  0  0  0  0  0  0  0  0  0  0  0  0  0
  0  0  0  0  0  0  0  0  0  0  0  0  0  0  0  0  0  0  0  0  0  0  0  0
  0  0  0  0  0  0  0  0  0  0  0  0  0  0  0  0  0  0  0  0  0  0  0  0
  0  0  0  0  0  0  0  0  0  0  0  0  0  0  0  0  0  0  0  0  0  0  0  0
  0  0  0  0  0  0  0]
[ 1 34 49 11 49 49  4 23 60  5 49 49  4 27  5 49 11 34  8 35 20 24 35 65
  0  0  0  0  0  0  0  0  0  0  0  0  0  0  0  0  0  0  0  0  0  0  0  0
  0  0  0  0  0  0  0  0  0  0  0  0  0  0  0  0  0  0  0  0  0  0  0  0
  0  0  0  0  0  0  0  0  0  0  0  0  0  0  0  0  0  0  0  0  0  0  0  0
  0  0  0  0  0  0  0  0  0  0  0  0  0  0  0  0  0  0  0  0  0  0  0  0
  0  0  0  0  0  0  0  0  0  0  0  0  0  0  0  0  0  0  0  0  0  0  0  0
  0  0  0  0  0  0  0  0  0  0  0  0  0  0  0  0  0  0  0  0  0  0  0  0
  0  0  0  0  0  0  0  0  0  0  0  0  0  0  0  0  0  0  0  0  0  0  0  0
  0  0  0  0  0  0  0]

Starting epoch 1
Epoch 1 Batch 0 Loss 5.3877 Accuracy 0.0045
Epoch 1 Batch 100 Loss 3.6945 Accuracy 0.1395
Time taken for 1 epoch: 59.57 secs


Starting epoch 2
Epoch 2 Batch 0 Loss 2.4567 Accuracy 0.3088
Epoch 2 Batch 100 Loss 2.0632 Accuracy 0.3977
Time taken for 1 epoch: 48.88 secs


Starting epoch 3
Epoch 3 Batch 0 Loss 1.6062 Accuracy 0.4937
Epoch 3 Batch 100 Loss 1.5073 Accuracy 0.5128
Time taken for 1 epoch: 48.86 secs


Starting epoch 4
Epoch 4 Batch 0 Loss 1.2887 Accuracy 0.5756
Epoch 4 Batch 100 Loss 1.2373 Accuracy 0.5882
Time taken for 1 epoch: 48.95 secs


Starting epoch 5
Epoch 5 Batch 0 Loss 1.1203 Accuracy 0.6260
Epoch 5 Batch 100 Loss 1.0745 Accuracy 0.6360
Time taken for 1 epoch: 48.91 secs


Starting epoch 6
Epoch 6 Batch 0 Loss 0.9698 Accuracy 0.6705
Epoch 6 Batch 100 Loss 0.9671 Accuracy 0.6681
Time taken for 1 epoch: 48.89 secs


Starting epoch 7
Epoch 7 Batch 0 Loss 0.9198 Accuracy 0.6784
Epoch 7 Batch 100 Loss 0.8872 Accuracy 0.6916
Time taken for 1 epoch: 48.88 secs


Starting epoch 8
Epoch 8 Batch 0 Loss 0.8698 Accuracy 0.6907
Epoch 8 Batch 100 Loss 0.8209 Accuracy 0.7125
Time taken for 1 epoch: 48.90 secs


Starting epoch 9
Epoch 9 Batch 0 Loss 0.7723 Accuracy 0.7284
Epoch 9 Batch 100 Loss 0.7644 Accuracy 0.7313
Time taken for 1 epoch: 48.89 secs


Starting epoch 10
Epoch 10 Batch 0 Loss 0.7233 Accuracy 0.7400
Epoch 10 Batch 100 Loss 0.7163 Accuracy 0.7474
Time taken for 1 epoch: 48.90 secs


Starting epoch 11
Epoch 11 Batch 0 Loss 0.7003 Accuracy 0.7555
Epoch 11 Batch 100 Loss 0.6756 Accuracy 0.7610
Time taken for 1 epoch: 48.89 secs


Starting epoch 12
Epoch 12 Batch 0 Loss 0.6380 Accuracy 0.7762
Epoch 12 Batch 100 Loss 0.6410 Accuracy 0.7730
Time taken for 1 epoch: 48.85 secs


Starting epoch 13
Epoch 13 Batch 0 Loss 0.6180 Accuracy 0.7784
Epoch 13 Batch 100 Loss 0.6099 Accuracy 0.7842
Time taken for 1 epoch: 48.92 secs


Starting epoch 14
Epoch 14 Batch 0 Loss 0.5834 Accuracy 0.7885
Epoch 14 Batch 100 Loss 0.5780 Accuracy 0.7955
Time taken for 1 epoch: 48.87 secs


Starting epoch 15
Epoch 15 Batch 0 Loss 0.5326 Accuracy 0.8138
Epoch 15 Batch 100 Loss 0.5439 Accuracy 0.8078
Time taken for 1 epoch: 48.86 secs


Starting epoch 16
Epoch 16 Batch 0 Loss 0.5124 Accuracy 0.8200
Epoch 16 Batch 100 Loss 0.5094 Accuracy 0.8205
Time taken for 1 epoch: 48.94 secs


Starting epoch 17
Epoch 17 Batch 0 Loss 0.5162 Accuracy 0.8195
Epoch 17 Batch 100 Loss 0.4749 Accuracy 0.8335
Time taken for 1 epoch: 48.92 secs


Starting epoch 18
Epoch 18 Batch 0 Loss 0.4490 Accuracy 0.8441
Epoch 18 Batch 100 Loss 0.4444 Accuracy 0.8455
Time taken for 1 epoch: 48.87 secs


Starting epoch 19
Epoch 19 Batch 0 Loss 0.4425 Accuracy 0.8423
Epoch 19 Batch 100 Loss 0.4060 Accuracy 0.8600
Time taken for 1 epoch: 48.87 secs


Starting epoch 20
Epoch 20 Batch 0 Loss 0.3588 Accuracy 0.8763
Epoch 20 Batch 100 Loss 0.3703 Accuracy 0.8732
Time taken for 1 epoch: 48.82 secs


Starting epoch 21
Epoch 21 Batch 0 Loss 0.3495 Accuracy 0.8819
Epoch 21 Batch 100 Loss 0.3402 Accuracy 0.8840
Time taken for 1 epoch: 48.87 secs


Starting epoch 22
Epoch 22 Batch 0 Loss 0.3270 Accuracy 0.8898
Epoch 22 Batch 100 Loss 0.3164 Accuracy 0.8926
Time taken for 1 epoch: 48.88 secs


Starting epoch 23
Epoch 23 Batch 0 Loss 0.3037 Accuracy 0.8982
Epoch 23 Batch 100 Loss 0.2945 Accuracy 0.9000
Time taken for 1 epoch: 48.91 secs


Starting epoch 24
Epoch 24 Batch 0 Loss 0.2656 Accuracy 0.9122
Epoch 24 Batch 100 Loss 0.2777 Accuracy 0.9059
Time taken for 1 epoch: 48.84 secs


Starting epoch 25
Epoch 25 Batch 0 Loss 0.2695 Accuracy 0.9086
Epoch 25 Batch 100 Loss 0.2569 Accuracy 0.9128
Time taken for 1 epoch: 48.81 secs


Starting epoch 26
Epoch 26 Batch 0 Loss 0.2472 Accuracy 0.9163
Epoch 26 Batch 100 Loss 0.2391 Accuracy 0.9189
Time taken for 1 epoch: 48.87 secs


Starting epoch 27
Epoch 27 Batch 0 Loss 0.2456 Accuracy 0.9163
Epoch 27 Batch 100 Loss 0.2283 Accuracy 0.9226
Time taken for 1 epoch: 48.82 secs


Starting epoch 28
Epoch 28 Batch 0 Loss 0.2123 Accuracy 0.9285
Epoch 28 Batch 100 Loss 0.2177 Accuracy 0.9264
Time taken for 1 epoch: 48.88 secs


Starting epoch 29
Epoch 29 Batch 0 Loss 0.1979 Accuracy 0.9339
Epoch 29 Batch 100 Loss 0.2054 Accuracy 0.9306
Time taken for 1 epoch: 48.89 secs


Starting epoch 30
Epoch 30 Batch 0 Loss 0.1817 Accuracy 0.9367
Epoch 30 Batch 100 Loss 0.1963 Accuracy 0.9333
Time taken for 1 epoch: 48.85 secs


Starting epoch 31
Epoch 31 Batch 0 Loss 0.1872 Accuracy 0.9371
Epoch 31 Batch 100 Loss 0.1890 Accuracy 0.9361
Time taken for 1 epoch: 48.83 secs


Starting epoch 32
Epoch 32 Batch 0 Loss 0.1628 Accuracy 0.9462
Epoch 32 Batch 100 Loss 0.1800 Accuracy 0.9392
Time taken for 1 epoch: 48.89 secs


Starting epoch 33
Epoch 33 Batch 0 Loss 0.1851 Accuracy 0.9382
Epoch 33 Batch 100 Loss 0.1735 Accuracy 0.9411
Time taken for 1 epoch: 48.83 secs


Starting epoch 34
Epoch 34 Batch 0 Loss 0.1588 Accuracy 0.9471
Epoch 34 Batch 100 Loss 0.1655 Accuracy 0.9439
Time taken for 1 epoch: 48.91 secs


Starting epoch 35
Epoch 35 Batch 0 Loss 0.1727 Accuracy 0.9407
Epoch 35 Batch 100 Loss 0.1602 Accuracy 0.9457
Time taken for 1 epoch: 48.88 secs


Starting epoch 36
Epoch 36 Batch 0 Loss 0.1680 Accuracy 0.9443
Epoch 36 Batch 100 Loss 0.1548 Accuracy 0.9475
Time taken for 1 epoch: 48.85 secs


Starting epoch 37
Epoch 37 Batch 0 Loss 0.1440 Accuracy 0.9518
Epoch 37 Batch 100 Loss 0.1498 Accuracy 0.9489
Time taken for 1 epoch: 48.86 secs


Starting epoch 38
Epoch 38 Batch 0 Loss 0.1337 Accuracy 0.9535
Epoch 38 Batch 100 Loss 0.1457 Accuracy 0.9503
Time taken for 1 epoch: 48.88 secs


Starting epoch 39
Epoch 39 Batch 0 Loss 0.1476 Accuracy 0.9521
Epoch 39 Batch 100 Loss 0.1422 Accuracy 0.9516
Time taken for 1 epoch: 48.82 secs


Starting epoch 40
Epoch 40 Batch 0 Loss 0.1189 Accuracy 0.9609
Epoch 40 Batch 100 Loss 0.1364 Accuracy 0.9537
Time taken for 1 epoch: 48.83 secs


Starting epoch 41
Epoch 41 Batch 0 Loss 0.1390 Accuracy 0.9537
Epoch 41 Batch 100 Loss 0.1348 Accuracy 0.9541
Time taken for 1 epoch: 48.92 secs


Starting epoch 42
Epoch 42 Batch 0 Loss 0.1294 Accuracy 0.9555
Epoch 42 Batch 100 Loss 0.1313 Accuracy 0.9553
Time taken for 1 epoch: 48.85 secs


Starting epoch 43
Epoch 43 Batch 0 Loss 0.1423 Accuracy 0.9510
Epoch 43 Batch 100 Loss 0.1270 Accuracy 0.9566
Time taken for 1 epoch: 48.89 secs


Starting epoch 44
Epoch 44 Batch 0 Loss 0.1186 Accuracy 0.9607
Epoch 44 Batch 100 Loss 0.1240 Accuracy 0.9578
Time taken for 1 epoch: 48.90 secs


Starting epoch 45
Epoch 45 Batch 0 Loss 0.1070 Accuracy 0.9646
Epoch 45 Batch 100 Loss 0.1208 Accuracy 0.9587
Time taken for 1 epoch: 48.90 secs


Starting epoch 46
Epoch 46 Batch 0 Loss 0.1243 Accuracy 0.9573
Epoch 46 Batch 100 Loss 0.1188 Accuracy 0.9595
Time taken for 1 epoch: 48.85 secs


Starting epoch 47
Epoch 47 Batch 0 Loss 0.1148 Accuracy 0.9601
Epoch 47 Batch 100 Loss 0.1175 Accuracy 0.9596
Time taken for 1 epoch: 48.91 secs


Starting epoch 48
Epoch 48 Batch 0 Loss 0.1010 Accuracy 0.9643
Epoch 48 Batch 100 Loss 0.1139 Accuracy 0.9609
Time taken for 1 epoch: 48.86 secs


Starting epoch 49
Epoch 49 Batch 0 Loss 0.1117 Accuracy 0.9625
Epoch 49 Batch 100 Loss 0.1127 Accuracy 0.9615
Time taken for 1 epoch: 48.86 secs


Starting epoch 50
Epoch 50 Batch 0 Loss 0.1094 Accuracy 0.9625
Epoch 50 Batch 100 Loss 0.1108 Accuracy 0.9619
Time taken for 1 epoch: 48.80 secs


Starting epoch 51
Epoch 51 Batch 0 Loss 0.0986 Accuracy 0.9664
Epoch 51 Batch 100 Loss 0.1074 Accuracy 0.9633
Time taken for 1 epoch: 48.89 secs


Starting epoch 52
Epoch 52 Batch 0 Loss 0.0945 Accuracy 0.9669
Epoch 52 Batch 100 Loss 0.1069 Accuracy 0.9633
Time taken for 1 epoch: 48.84 secs


Starting epoch 53
Epoch 53 Batch 0 Loss 0.0979 Accuracy 0.9673
Epoch 53 Batch 100 Loss 0.1048 Accuracy 0.9640
Time taken for 1 epoch: 48.88 secs


Starting epoch 54
Epoch 54 Batch 0 Loss 0.0974 Accuracy 0.9670
Epoch 54 Batch 100 Loss 0.1026 Accuracy 0.9646
Time taken for 1 epoch: 48.85 secs


Starting epoch 55
Epoch 55 Batch 0 Loss 0.0949 Accuracy 0.9687
Epoch 55 Batch 100 Loss 0.1002 Accuracy 0.9655
Time taken for 1 epoch: 48.85 secs


Starting epoch 56
Epoch 56 Batch 0 Loss 0.0961 Accuracy 0.9661
Epoch 56 Batch 100 Loss 0.0997 Accuracy 0.9654
Time taken for 1 epoch: 48.89 secs


Starting epoch 57
Epoch 57 Batch 0 Loss 0.1034 Accuracy 0.9627
Epoch 57 Batch 100 Loss 0.0978 Accuracy 0.9663
Time taken for 1 epoch: 48.84 secs


Starting epoch 58
Epoch 58 Batch 0 Loss 0.1053 Accuracy 0.9636
Epoch 58 Batch 100 Loss 0.0971 Accuracy 0.9664
Time taken for 1 epoch: 48.81 secs


Starting epoch 59
Epoch 59 Batch 0 Loss 0.0864 Accuracy 0.9710
Epoch 59 Batch 100 Loss 0.0956 Accuracy 0.9670
Time taken for 1 epoch: 48.85 secs


Starting epoch 60
Epoch 60 Batch 0 Loss 0.0908 Accuracy 0.9676
Epoch 60 Batch 100 Loss 0.0933 Accuracy 0.9677
Time taken for 1 epoch: 48.83 secs


Starting epoch 61
Epoch 61 Batch 0 Loss 0.0813 Accuracy 0.9712
Epoch 61 Batch 100 Loss 0.0925 Accuracy 0.9680
Time taken for 1 epoch: 48.90 secs


Starting epoch 62
Epoch 62 Batch 0 Loss 0.0948 Accuracy 0.9668
Epoch 62 Batch 100 Loss 0.0917 Accuracy 0.9682
Time taken for 1 epoch: 48.86 secs


Starting epoch 63
Epoch 63 Batch 0 Loss 0.0716 Accuracy 0.9747
Epoch 63 Batch 100 Loss 0.0904 Accuracy 0.9686
Time taken for 1 epoch: 48.86 secs


Starting epoch 64
Epoch 64 Batch 0 Loss 0.0821 Accuracy 0.9713
Epoch 64 Batch 100 Loss 0.0891 Accuracy 0.9692
Time taken for 1 epoch: 48.85 secs


Starting epoch 65
Epoch 65 Batch 0 Loss 0.0912 Accuracy 0.9687
Epoch 65 Batch 100 Loss 0.0864 Accuracy 0.9699
Time taken for 1 epoch: 48.87 secs


Starting epoch 66
Epoch 66 Batch 0 Loss 0.0917 Accuracy 0.9683
Epoch 66 Batch 100 Loss 0.0865 Accuracy 0.9699
Time taken for 1 epoch: 48.85 secs


Starting epoch 67
Epoch 67 Batch 0 Loss 0.0805 Accuracy 0.9728
Epoch 67 Batch 100 Loss 0.0861 Accuracy 0.9702
Time taken for 1 epoch: 48.89 secs


Starting epoch 68
Epoch 68 Batch 0 Loss 0.0751 Accuracy 0.9737
Epoch 68 Batch 100 Loss 0.0849 Accuracy 0.9704
Time taken for 1 epoch: 48.82 secs


Starting epoch 69
Epoch 69 Batch 0 Loss 0.0889 Accuracy 0.9673
Epoch 69 Batch 100 Loss 0.0832 Accuracy 0.9709
Time taken for 1 epoch: 48.87 secs


Starting epoch 70
Epoch 70 Batch 0 Loss 0.0764 Accuracy 0.9733
Epoch 70 Batch 100 Loss 0.0824 Accuracy 0.9714
Time taken for 1 epoch: 48.89 secs


Starting epoch 71
Epoch 71 Batch 0 Loss 0.0826 Accuracy 0.9719
Epoch 71 Batch 100 Loss 0.0812 Accuracy 0.9716
Time taken for 1 epoch: 48.81 secs


Starting epoch 72
Epoch 72 Batch 0 Loss 0.0851 Accuracy 0.9698
Epoch 72 Batch 100 Loss 0.0801 Accuracy 0.9719
Time taken for 1 epoch: 48.84 secs


Starting epoch 73
Epoch 73 Batch 0 Loss 0.0777 Accuracy 0.9741
Epoch 73 Batch 100 Loss 0.0798 Accuracy 0.9720
Time taken for 1 epoch: 48.83 secs


Starting epoch 74
Epoch 74 Batch 0 Loss 0.0727 Accuracy 0.9741
Epoch 74 Batch 100 Loss 0.0780 Accuracy 0.9726
Time taken for 1 epoch: 48.94 secs


Starting epoch 75
Epoch 75 Batch 0 Loss 0.0709 Accuracy 0.9743
Epoch 75 Batch 100 Loss 0.0781 Accuracy 0.9728
Time taken for 1 epoch: 48.87 secs


Starting epoch 76
Epoch 76 Batch 0 Loss 0.0756 Accuracy 0.9719
Epoch 76 Batch 100 Loss 0.0776 Accuracy 0.9728
Time taken for 1 epoch: 48.84 secs


Starting epoch 77
Epoch 77 Batch 0 Loss 0.0686 Accuracy 0.9769
Epoch 77 Batch 100 Loss 0.0755 Accuracy 0.9736
Time taken for 1 epoch: 48.87 secs


Starting epoch 78
Epoch 78 Batch 0 Loss 0.0759 Accuracy 0.9720
Epoch 78 Batch 100 Loss 0.0754 Accuracy 0.9734
Time taken for 1 epoch: 48.87 secs


Starting epoch 79
Epoch 79 Batch 0 Loss 0.0768 Accuracy 0.9713
Epoch 79 Batch 100 Loss 0.0742 Accuracy 0.9740
Time taken for 1 epoch: 48.90 secs


Starting epoch 80
Epoch 80 Batch 0 Loss 0.0719 Accuracy 0.9759
Epoch 80 Batch 100 Loss 0.0740 Accuracy 0.9740
Time taken for 1 epoch: 48.88 secs


Starting epoch 81
Epoch 81 Batch 0 Loss 0.0667 Accuracy 0.9771
Epoch 81 Batch 100 Loss 0.0729 Accuracy 0.9744
Time taken for 1 epoch: 48.83 secs


Starting epoch 82
Epoch 82 Batch 0 Loss 0.0656 Accuracy 0.9779
Epoch 82 Batch 100 Loss 0.0720 Accuracy 0.9748
Time taken for 1 epoch: 48.89 secs


Starting epoch 83
Epoch 83 Batch 0 Loss 0.0739 Accuracy 0.9730
Epoch 83 Batch 100 Loss 0.0702 Accuracy 0.9752
Time taken for 1 epoch: 48.85 secs


Starting epoch 84
Epoch 84 Batch 0 Loss 0.0777 Accuracy 0.9720
Epoch 84 Batch 100 Loss 0.0704 Accuracy 0.9753
Time taken for 1 epoch: 48.88 secs


Starting epoch 85
Epoch 85 Batch 0 Loss 0.0592 Accuracy 0.9805
Epoch 85 Batch 100 Loss 0.0695 Accuracy 0.9756
Time taken for 1 epoch: 48.86 secs


Starting epoch 86
Epoch 86 Batch 0 Loss 0.0629 Accuracy 0.9768
Epoch 86 Batch 100 Loss 0.0696 Accuracy 0.9755
Time taken for 1 epoch: 48.85 secs


Starting epoch 87
Epoch 87 Batch 0 Loss 0.0677 Accuracy 0.9741
Epoch 87 Batch 100 Loss 0.0684 Accuracy 0.9759
Time taken for 1 epoch: 48.87 secs


Starting epoch 88
Epoch 88 Batch 0 Loss 0.0616 Accuracy 0.9795
Epoch 88 Batch 100 Loss 0.0683 Accuracy 0.9760
Time taken for 1 epoch: 48.87 secs


Starting epoch 89
Epoch 89 Batch 0 Loss 0.0628 Accuracy 0.9785
Epoch 89 Batch 100 Loss 0.0675 Accuracy 0.9761
Time taken for 1 epoch: 48.93 secs


Starting epoch 90
Epoch 90 Batch 0 Loss 0.0709 Accuracy 0.9765
Epoch 90 Batch 100 Loss 0.0668 Accuracy 0.9764
Time taken for 1 epoch: 48.84 secs


Starting epoch 91
Epoch 91 Batch 0 Loss 0.0608 Accuracy 0.9789
Epoch 91 Batch 100 Loss 0.0662 Accuracy 0.9765
Time taken for 1 epoch: 48.86 secs


Starting epoch 92
Epoch 92 Batch 0 Loss 0.0674 Accuracy 0.9775
Epoch 92 Batch 100 Loss 0.0656 Accuracy 0.9768
Time taken for 1 epoch: 48.83 secs


Starting epoch 93
Epoch 93 Batch 0 Loss 0.0694 Accuracy 0.9740
Epoch 93 Batch 100 Loss 0.0646 Accuracy 0.9771
Time taken for 1 epoch: 48.91 secs


Starting epoch 94
Epoch 94 Batch 0 Loss 0.0653 Accuracy 0.9764
Epoch 94 Batch 100 Loss 0.0646 Accuracy 0.9771
Time taken for 1 epoch: 48.90 secs


Starting epoch 95
Epoch 95 Batch 0 Loss 0.0604 Accuracy 0.9785
Epoch 95 Batch 100 Loss 0.0631 Accuracy 0.9776
Time taken for 1 epoch: 48.88 secs


Starting epoch 96
Epoch 96 Batch 0 Loss 0.0595 Accuracy 0.9789
Epoch 96 Batch 100 Loss 0.0636 Accuracy 0.9775
Time taken for 1 epoch: 48.89 secs


Starting epoch 97
Epoch 97 Batch 0 Loss 0.0645 Accuracy 0.9774
Epoch 97 Batch 100 Loss 0.0629 Accuracy 0.9777
Time taken for 1 epoch: 48.86 secs


Starting epoch 98
Epoch 98 Batch 0 Loss 0.0554 Accuracy 0.9794
Epoch 98 Batch 100 Loss 0.0626 Accuracy 0.9779
Time taken for 1 epoch: 48.84 secs


Starting epoch 99
Epoch 99 Batch 0 Loss 0.0553 Accuracy 0.9809
Epoch 99 Batch 100 Loss 0.0620 Accuracy 0.9778
Time taken for 1 epoch: 48.93 secs


Starting epoch 100
Epoch 100 Batch 0 Loss 0.0585 Accuracy 0.9783
Epoch 100 Batch 100 Loss 0.0610 Accuracy 0.9783
Time taken for 1 epoch: 48.84 secs

