Creating dataset for None out of 187813 found entries of the document.
[ 1 49 11 44 57 29 46 49 12 49 49  4 23 60  5 49 49  4 27  5 49 12 57 11
 65  0  0  0  0  0  0  0  0  0  0  0  0  0  0  0  0  0  0  0  0  0  0  0
  0  0  0  0  0  0  0  0  0  0  0  0  0  0  0  0  0  0  0  0  0  0  0  0
  0  0  0  0  0  0  0  0  0  0  0  0  0  0  0  0  0  0  0  0  0  0  0  0
  0  0  0  0  0  0  0  0  0  0  0  0  0  0  0  0  0  0  0  0  0  0  0  0
  0  0  0  0  0  0  0  0  0  0  0  0  0  0  0  0  0  0  0  0  0  0  0  0
  0  0  0  0  0  0  0  0  0  0  0  0  0  0  0  0  0  0  0  0  0  0  0  0
  0  0  0  0  0  0  0  0  0  0  0  0  0  0  0  0  0  0  0  0  0  0  0  0
  0  0  0  0  0  0  0]
[ 1 49 11  4 27  5 49  4 34  5 49  4 34  5 49 49  4 23 60  5 49 11  8 35
 24 20 35 65  0  0  0  0  0  0  0  0  0  0  0  0  0  0  0  0  0  0  0  0
  0  0  0  0  0  0  0  0  0  0  0  0  0  0  0  0  0  0  0  0  0  0  0  0
  0  0  0  0  0  0  0  0  0  0  0  0  0  0  0  0  0  0  0  0  0  0  0  0
  0  0  0  0  0  0  0  0  0  0  0  0  0  0  0  0  0  0  0  0  0  0  0  0
  0  0  0  0  0  0  0  0  0  0  0  0  0  0  0  0  0  0  0  0  0  0  0  0
  0  0  0  0  0  0  0  0  0  0  0  0  0  0  0  0  0  0  0  0  0  0  0  0
  0  0  0  0  0  0  0  0  0  0  0  0  0  0  0  0  0  0  0  0  0  0  0  0
  0  0  0  0  0  0  0]

Starting epoch 1
Epoch 1 Batch 0 Loss 4.1615 Accuracy 0.0166
Epoch 1 Batch 100 Loss 3.1438 Accuracy 0.1776
Epoch 1 Batch 200 Loss 2.8030 Accuracy 0.2369
Epoch 1 Batch 300 Loss 2.5005 Accuracy 0.2960
Epoch 1 Batch 400 Loss 2.2859 Accuracy 0.3376
Epoch 1 Batch 500 Loss 2.1259 Accuracy 0.3696
Epoch 1 Batch 600 Loss 1.9990 Accuracy 0.3968
Epoch 1 Batch 700 Loss 1.8951 Accuracy 0.4203
Time taken for 1 epoch: 215.42 secs


Starting epoch 2
Epoch 2 Batch 0 Loss 1.2081 Accuracy 0.5824
Epoch 2 Batch 100 Loss 1.1687 Accuracy 0.5918
Epoch 2 Batch 200 Loss 1.1425 Accuracy 0.5997
Epoch 2 Batch 300 Loss 1.1189 Accuracy 0.6066
Epoch 2 Batch 400 Loss 1.0971 Accuracy 0.6130
Epoch 2 Batch 500 Loss 1.0773 Accuracy 0.6188
Epoch 2 Batch 600 Loss 1.0594 Accuracy 0.6242
Epoch 2 Batch 700 Loss 1.0430 Accuracy 0.6291
Time taken for 1 epoch: 204.84 secs


Starting epoch 3
Epoch 3 Batch 0 Loss 0.9399 Accuracy 0.6572
Epoch 3 Batch 100 Loss 0.9128 Accuracy 0.6689
Epoch 3 Batch 200 Loss 0.9026 Accuracy 0.6719
Epoch 3 Batch 300 Loss 0.8939 Accuracy 0.6746
Epoch 3 Batch 400 Loss 0.8859 Accuracy 0.6772
Epoch 3 Batch 500 Loss 0.8775 Accuracy 0.6799
Epoch 3 Batch 600 Loss 0.8689 Accuracy 0.6825
Epoch 3 Batch 700 Loss 0.8614 Accuracy 0.6850
Time taken for 1 epoch: 204.75 secs


Starting epoch 4
Epoch 4 Batch 0 Loss 0.8187 Accuracy 0.6969
Epoch 4 Batch 100 Loss 0.7970 Accuracy 0.7059
Epoch 4 Batch 200 Loss 0.7925 Accuracy 0.7068
Epoch 4 Batch 300 Loss 0.7868 Accuracy 0.7086
Epoch 4 Batch 400 Loss 0.7819 Accuracy 0.7103
Epoch 4 Batch 500 Loss 0.7777 Accuracy 0.7116
Epoch 4 Batch 600 Loss 0.7732 Accuracy 0.7130
Epoch 4 Batch 700 Loss 0.7692 Accuracy 0.7143
Time taken for 1 epoch: 204.81 secs


Starting epoch 5
Epoch 5 Batch 0 Loss 0.7366 Accuracy 0.7283
Epoch 5 Batch 100 Loss 0.7317 Accuracy 0.7268
Epoch 5 Batch 200 Loss 0.7270 Accuracy 0.7284
Epoch 5 Batch 300 Loss 0.7223 Accuracy 0.7299
Epoch 5 Batch 400 Loss 0.7178 Accuracy 0.7315
Epoch 5 Batch 500 Loss 0.7130 Accuracy 0.7332
Epoch 5 Batch 600 Loss 0.7083 Accuracy 0.7348
Epoch 5 Batch 700 Loss 0.7036 Accuracy 0.7365
Time taken for 1 epoch: 204.44 secs


Starting epoch 6
Epoch 6 Batch 0 Loss 0.6550 Accuracy 0.7507
Epoch 6 Batch 100 Loss 0.6615 Accuracy 0.7512
Epoch 6 Batch 200 Loss 0.6556 Accuracy 0.7534
Epoch 6 Batch 300 Loss 0.6516 Accuracy 0.7547
Epoch 6 Batch 400 Loss 0.6455 Accuracy 0.7570
Epoch 6 Batch 500 Loss 0.6384 Accuracy 0.7596
Epoch 6 Batch 600 Loss 0.6313 Accuracy 0.7623
Epoch 6 Batch 700 Loss 0.6247 Accuracy 0.7648
Time taken for 1 epoch: 204.61 secs


Starting epoch 7
Epoch 7 Batch 0 Loss 0.5672 Accuracy 0.7840
Epoch 7 Batch 100 Loss 0.5618 Accuracy 0.7872
Epoch 7 Batch 200 Loss 0.5591 Accuracy 0.7885
Epoch 7 Batch 300 Loss 0.5529 Accuracy 0.7909
Epoch 7 Batch 400 Loss 0.5486 Accuracy 0.7925
Epoch 7 Batch 500 Loss 0.5432 Accuracy 0.7944
Epoch 7 Batch 600 Loss 0.5383 Accuracy 0.7962
Epoch 7 Batch 700 Loss 0.5335 Accuracy 0.7979
Time taken for 1 epoch: 204.79 secs


Starting epoch 8
Epoch 8 Batch 0 Loss 0.4799 Accuracy 0.8196
Epoch 8 Batch 100 Loss 0.4877 Accuracy 0.8148
Epoch 8 Batch 200 Loss 0.4848 Accuracy 0.8155
Epoch 8 Batch 300 Loss 0.4813 Accuracy 0.8168
Epoch 8 Batch 400 Loss 0.4778 Accuracy 0.8180
Epoch 8 Batch 500 Loss 0.4746 Accuracy 0.8191
Epoch 8 Batch 600 Loss 0.4712 Accuracy 0.8204
Epoch 8 Batch 700 Loss 0.4679 Accuracy 0.8216
Time taken for 1 epoch: 204.74 secs


Starting epoch 9
Epoch 9 Batch 0 Loss 0.4295 Accuracy 0.8317
Epoch 9 Batch 100 Loss 0.4363 Accuracy 0.8333
Epoch 9 Batch 200 Loss 0.4326 Accuracy 0.8346
Epoch 9 Batch 300 Loss 0.4289 Accuracy 0.8358
Epoch 9 Batch 400 Loss 0.4262 Accuracy 0.8368
Epoch 9 Batch 500 Loss 0.4238 Accuracy 0.8377
Epoch 9 Batch 600 Loss 0.4214 Accuracy 0.8386
Epoch 9 Batch 700 Loss 0.4192 Accuracy 0.8394
Time taken for 1 epoch: 204.65 secs


Starting epoch 10
Epoch 10 Batch 0 Loss 0.3899 Accuracy 0.8505
Epoch 10 Batch 100 Loss 0.3932 Accuracy 0.8490
Epoch 10 Batch 200 Loss 0.3905 Accuracy 0.8501
Epoch 10 Batch 300 Loss 0.3883 Accuracy 0.8509
Epoch 10 Batch 400 Loss 0.3864 Accuracy 0.8515
Epoch 10 Batch 500 Loss 0.3843 Accuracy 0.8523
Epoch 10 Batch 600 Loss 0.3828 Accuracy 0.8528
Epoch 10 Batch 700 Loss 0.3809 Accuracy 0.8534
Time taken for 1 epoch: 204.66 secs


Starting epoch 11
Epoch 11 Batch 0 Loss 0.3428 Accuracy 0.8677
Epoch 11 Batch 100 Loss 0.3607 Accuracy 0.8604
Epoch 11 Batch 200 Loss 0.3593 Accuracy 0.8608
Epoch 11 Batch 300 Loss 0.3574 Accuracy 0.8616
Epoch 11 Batch 400 Loss 0.3565 Accuracy 0.8620
Epoch 11 Batch 500 Loss 0.3555 Accuracy 0.8623
Epoch 11 Batch 600 Loss 0.3537 Accuracy 0.8630
Epoch 11 Batch 700 Loss 0.3523 Accuracy 0.8635
Time taken for 1 epoch: 204.54 secs


Starting epoch 12
Epoch 12 Batch 0 Loss 0.3460 Accuracy 0.8636
Epoch 12 Batch 100 Loss 0.3356 Accuracy 0.8694
Epoch 12 Batch 200 Loss 0.3342 Accuracy 0.8698
Epoch 12 Batch 300 Loss 0.3330 Accuracy 0.8703
Epoch 12 Batch 400 Loss 0.3330 Accuracy 0.8703
Epoch 12 Batch 500 Loss 0.3318 Accuracy 0.8707
Epoch 12 Batch 600 Loss 0.3307 Accuracy 0.8711
Epoch 12 Batch 700 Loss 0.3297 Accuracy 0.8715
Time taken for 1 epoch: 204.62 secs


Starting epoch 13
Epoch 13 Batch 0 Loss 0.2988 Accuracy 0.8815
Epoch 13 Batch 100 Loss 0.3150 Accuracy 0.8764
Epoch 13 Batch 200 Loss 0.3158 Accuracy 0.8764
Epoch 13 Batch 300 Loss 0.3156 Accuracy 0.8765
Epoch 13 Batch 400 Loss 0.3148 Accuracy 0.8767
Epoch 13 Batch 500 Loss 0.3143 Accuracy 0.8768
Epoch 13 Batch 600 Loss 0.3130 Accuracy 0.8772
Epoch 13 Batch 700 Loss 0.3121 Accuracy 0.8776
Time taken for 1 epoch: 204.57 secs


Starting epoch 14
Epoch 14 Batch 0 Loss 0.2872 Accuracy 0.8852
Epoch 14 Batch 100 Loss 0.3018 Accuracy 0.8811
Epoch 14 Batch 200 Loss 0.3007 Accuracy 0.8815
Epoch 14 Batch 300 Loss 0.3014 Accuracy 0.8814
Epoch 14 Batch 400 Loss 0.3002 Accuracy 0.8818
Epoch 14 Batch 500 Loss 0.2997 Accuracy 0.8819
Epoch 14 Batch 600 Loss 0.2988 Accuracy 0.8822
Epoch 14 Batch 700 Loss 0.2981 Accuracy 0.8825
Time taken for 1 epoch: 204.61 secs


Starting epoch 15
Epoch 15 Batch 0 Loss 0.2944 Accuracy 0.8846
Epoch 15 Batch 100 Loss 0.2895 Accuracy 0.8852
Epoch 15 Batch 200 Loss 0.2890 Accuracy 0.8854
Epoch 15 Batch 300 Loss 0.2890 Accuracy 0.8854
Epoch 15 Batch 400 Loss 0.2884 Accuracy 0.8856
Epoch 15 Batch 500 Loss 0.2877 Accuracy 0.8859
Epoch 15 Batch 600 Loss 0.2874 Accuracy 0.8860
Epoch 15 Batch 700 Loss 0.2871 Accuracy 0.8861
Time taken for 1 epoch: 204.70 secs


Starting epoch 16
Epoch 16 Batch 0 Loss 0.2775 Accuracy 0.8898
Epoch 16 Batch 100 Loss 0.2791 Accuracy 0.8883
Epoch 16 Batch 200 Loss 0.2784 Accuracy 0.8887
Epoch 16 Batch 300 Loss 0.2788 Accuracy 0.8886
Epoch 16 Batch 400 Loss 0.2788 Accuracy 0.8886
Epoch 16 Batch 500 Loss 0.2783 Accuracy 0.8888
Epoch 16 Batch 600 Loss 0.2781 Accuracy 0.8890
Epoch 16 Batch 700 Loss 0.2777 Accuracy 0.8891
Time taken for 1 epoch: 204.47 secs


Starting epoch 17
Epoch 17 Batch 0 Loss 0.2743 Accuracy 0.8904
Epoch 17 Batch 100 Loss 0.2699 Accuracy 0.8919
Epoch 17 Batch 200 Loss 0.2700 Accuracy 0.8919
Epoch 17 Batch 300 Loss 0.2703 Accuracy 0.8918
Epoch 17 Batch 400 Loss 0.2702 Accuracy 0.8917
Epoch 17 Batch 500 Loss 0.2700 Accuracy 0.8918
Epoch 17 Batch 600 Loss 0.2699 Accuracy 0.8918
Epoch 17 Batch 700 Loss 0.2696 Accuracy 0.8919
Time taken for 1 epoch: 204.65 secs


Starting epoch 18
Epoch 18 Batch 0 Loss 0.2576 Accuracy 0.8951
Epoch 18 Batch 100 Loss 0.2616 Accuracy 0.8944
Epoch 18 Batch 200 Loss 0.2624 Accuracy 0.8944
Epoch 18 Batch 300 Loss 0.2629 Accuracy 0.8942
Epoch 18 Batch 400 Loss 0.2628 Accuracy 0.8942
Epoch 18 Batch 500 Loss 0.2631 Accuracy 0.8941
Epoch 18 Batch 600 Loss 0.2629 Accuracy 0.8941
Epoch 18 Batch 700 Loss 0.2626 Accuracy 0.8942
Time taken for 1 epoch: 204.48 secs


Starting epoch 19
Epoch 19 Batch 0 Loss 0.2363 Accuracy 0.9046
Epoch 19 Batch 100 Loss 0.2573 Accuracy 0.8958
Epoch 19 Batch 200 Loss 0.2574 Accuracy 0.8957
Epoch 19 Batch 300 Loss 0.2572 Accuracy 0.8959
Epoch 19 Batch 400 Loss 0.2565 Accuracy 0.8961
Epoch 19 Batch 500 Loss 0.2567 Accuracy 0.8961
Epoch 19 Batch 600 Loss 0.2568 Accuracy 0.8961
Epoch 19 Batch 700 Loss 0.2569 Accuracy 0.8960
Time taken for 1 epoch: 204.68 secs


Starting epoch 20
Epoch 20 Batch 0 Loss 0.2354 Accuracy 0.9056
Epoch 20 Batch 100 Loss 0.2518 Accuracy 0.8975
Epoch 20 Batch 200 Loss 0.2521 Accuracy 0.8974
Epoch 20 Batch 300 Loss 0.2520 Accuracy 0.8975
Epoch 20 Batch 400 Loss 0.2517 Accuracy 0.8976
Epoch 20 Batch 500 Loss 0.2519 Accuracy 0.8976
Epoch 20 Batch 600 Loss 0.2517 Accuracy 0.8976
Epoch 20 Batch 700 Loss 0.2516 Accuracy 0.8976
Time taken for 1 epoch: 204.68 secs


Starting epoch 21
Epoch 21 Batch 0 Loss 0.2345 Accuracy 0.9030
Epoch 21 Batch 100 Loss 0.2454 Accuracy 0.9000
Epoch 21 Batch 200 Loss 0.2464 Accuracy 0.8994
Epoch 21 Batch 300 Loss 0.2470 Accuracy 0.8993
Epoch 21 Batch 400 Loss 0.2473 Accuracy 0.8992
Epoch 21 Batch 500 Loss 0.2471 Accuracy 0.8992
Epoch 21 Batch 600 Loss 0.2470 Accuracy 0.8993
Epoch 21 Batch 700 Loss 0.2470 Accuracy 0.8993
Time taken for 1 epoch: 204.56 secs


Starting epoch 22
Epoch 22 Batch 0 Loss 0.2411 Accuracy 0.8983
Epoch 22 Batch 100 Loss 0.2417 Accuracy 0.9009
Epoch 22 Batch 200 Loss 0.2420 Accuracy 0.9008
Epoch 22 Batch 300 Loss 0.2425 Accuracy 0.9005
Epoch 22 Batch 400 Loss 0.2429 Accuracy 0.9004
Epoch 22 Batch 500 Loss 0.2427 Accuracy 0.9006
Epoch 22 Batch 600 Loss 0.2427 Accuracy 0.9006
Epoch 22 Batch 700 Loss 0.2428 Accuracy 0.9006
Time taken for 1 epoch: 204.59 secs


Starting epoch 23
Epoch 23 Batch 0 Loss 0.2545 Accuracy 0.8965
Epoch 23 Batch 100 Loss 0.2398 Accuracy 0.9017
Epoch 23 Batch 200 Loss 0.2389 Accuracy 0.9020
Epoch 23 Batch 300 Loss 0.2390 Accuracy 0.9018
Epoch 23 Batch 400 Loss 0.2393 Accuracy 0.9017
Epoch 23 Batch 500 Loss 0.2391 Accuracy 0.9017
Epoch 23 Batch 600 Loss 0.2390 Accuracy 0.9018
Epoch 23 Batch 700 Loss 0.2390 Accuracy 0.9017
Time taken for 1 epoch: 204.55 secs


Starting epoch 24
Epoch 24 Batch 0 Loss 0.2472 Accuracy 0.9015
Epoch 24 Batch 100 Loss 0.2342 Accuracy 0.9034
Epoch 24 Batch 200 Loss 0.2349 Accuracy 0.9031
Epoch 24 Batch 300 Loss 0.2347 Accuracy 0.9032
Epoch 24 Batch 400 Loss 0.2351 Accuracy 0.9030
Epoch 24 Batch 500 Loss 0.2351 Accuracy 0.9030
Epoch 24 Batch 600 Loss 0.2356 Accuracy 0.9029
Epoch 24 Batch 700 Loss 0.2358 Accuracy 0.9029
Time taken for 1 epoch: 204.42 secs


Starting epoch 25
Epoch 25 Batch 0 Loss 0.2365 Accuracy 0.9037
Epoch 25 Batch 100 Loss 0.2316 Accuracy 0.9041
Epoch 25 Batch 200 Loss 0.2320 Accuracy 0.9041
Epoch 25 Batch 300 Loss 0.2323 Accuracy 0.9041
Epoch 25 Batch 400 Loss 0.2323 Accuracy 0.9040
Epoch 25 Batch 500 Loss 0.2325 Accuracy 0.9039
Epoch 25 Batch 600 Loss 0.2326 Accuracy 0.9039
Epoch 25 Batch 700 Loss 0.2327 Accuracy 0.9039
Time taken for 1 epoch: 204.70 secs


Starting epoch 26
Epoch 26 Batch 0 Loss 0.2347 Accuracy 0.9005
Epoch 26 Batch 100 Loss 0.2266 Accuracy 0.9057
Epoch 26 Batch 200 Loss 0.2283 Accuracy 0.9052
Epoch 26 Batch 300 Loss 0.2294 Accuracy 0.9048
Epoch 26 Batch 400 Loss 0.2296 Accuracy 0.9048
Epoch 26 Batch 500 Loss 0.2294 Accuracy 0.9049
Epoch 26 Batch 600 Loss 0.2294 Accuracy 0.9048
Epoch 26 Batch 700 Loss 0.2297 Accuracy 0.9047
Time taken for 1 epoch: 204.70 secs


Starting epoch 27
Epoch 27 Batch 0 Loss 0.2437 Accuracy 0.9001
Epoch 27 Batch 100 Loss 0.2269 Accuracy 0.9055
Epoch 27 Batch 200 Loss 0.2271 Accuracy 0.9055
Epoch 27 Batch 300 Loss 0.2273 Accuracy 0.9055
Epoch 27 Batch 400 Loss 0.2275 Accuracy 0.9054
Epoch 27 Batch 500 Loss 0.2274 Accuracy 0.9055
Epoch 27 Batch 600 Loss 0.2274 Accuracy 0.9054
Epoch 27 Batch 700 Loss 0.2272 Accuracy 0.9055
Time taken for 1 epoch: 204.60 secs


Starting epoch 28
Epoch 28 Batch 0 Loss 0.2167 Accuracy 0.9099
Epoch 28 Batch 100 Loss 0.2232 Accuracy 0.9070
Epoch 28 Batch 200 Loss 0.2237 Accuracy 0.9067
Epoch 28 Batch 300 Loss 0.2240 Accuracy 0.9066
Epoch 28 Batch 400 Loss 0.2243 Accuracy 0.9065
Epoch 28 Batch 500 Loss 0.2245 Accuracy 0.9064
Epoch 28 Batch 600 Loss 0.2244 Accuracy 0.9065
Epoch 28 Batch 700 Loss 0.2244 Accuracy 0.9065
Time taken for 1 epoch: 204.69 secs


Starting epoch 29
Epoch 29 Batch 0 Loss 0.2080 Accuracy 0.9128
Epoch 29 Batch 100 Loss 0.2207 Accuracy 0.9076
Epoch 29 Batch 200 Loss 0.2216 Accuracy 0.9074
Epoch 29 Batch 300 Loss 0.2217 Accuracy 0.9073
Epoch 29 Batch 400 Loss 0.2222 Accuracy 0.9071
Epoch 29 Batch 500 Loss 0.2222 Accuracy 0.9071
Epoch 29 Batch 600 Loss 0.2222 Accuracy 0.9072
Epoch 29 Batch 700 Loss 0.2222 Accuracy 0.9071
Time taken for 1 epoch: 204.60 secs


Starting epoch 30
Epoch 30 Batch 0 Loss 0.2179 Accuracy 0.9108
Epoch 30 Batch 100 Loss 0.2196 Accuracy 0.9080
Epoch 30 Batch 200 Loss 0.2198 Accuracy 0.9080
Epoch 30 Batch 300 Loss 0.2200 Accuracy 0.9079
Epoch 30 Batch 400 Loss 0.2197 Accuracy 0.9080
Epoch 30 Batch 500 Loss 0.2199 Accuracy 0.9079
Epoch 30 Batch 600 Loss 0.2201 Accuracy 0.9079
Epoch 30 Batch 700 Loss 0.2203 Accuracy 0.9078
Time taken for 1 epoch: 204.64 secs


Starting epoch 31
Epoch 31 Batch 0 Loss 0.2175 Accuracy 0.9042
Epoch 31 Batch 100 Loss 0.2168 Accuracy 0.9089
Epoch 31 Batch 200 Loss 0.2175 Accuracy 0.9087
Epoch 31 Batch 300 Loss 0.2178 Accuracy 0.9086
Epoch 31 Batch 400 Loss 0.2185 Accuracy 0.9083
Epoch 31 Batch 500 Loss 0.2183 Accuracy 0.9084
Epoch 31 Batch 600 Loss 0.2184 Accuracy 0.9084
Epoch 31 Batch 700 Loss 0.2184 Accuracy 0.9084
Time taken for 1 epoch: 204.80 secs


Starting epoch 32
Epoch 32 Batch 0 Loss 0.2168 Accuracy 0.9113
Epoch 32 Batch 100 Loss 0.2152 Accuracy 0.9095
Epoch 32 Batch 200 Loss 0.2153 Accuracy 0.9094
Epoch 32 Batch 300 Loss 0.2160 Accuracy 0.9091
Epoch 32 Batch 400 Loss 0.2162 Accuracy 0.9090
Epoch 32 Batch 500 Loss 0.2162 Accuracy 0.9091
Epoch 32 Batch 600 Loss 0.2164 Accuracy 0.9090
Epoch 32 Batch 700 Loss 0.2166 Accuracy 0.9090
Time taken for 1 epoch: 204.68 secs


Starting epoch 33
Epoch 33 Batch 0 Loss 0.2061 Accuracy 0.9109
Epoch 33 Batch 100 Loss 0.2130 Accuracy 0.9100
Epoch 33 Batch 200 Loss 0.2136 Accuracy 0.9099
Epoch 33 Batch 300 Loss 0.2137 Accuracy 0.9099
Epoch 33 Batch 400 Loss 0.2138 Accuracy 0.9099
Epoch 33 Batch 500 Loss 0.2142 Accuracy 0.9097
Epoch 33 Batch 600 Loss 0.2143 Accuracy 0.9097
Epoch 33 Batch 700 Loss 0.2147 Accuracy 0.9096
Time taken for 1 epoch: 204.58 secs


Starting epoch 34
Epoch 34 Batch 0 Loss 0.1967 Accuracy 0.9164
Epoch 34 Batch 100 Loss 0.2110 Accuracy 0.9108
Epoch 34 Batch 200 Loss 0.2123 Accuracy 0.9105
Epoch 34 Batch 300 Loss 0.2126 Accuracy 0.9103
Epoch 34 Batch 400 Loss 0.2126 Accuracy 0.9103
Epoch 34 Batch 500 Loss 0.2126 Accuracy 0.9103
Epoch 34 Batch 600 Loss 0.2129 Accuracy 0.9102
Epoch 34 Batch 700 Loss 0.2131 Accuracy 0.9101
Time taken for 1 epoch: 204.71 secs


Starting epoch 35
Epoch 35 Batch 0 Loss 0.2157 Accuracy 0.9085
Epoch 35 Batch 100 Loss 0.2095 Accuracy 0.9114
Epoch 35 Batch 200 Loss 0.2104 Accuracy 0.9111
Epoch 35 Batch 300 Loss 0.2108 Accuracy 0.9108
Epoch 35 Batch 400 Loss 0.2108 Accuracy 0.9108
Epoch 35 Batch 500 Loss 0.2112 Accuracy 0.9107
Epoch 35 Batch 600 Loss 0.2112 Accuracy 0.9107
Epoch 35 Batch 700 Loss 0.2115 Accuracy 0.9106
Time taken for 1 epoch: 204.68 secs


Starting epoch 36
Epoch 36 Batch 0 Loss 0.1987 Accuracy 0.9169
Epoch 36 Batch 100 Loss 0.2077 Accuracy 0.9121
Epoch 36 Batch 200 Loss 0.2083 Accuracy 0.9118
Epoch 36 Batch 300 Loss 0.2088 Accuracy 0.9115
Epoch 36 Batch 400 Loss 0.2089 Accuracy 0.9114
Epoch 36 Batch 500 Loss 0.2094 Accuracy 0.9112
Epoch 36 Batch 600 Loss 0.2098 Accuracy 0.9110
Epoch 36 Batch 700 Loss 0.2099 Accuracy 0.9110
Time taken for 1 epoch: 204.59 secs


Starting epoch 37
Epoch 37 Batch 0 Loss 0.2050 Accuracy 0.9118
Epoch 37 Batch 100 Loss 0.2068 Accuracy 0.9124
Epoch 37 Batch 200 Loss 0.2076 Accuracy 0.9121
Epoch 37 Batch 300 Loss 0.2078 Accuracy 0.9119
Epoch 37 Batch 400 Loss 0.2084 Accuracy 0.9118
Epoch 37 Batch 500 Loss 0.2086 Accuracy 0.9116
Epoch 37 Batch 600 Loss 0.2085 Accuracy 0.9116
Epoch 37 Batch 700 Loss 0.2086 Accuracy 0.9116
Time taken for 1 epoch: 204.80 secs


Starting epoch 38
Epoch 38 Batch 0 Loss 0.2111 Accuracy 0.9083
Epoch 38 Batch 100 Loss 0.2066 Accuracy 0.9119
Epoch 38 Batch 200 Loss 0.2066 Accuracy 0.9120
Epoch 38 Batch 300 Loss 0.2065 Accuracy 0.9122
Epoch 38 Batch 400 Loss 0.2070 Accuracy 0.9120
Epoch 38 Batch 500 Loss 0.2071 Accuracy 0.9120
Epoch 38 Batch 600 Loss 0.2073 Accuracy 0.9119
Epoch 38 Batch 700 Loss 0.2072 Accuracy 0.9120
Time taken for 1 epoch: 204.45 secs


Starting epoch 39
Epoch 39 Batch 0 Loss 0.1992 Accuracy 0.9156
Epoch 39 Batch 100 Loss 0.2055 Accuracy 0.9128
Epoch 39 Batch 200 Loss 0.2054 Accuracy 0.9127
Epoch 39 Batch 300 Loss 0.2057 Accuracy 0.9124
Epoch 39 Batch 400 Loss 0.2060 Accuracy 0.9123
Epoch 39 Batch 500 Loss 0.2059 Accuracy 0.9124
Epoch 39 Batch 600 Loss 0.2058 Accuracy 0.9125
Epoch 39 Batch 700 Loss 0.2059 Accuracy 0.9125
Time taken for 1 epoch: 204.66 secs


Starting epoch 40
Epoch 40 Batch 0 Loss 0.1981 Accuracy 0.9156
Epoch 40 Batch 100 Loss 0.2024 Accuracy 0.9136
Epoch 40 Batch 200 Loss 0.2038 Accuracy 0.9132
Epoch 40 Batch 300 Loss 0.2042 Accuracy 0.9130
Epoch 40 Batch 400 Loss 0.2046 Accuracy 0.9128
Epoch 40 Batch 500 Loss 0.2045 Accuracy 0.9129
Epoch 40 Batch 600 Loss 0.2046 Accuracy 0.9128
Epoch 40 Batch 700 Loss 0.2048 Accuracy 0.9128
Time taken for 1 epoch: 204.77 secs


Starting epoch 41
Epoch 41 Batch 0 Loss 0.1958 Accuracy 0.9145
Epoch 41 Batch 100 Loss 0.2022 Accuracy 0.9136
Epoch 41 Batch 200 Loss 0.2025 Accuracy 0.9136
Epoch 41 Batch 300 Loss 0.2028 Accuracy 0.9134
Epoch 41 Batch 400 Loss 0.2029 Accuracy 0.9134
Epoch 41 Batch 500 Loss 0.2031 Accuracy 0.9134
Epoch 41 Batch 600 Loss 0.2034 Accuracy 0.9133
Epoch 41 Batch 700 Loss 0.2035 Accuracy 0.9132
Time taken for 1 epoch: 204.76 secs


Starting epoch 42
Epoch 42 Batch 0 Loss 0.2051 Accuracy 0.9115
Epoch 42 Batch 100 Loss 0.2003 Accuracy 0.9144
Epoch 42 Batch 200 Loss 0.2011 Accuracy 0.9140
Epoch 42 Batch 300 Loss 0.2020 Accuracy 0.9136
Epoch 42 Batch 400 Loss 0.2024 Accuracy 0.9135
Epoch 42 Batch 500 Loss 0.2024 Accuracy 0.9135
Epoch 42 Batch 600 Loss 0.2022 Accuracy 0.9136
Epoch 42 Batch 700 Loss 0.2023 Accuracy 0.9136
Time taken for 1 epoch: 204.70 secs


Starting epoch 43
Epoch 43 Batch 0 Loss 0.2022 Accuracy 0.9147
Epoch 43 Batch 100 Loss 0.1993 Accuracy 0.9145
Epoch 43 Batch 200 Loss 0.1996 Accuracy 0.9146
Epoch 43 Batch 300 Loss 0.2000 Accuracy 0.9145
Epoch 43 Batch 400 Loss 0.2004 Accuracy 0.9143
Epoch 43 Batch 500 Loss 0.2007 Accuracy 0.9142
Epoch 43 Batch 600 Loss 0.2008 Accuracy 0.9142
Epoch 43 Batch 700 Loss 0.2011 Accuracy 0.9141
Time taken for 1 epoch: 204.67 secs


Starting epoch 44
Epoch 44 Batch 0 Loss 0.1915 Accuracy 0.9203
Epoch 44 Batch 100 Loss 0.1982 Accuracy 0.9158
Epoch 44 Batch 200 Loss 0.1989 Accuracy 0.9151
Epoch 44 Batch 300 Loss 0.1995 Accuracy 0.9147
Epoch 44 Batch 400 Loss 0.1996 Accuracy 0.9146
Epoch 44 Batch 500 Loss 0.1997 Accuracy 0.9146
Epoch 44 Batch 600 Loss 0.1999 Accuracy 0.9145
Epoch 44 Batch 700 Loss 0.2001 Accuracy 0.9144
Time taken for 1 epoch: 204.58 secs


Starting epoch 45
Epoch 45 Batch 0 Loss 0.2139 Accuracy 0.9105
Epoch 45 Batch 100 Loss 0.1978 Accuracy 0.9152
Epoch 45 Batch 200 Loss 0.1975 Accuracy 0.9153
Epoch 45 Batch 300 Loss 0.1985 Accuracy 0.9149
Epoch 45 Batch 400 Loss 0.1989 Accuracy 0.9147
Epoch 45 Batch 500 Loss 0.1991 Accuracy 0.9146
Epoch 45 Batch 600 Loss 0.1991 Accuracy 0.9146
Epoch 45 Batch 700 Loss 0.1992 Accuracy 0.9147
Time taken for 1 epoch: 204.49 secs


Starting epoch 46
Epoch 46 Batch 0 Loss 0.2048 Accuracy 0.9129
Epoch 46 Batch 100 Loss 0.1979 Accuracy 0.9152
Epoch 46 Batch 200 Loss 0.1969 Accuracy 0.9156
Epoch 46 Batch 300 Loss 0.1973 Accuracy 0.9153
Epoch 46 Batch 400 Loss 0.1978 Accuracy 0.9151
Epoch 46 Batch 500 Loss 0.1980 Accuracy 0.9151
Epoch 46 Batch 600 Loss 0.1982 Accuracy 0.9150
Epoch 46 Batch 700 Loss 0.1982 Accuracy 0.9150
Time taken for 1 epoch: 204.70 secs


Starting epoch 47
Epoch 47 Batch 0 Loss 0.1921 Accuracy 0.9188
Epoch 47 Batch 100 Loss 0.1957 Accuracy 0.9159
Epoch 47 Batch 200 Loss 0.1959 Accuracy 0.9159
Epoch 47 Batch 300 Loss 0.1961 Accuracy 0.9158
Epoch 47 Batch 400 Loss 0.1965 Accuracy 0.9156
Epoch 47 Batch 500 Loss 0.1967 Accuracy 0.9156
Epoch 47 Batch 600 Loss 0.1970 Accuracy 0.9155
Epoch 47 Batch 700 Loss 0.1972 Accuracy 0.9154
Time taken for 1 epoch: 204.59 secs


Starting epoch 48
Epoch 48 Batch 0 Loss 0.1914 Accuracy 0.9199
Epoch 48 Batch 100 Loss 0.1947 Accuracy 0.9160
Epoch 48 Batch 200 Loss 0.1958 Accuracy 0.9158
Epoch 48 Batch 300 Loss 0.1960 Accuracy 0.9157
Epoch 48 Batch 400 Loss 0.1960 Accuracy 0.9157
Epoch 48 Batch 500 Loss 0.1963 Accuracy 0.9157
Epoch 48 Batch 600 Loss 0.1963 Accuracy 0.9156
Epoch 48 Batch 700 Loss 0.1964 Accuracy 0.9156
Time taken for 1 epoch: 204.47 secs


Starting epoch 49
Epoch 49 Batch 0 Loss 0.1879 Accuracy 0.9180
Epoch 49 Batch 100 Loss 0.1931 Accuracy 0.9167
Epoch 49 Batch 200 Loss 0.1941 Accuracy 0.9163
Epoch 49 Batch 300 Loss 0.1942 Accuracy 0.9164
Epoch 49 Batch 400 Loss 0.1946 Accuracy 0.9162
Epoch 49 Batch 500 Loss 0.1951 Accuracy 0.9160
Epoch 49 Batch 600 Loss 0.1953 Accuracy 0.9159
Epoch 49 Batch 700 Loss 0.1954 Accuracy 0.9159
Time taken for 1 epoch: 204.53 secs


Starting epoch 50
Epoch 50 Batch 0 Loss 0.2006 Accuracy 0.9164
Epoch 50 Batch 100 Loss 0.1929 Accuracy 0.9170
Epoch 50 Batch 200 Loss 0.1935 Accuracy 0.9167
Epoch 50 Batch 300 Loss 0.1940 Accuracy 0.9165
Epoch 50 Batch 400 Loss 0.1945 Accuracy 0.9163
Epoch 50 Batch 500 Loss 0.1946 Accuracy 0.9163
Epoch 50 Batch 600 Loss 0.1945 Accuracy 0.9163
Epoch 50 Batch 700 Loss 0.1947 Accuracy 0.9162
Time taken for 1 epoch: 204.51 secs


Starting epoch 51
Epoch 51 Batch 0 Loss 0.1930 Accuracy 0.9180
Epoch 51 Batch 100 Loss 0.1924 Accuracy 0.9171
Epoch 51 Batch 200 Loss 0.1928 Accuracy 0.9169
Epoch 51 Batch 300 Loss 0.1928 Accuracy 0.9168
Epoch 51 Batch 400 Loss 0.1931 Accuracy 0.9168
Epoch 51 Batch 500 Loss 0.1935 Accuracy 0.9166
Epoch 51 Batch 600 Loss 0.1937 Accuracy 0.9165
Epoch 51 Batch 700 Loss 0.1937 Accuracy 0.9166
Time taken for 1 epoch: 204.74 secs


Starting epoch 52
Epoch 52 Batch 0 Loss 0.1937 Accuracy 0.9197
Epoch 52 Batch 100 Loss 0.1908 Accuracy 0.9176
Epoch 52 Batch 200 Loss 0.1918 Accuracy 0.9171
Epoch 52 Batch 300 Loss 0.1922 Accuracy 0.9170
Epoch 52 Batch 400 Loss 0.1925 Accuracy 0.9169
Epoch 52 Batch 500 Loss 0.1926 Accuracy 0.9169
Epoch 52 Batch 600 Loss 0.1929 Accuracy 0.9168
Epoch 52 Batch 700 Loss 0.1930 Accuracy 0.9168
Time taken for 1 epoch: 204.59 secs


Starting epoch 53
Epoch 53 Batch 0 Loss 0.1947 Accuracy 0.9162
Epoch 53 Batch 100 Loss 0.1903 Accuracy 0.9178
Epoch 53 Batch 200 Loss 0.1905 Accuracy 0.9176
Epoch 53 Batch 300 Loss 0.1911 Accuracy 0.9174
Epoch 53 Batch 400 Loss 0.1915 Accuracy 0.9172
Epoch 53 Batch 500 Loss 0.1917 Accuracy 0.9171
Epoch 53 Batch 600 Loss 0.1920 Accuracy 0.9171
Epoch 53 Batch 700 Loss 0.1922 Accuracy 0.9170
Time taken for 1 epoch: 204.73 secs


Starting epoch 54
Epoch 54 Batch 0 Loss 0.1948 Accuracy 0.9176
Epoch 54 Batch 100 Loss 0.1908 Accuracy 0.9174
Epoch 54 Batch 200 Loss 0.1909 Accuracy 0.9174
Epoch 54 Batch 300 Loss 0.1914 Accuracy 0.9173
Epoch 54 Batch 400 Loss 0.1914 Accuracy 0.9173
Epoch 54 Batch 500 Loss 0.1914 Accuracy 0.9173
Epoch 54 Batch 600 Loss 0.1914 Accuracy 0.9173
Epoch 54 Batch 700 Loss 0.1916 Accuracy 0.9172
Time taken for 1 epoch: 204.63 secs


Starting epoch 55
Epoch 55 Batch 0 Loss 0.1854 Accuracy 0.9196
Epoch 55 Batch 100 Loss 0.1896 Accuracy 0.9179
Epoch 55 Batch 200 Loss 0.1890 Accuracy 0.9182
Epoch 55 Batch 300 Loss 0.1902 Accuracy 0.9177
Epoch 55 Batch 400 Loss 0.1902 Accuracy 0.9177
Epoch 55 Batch 500 Loss 0.1903 Accuracy 0.9176
Epoch 55 Batch 600 Loss 0.1906 Accuracy 0.9176
Epoch 55 Batch 700 Loss 0.1908 Accuracy 0.9175
Time taken for 1 epoch: 204.50 secs


Starting epoch 56
Epoch 56 Batch 0 Loss 0.1833 Accuracy 0.9176
Epoch 56 Batch 100 Loss 0.1876 Accuracy 0.9188
Epoch 56 Batch 200 Loss 0.1884 Accuracy 0.9183
Epoch 56 Batch 300 Loss 0.1892 Accuracy 0.9180
Epoch 56 Batch 400 Loss 0.1893 Accuracy 0.9179
Epoch 56 Batch 500 Loss 0.1897 Accuracy 0.9179
Epoch 56 Batch 600 Loss 0.1900 Accuracy 0.9178
Epoch 56 Batch 700 Loss 0.1901 Accuracy 0.9178
Time taken for 1 epoch: 204.70 secs


Starting epoch 57
Epoch 57 Batch 0 Loss 0.1945 Accuracy 0.9162
Epoch 57 Batch 100 Loss 0.1876 Accuracy 0.9187
Epoch 57 Batch 200 Loss 0.1880 Accuracy 0.9185
Epoch 57 Batch 300 Loss 0.1888 Accuracy 0.9181
Epoch 57 Batch 400 Loss 0.1889 Accuracy 0.9180
Epoch 57 Batch 500 Loss 0.1893 Accuracy 0.9178
Epoch 57 Batch 600 Loss 0.1896 Accuracy 0.9177
Epoch 57 Batch 700 Loss 0.1894 Accuracy 0.9178
Time taken for 1 epoch: 204.53 secs


Starting epoch 58
Epoch 58 Batch 0 Loss 0.1838 Accuracy 0.9217
Epoch 58 Batch 100 Loss 0.1878 Accuracy 0.9185
Epoch 58 Batch 200 Loss 0.1877 Accuracy 0.9185
Epoch 58 Batch 300 Loss 0.1886 Accuracy 0.9182
Epoch 58 Batch 400 Loss 0.1886 Accuracy 0.9181
Epoch 58 Batch 500 Loss 0.1885 Accuracy 0.9182
Epoch 58 Batch 600 Loss 0.1887 Accuracy 0.9181
Epoch 58 Batch 700 Loss 0.1888 Accuracy 0.9181
Time taken for 1 epoch: 204.66 secs


Starting epoch 59
Epoch 59 Batch 0 Loss 0.1864 Accuracy 0.9192
Epoch 59 Batch 100 Loss 0.1866 Accuracy 0.9190
Epoch 59 Batch 200 Loss 0.1870 Accuracy 0.9187
Epoch 59 Batch 300 Loss 0.1874 Accuracy 0.9186
Epoch 59 Batch 400 Loss 0.1877 Accuracy 0.9184
Epoch 59 Batch 500 Loss 0.1880 Accuracy 0.9184
Epoch 59 Batch 600 Loss 0.1882 Accuracy 0.9183
Epoch 59 Batch 700 Loss 0.1883 Accuracy 0.9182
Time taken for 1 epoch: 204.74 secs


Starting epoch 60
Epoch 60 Batch 0 Loss 0.1758 Accuracy 0.9226
Epoch 60 Batch 100 Loss 0.1863 Accuracy 0.9192
Epoch 60 Batch 200 Loss 0.1868 Accuracy 0.9190
Epoch 60 Batch 300 Loss 0.1870 Accuracy 0.9188
Epoch 60 Batch 400 Loss 0.1874 Accuracy 0.9186
Epoch 60 Batch 500 Loss 0.1872 Accuracy 0.9186
Epoch 60 Batch 600 Loss 0.1873 Accuracy 0.9186
Epoch 60 Batch 700 Loss 0.1876 Accuracy 0.9185
Time taken for 1 epoch: 204.62 secs


Starting epoch 61
Epoch 61 Batch 0 Loss 0.1864 Accuracy 0.9174
Epoch 61 Batch 100 Loss 0.1843 Accuracy 0.9195
Epoch 61 Batch 200 Loss 0.1851 Accuracy 0.9194
Epoch 61 Batch 300 Loss 0.1855 Accuracy 0.9192
Epoch 61 Batch 400 Loss 0.1861 Accuracy 0.9190
Epoch 61 Batch 500 Loss 0.1863 Accuracy 0.9190
Epoch 61 Batch 600 Loss 0.1866 Accuracy 0.9188
Epoch 61 Batch 700 Loss 0.1869 Accuracy 0.9187
Time taken for 1 epoch: 204.73 secs


Starting epoch 62
Epoch 62 Batch 0 Loss 0.1875 Accuracy 0.9185
Epoch 62 Batch 100 Loss 0.1847 Accuracy 0.9195
Epoch 62 Batch 200 Loss 0.1853 Accuracy 0.9194
Epoch 62 Batch 300 Loss 0.1854 Accuracy 0.9193
Epoch 62 Batch 400 Loss 0.1858 Accuracy 0.9190
Epoch 62 Batch 500 Loss 0.1859 Accuracy 0.9190
Epoch 62 Batch 600 Loss 0.1862 Accuracy 0.9189
Epoch 62 Batch 700 Loss 0.1862 Accuracy 0.9190
Time taken for 1 epoch: 204.60 secs


Starting epoch 63
Epoch 63 Batch 0 Loss 0.1904 Accuracy 0.9188
Epoch 63 Batch 100 Loss 0.1843 Accuracy 0.9199
Epoch 63 Batch 200 Loss 0.1848 Accuracy 0.9195
Epoch 63 Batch 300 Loss 0.1848 Accuracy 0.9196
Epoch 63 Batch 400 Loss 0.1853 Accuracy 0.9194
Epoch 63 Batch 500 Loss 0.1854 Accuracy 0.9193
Epoch 63 Batch 600 Loss 0.1856 Accuracy 0.9192
Epoch 63 Batch 700 Loss 0.1858 Accuracy 0.9191
Time taken for 1 epoch: 204.41 secs


Starting epoch 64
Epoch 64 Batch 0 Loss 0.1814 Accuracy 0.9204
Epoch 64 Batch 100 Loss 0.1833 Accuracy 0.9202
Epoch 64 Batch 200 Loss 0.1843 Accuracy 0.9197
Epoch 64 Batch 300 Loss 0.1846 Accuracy 0.9196
Epoch 64 Batch 400 Loss 0.1848 Accuracy 0.9195
Epoch 64 Batch 500 Loss 0.1850 Accuracy 0.9194
Epoch 64 Batch 600 Loss 0.1851 Accuracy 0.9194
Epoch 64 Batch 700 Loss 0.1854 Accuracy 0.9193
Time taken for 1 epoch: 204.66 secs


Starting epoch 65
Epoch 65 Batch 0 Loss 0.2023 Accuracy 0.9136
Epoch 65 Batch 100 Loss 0.1833 Accuracy 0.9200
Epoch 65 Batch 200 Loss 0.1832 Accuracy 0.9200
Epoch 65 Batch 300 Loss 0.1829 Accuracy 0.9201
Epoch 65 Batch 400 Loss 0.1836 Accuracy 0.9199
Epoch 65 Batch 500 Loss 0.1839 Accuracy 0.9197
Epoch 65 Batch 600 Loss 0.1842 Accuracy 0.9197
Epoch 65 Batch 700 Loss 0.1845 Accuracy 0.9195
Time taken for 1 epoch: 204.81 secs


Starting epoch 66
Epoch 66 Batch 0 Loss 0.1756 Accuracy 0.9255
Epoch 66 Batch 100 Loss 0.1835 Accuracy 0.9199
Epoch 66 Batch 200 Loss 0.1835 Accuracy 0.9199
Epoch 66 Batch 300 Loss 0.1833 Accuracy 0.9199
Epoch 66 Batch 400 Loss 0.1838 Accuracy 0.9197
Epoch 66 Batch 500 Loss 0.1842 Accuracy 0.9196
Epoch 66 Batch 600 Loss 0.1843 Accuracy 0.9195
Epoch 66 Batch 700 Loss 0.1843 Accuracy 0.9195
Time taken for 1 epoch: 204.55 secs


Starting epoch 67
Epoch 67 Batch 0 Loss 0.1828 Accuracy 0.9214
Epoch 67 Batch 100 Loss 0.1815 Accuracy 0.9207
Epoch 67 Batch 200 Loss 0.1820 Accuracy 0.9204
Epoch 67 Batch 300 Loss 0.1824 Accuracy 0.9203
Epoch 67 Batch 400 Loss 0.1830 Accuracy 0.9200
Epoch 67 Batch 500 Loss 0.1831 Accuracy 0.9199
Epoch 67 Batch 600 Loss 0.1833 Accuracy 0.9199
Epoch 67 Batch 700 Loss 0.1836 Accuracy 0.9197
Time taken for 1 epoch: 204.62 secs


Starting epoch 68
Epoch 68 Batch 0 Loss 0.1917 Accuracy 0.9155
Epoch 68 Batch 100 Loss 0.1822 Accuracy 0.9201
Epoch 68 Batch 200 Loss 0.1825 Accuracy 0.9202
Epoch 68 Batch 300 Loss 0.1828 Accuracy 0.9201
Epoch 68 Batch 400 Loss 0.1828 Accuracy 0.9201
Epoch 68 Batch 500 Loss 0.1828 Accuracy 0.9201
Epoch 68 Batch 600 Loss 0.1830 Accuracy 0.9201
Epoch 68 Batch 700 Loss 0.1833 Accuracy 0.9200
Time taken for 1 epoch: 204.74 secs


Starting epoch 69
Epoch 69 Batch 0 Loss 0.1844 Accuracy 0.9190
Epoch 69 Batch 100 Loss 0.1809 Accuracy 0.9207
Epoch 69 Batch 200 Loss 0.1820 Accuracy 0.9204
Epoch 69 Batch 300 Loss 0.1821 Accuracy 0.9205
Epoch 69 Batch 400 Loss 0.1823 Accuracy 0.9203
Epoch 69 Batch 500 Loss 0.1824 Accuracy 0.9202
Epoch 69 Batch 600 Loss 0.1826 Accuracy 0.9202
Epoch 69 Batch 700 Loss 0.1828 Accuracy 0.9201
Time taken for 1 epoch: 204.56 secs


Starting epoch 70
Epoch 70 Batch 0 Loss 0.1871 Accuracy 0.9187
Epoch 70 Batch 100 Loss 0.1805 Accuracy 0.9213
Epoch 70 Batch 200 Loss 0.1807 Accuracy 0.9211
Epoch 70 Batch 300 Loss 0.1811 Accuracy 0.9209
Epoch 70 Batch 400 Loss 0.1813 Accuracy 0.9208
Epoch 70 Batch 500 Loss 0.1818 Accuracy 0.9206
Epoch 70 Batch 600 Loss 0.1819 Accuracy 0.9206
Epoch 70 Batch 700 Loss 0.1822 Accuracy 0.9204
Time taken for 1 epoch: 204.82 secs


Starting epoch 71
Epoch 71 Batch 0 Loss 0.1709 Accuracy 0.9257
Epoch 71 Batch 100 Loss 0.1794 Accuracy 0.9213
Epoch 71 Batch 200 Loss 0.1806 Accuracy 0.9209
Epoch 71 Batch 300 Loss 0.1807 Accuracy 0.9210
Epoch 71 Batch 400 Loss 0.1812 Accuracy 0.9207
Epoch 71 Batch 500 Loss 0.1814 Accuracy 0.9207
Epoch 71 Batch 600 Loss 0.1816 Accuracy 0.9206
Epoch 71 Batch 700 Loss 0.1818 Accuracy 0.9205
Time taken for 1 epoch: 204.62 secs


Starting epoch 72
Epoch 72 Batch 0 Loss 0.1817 Accuracy 0.9205
Epoch 72 Batch 100 Loss 0.1796 Accuracy 0.9210
Epoch 72 Batch 200 Loss 0.1805 Accuracy 0.9208
Epoch 72 Batch 300 Loss 0.1808 Accuracy 0.9207
Epoch 72 Batch 400 Loss 0.1809 Accuracy 0.9206
Epoch 72 Batch 500 Loss 0.1809 Accuracy 0.9206
Epoch 72 Batch 600 Loss 0.1810 Accuracy 0.9206
Epoch 72 Batch 700 Loss 0.1814 Accuracy 0.9205
Time taken for 1 epoch: 204.66 secs


Starting epoch 73
Epoch 73 Batch 0 Loss 0.1719 Accuracy 0.9227
Epoch 73 Batch 100 Loss 0.1791 Accuracy 0.9214
Epoch 73 Batch 200 Loss 0.1795 Accuracy 0.9213
Epoch 73 Batch 300 Loss 0.1801 Accuracy 0.9210
Epoch 73 Batch 400 Loss 0.1800 Accuracy 0.9211
Epoch 73 Batch 500 Loss 0.1803 Accuracy 0.9210
Epoch 73 Batch 600 Loss 0.1806 Accuracy 0.9208
Epoch 73 Batch 700 Loss 0.1809 Accuracy 0.9207
Time taken for 1 epoch: 204.71 secs


Starting epoch 74
Epoch 74 Batch 0 Loss 0.1787 Accuracy 0.9204
Epoch 74 Batch 100 Loss 0.1779 Accuracy 0.9218
Epoch 74 Batch 200 Loss 0.1790 Accuracy 0.9213
Epoch 74 Batch 300 Loss 0.1797 Accuracy 0.9212
Epoch 74 Batch 400 Loss 0.1801 Accuracy 0.9210
Epoch 74 Batch 500 Loss 0.1801 Accuracy 0.9210
Epoch 74 Batch 600 Loss 0.1803 Accuracy 0.9209
Epoch 74 Batch 700 Loss 0.1805 Accuracy 0.9209
Time taken for 1 epoch: 204.71 secs


Starting epoch 75
Epoch 75 Batch 0 Loss 0.1732 Accuracy 0.9248
Epoch 75 Batch 100 Loss 0.1785 Accuracy 0.9215
Epoch 75 Batch 200 Loss 0.1786 Accuracy 0.9214
Epoch 75 Batch 300 Loss 0.1792 Accuracy 0.9213
Epoch 75 Batch 400 Loss 0.1793 Accuracy 0.9212
Epoch 75 Batch 500 Loss 0.1796 Accuracy 0.9211
Epoch 75 Batch 600 Loss 0.1800 Accuracy 0.9209
Epoch 75 Batch 700 Loss 0.1802 Accuracy 0.9209
Time taken for 1 epoch: 204.53 secs


Starting epoch 76
Epoch 76 Batch 0 Loss 0.1713 Accuracy 0.9237
Epoch 76 Batch 100 Loss 0.1791 Accuracy 0.9214
Epoch 76 Batch 200 Loss 0.1787 Accuracy 0.9215
Epoch 76 Batch 300 Loss 0.1789 Accuracy 0.9214
Epoch 76 Batch 400 Loss 0.1790 Accuracy 0.9214
Epoch 76 Batch 500 Loss 0.1792 Accuracy 0.9214
Epoch 76 Batch 600 Loss 0.1795 Accuracy 0.9212
Epoch 76 Batch 700 Loss 0.1796 Accuracy 0.9212
Time taken for 1 epoch: 204.60 secs


Starting epoch 77
Epoch 77 Batch 0 Loss 0.1793 Accuracy 0.9193
Epoch 77 Batch 100 Loss 0.1779 Accuracy 0.9218
Epoch 77 Batch 200 Loss 0.1781 Accuracy 0.9218
Epoch 77 Batch 300 Loss 0.1782 Accuracy 0.9217
Epoch 77 Batch 400 Loss 0.1786 Accuracy 0.9215
Epoch 77 Batch 500 Loss 0.1789 Accuracy 0.9214
Epoch 77 Batch 600 Loss 0.1790 Accuracy 0.9214
Epoch 77 Batch 700 Loss 0.1792 Accuracy 0.9213
Time taken for 1 epoch: 204.74 secs


Starting epoch 78
Epoch 78 Batch 0 Loss 0.1762 Accuracy 0.9196
Epoch 78 Batch 100 Loss 0.1768 Accuracy 0.9222
Epoch 78 Batch 200 Loss 0.1777 Accuracy 0.9218
Epoch 78 Batch 300 Loss 0.1779 Accuracy 0.9217
Epoch 78 Batch 400 Loss 0.1779 Accuracy 0.9217
Epoch 78 Batch 500 Loss 0.1785 Accuracy 0.9215
Epoch 78 Batch 600 Loss 0.1785 Accuracy 0.9215
Epoch 78 Batch 700 Loss 0.1787 Accuracy 0.9214
Time taken for 1 epoch: 204.74 secs


Starting epoch 79
Epoch 79 Batch 0 Loss 0.1717 Accuracy 0.9233
Epoch 79 Batch 100 Loss 0.1773 Accuracy 0.9221
Epoch 79 Batch 200 Loss 0.1779 Accuracy 0.9217
Epoch 79 Batch 300 Loss 0.1779 Accuracy 0.9217
Epoch 79 Batch 400 Loss 0.1779 Accuracy 0.9216
Epoch 79 Batch 500 Loss 0.1779 Accuracy 0.9217
Epoch 79 Batch 600 Loss 0.1781 Accuracy 0.9216
Epoch 79 Batch 700 Loss 0.1783 Accuracy 0.9216
Time taken for 1 epoch: 204.66 secs


Starting epoch 80
Epoch 80 Batch 0 Loss 0.1873 Accuracy 0.9163
Epoch 80 Batch 100 Loss 0.1762 Accuracy 0.9220
Epoch 80 Batch 200 Loss 0.1773 Accuracy 0.9217
Epoch 80 Batch 300 Loss 0.1776 Accuracy 0.9217
Epoch 80 Batch 400 Loss 0.1778 Accuracy 0.9217
Epoch 80 Batch 500 Loss 0.1780 Accuracy 0.9217
Epoch 80 Batch 600 Loss 0.1781 Accuracy 0.9217
Epoch 80 Batch 700 Loss 0.1782 Accuracy 0.9216
Time taken for 1 epoch: 204.83 secs


Starting epoch 81
Epoch 81 Batch 0 Loss 0.1714 Accuracy 0.9251
Epoch 81 Batch 100 Loss 0.1764 Accuracy 0.9223
Epoch 81 Batch 200 Loss 0.1763 Accuracy 0.9223
Epoch 81 Batch 300 Loss 0.1765 Accuracy 0.9223
Epoch 81 Batch 400 Loss 0.1769 Accuracy 0.9221
Epoch 81 Batch 500 Loss 0.1771 Accuracy 0.9221
Epoch 81 Batch 600 Loss 0.1773 Accuracy 0.9220
Epoch 81 Batch 700 Loss 0.1775 Accuracy 0.9219
Time taken for 1 epoch: 204.60 secs


Starting epoch 82
Epoch 82 Batch 0 Loss 0.1779 Accuracy 0.9259
Epoch 82 Batch 100 Loss 0.1760 Accuracy 0.9226
Epoch 82 Batch 200 Loss 0.1760 Accuracy 0.9225
Epoch 82 Batch 300 Loss 0.1764 Accuracy 0.9223
Epoch 82 Batch 400 Loss 0.1769 Accuracy 0.9221
Epoch 82 Batch 500 Loss 0.1770 Accuracy 0.9221
Epoch 82 Batch 600 Loss 0.1772 Accuracy 0.9220
Epoch 82 Batch 700 Loss 0.1774 Accuracy 0.9219
Time taken for 1 epoch: 204.75 secs


Starting epoch 83
Epoch 83 Batch 0 Loss 0.1921 Accuracy 0.9170
Epoch 83 Batch 100 Loss 0.1746 Accuracy 0.9231
Epoch 83 Batch 200 Loss 0.1754 Accuracy 0.9228
Epoch 83 Batch 300 Loss 0.1757 Accuracy 0.9226
Epoch 83 Batch 400 Loss 0.1760 Accuracy 0.9225
Epoch 83 Batch 500 Loss 0.1765 Accuracy 0.9222
Epoch 83 Batch 600 Loss 0.1767 Accuracy 0.9222
Epoch 83 Batch 700 Loss 0.1768 Accuracy 0.9221
Time taken for 1 epoch: 204.77 secs


Starting epoch 84
Epoch 84 Batch 0 Loss 0.1770 Accuracy 0.9245
Epoch 84 Batch 100 Loss 0.1751 Accuracy 0.9226
Epoch 84 Batch 200 Loss 0.1752 Accuracy 0.9225
Epoch 84 Batch 300 Loss 0.1758 Accuracy 0.9223
Epoch 84 Batch 400 Loss 0.1759 Accuracy 0.9224
Epoch 84 Batch 500 Loss 0.1763 Accuracy 0.9223
Epoch 84 Batch 600 Loss 0.1765 Accuracy 0.9222
Epoch 84 Batch 700 Loss 0.1766 Accuracy 0.9222
Time taken for 1 epoch: 204.68 secs


Starting epoch 85
Epoch 85 Batch 0 Loss 0.1715 Accuracy 0.9259
Epoch 85 Batch 100 Loss 0.1741 Accuracy 0.9232
Epoch 85 Batch 200 Loss 0.1750 Accuracy 0.9228
Epoch 85 Batch 300 Loss 0.1754 Accuracy 0.9226
Epoch 85 Batch 400 Loss 0.1757 Accuracy 0.9224
Epoch 85 Batch 500 Loss 0.1758 Accuracy 0.9224
Epoch 85 Batch 600 Loss 0.1760 Accuracy 0.9224
Epoch 85 Batch 700 Loss 0.1762 Accuracy 0.9223
Time taken for 1 epoch: 204.60 secs


Starting epoch 86
Epoch 86 Batch 0 Loss 0.1725 Accuracy 0.9205
Epoch 86 Batch 100 Loss 0.1738 Accuracy 0.9233
Epoch 86 Batch 200 Loss 0.1748 Accuracy 0.9229
Epoch 86 Batch 300 Loss 0.1750 Accuracy 0.9227
Epoch 86 Batch 400 Loss 0.1756 Accuracy 0.9225
Epoch 86 Batch 500 Loss 0.1756 Accuracy 0.9226
Epoch 86 Batch 600 Loss 0.1759 Accuracy 0.9225
Epoch 86 Batch 700 Loss 0.1759 Accuracy 0.9224
Time taken for 1 epoch: 204.82 secs


Starting epoch 87
Epoch 87 Batch 0 Loss 0.1765 Accuracy 0.9218
Epoch 87 Batch 100 Loss 0.1749 Accuracy 0.9225
Epoch 87 Batch 200 Loss 0.1749 Accuracy 0.9227
Epoch 87 Batch 300 Loss 0.1749 Accuracy 0.9228
Epoch 87 Batch 400 Loss 0.1751 Accuracy 0.9227
Epoch 87 Batch 500 Loss 0.1753 Accuracy 0.9226
Epoch 87 Batch 600 Loss 0.1754 Accuracy 0.9226
Epoch 87 Batch 700 Loss 0.1756 Accuracy 0.9225
Time taken for 1 epoch: 204.55 secs


Starting epoch 88
Epoch 88 Batch 0 Loss 0.1686 Accuracy 0.9237
Epoch 88 Batch 100 Loss 0.1735 Accuracy 0.9231
Epoch 88 Batch 200 Loss 0.1742 Accuracy 0.9230
Epoch 88 Batch 300 Loss 0.1742 Accuracy 0.9231
Epoch 88 Batch 400 Loss 0.1746 Accuracy 0.9229
Epoch 88 Batch 500 Loss 0.1746 Accuracy 0.9229
Epoch 88 Batch 600 Loss 0.1750 Accuracy 0.9227
Epoch 88 Batch 700 Loss 0.1751 Accuracy 0.9227
Time taken for 1 epoch: 204.83 secs


Starting epoch 89
Epoch 89 Batch 0 Loss 0.1710 Accuracy 0.9228
Epoch 89 Batch 100 Loss 0.1735 Accuracy 0.9229
Epoch 89 Batch 200 Loss 0.1736 Accuracy 0.9231
Epoch 89 Batch 300 Loss 0.1740 Accuracy 0.9230
Epoch 89 Batch 400 Loss 0.1744 Accuracy 0.9229
Epoch 89 Batch 500 Loss 0.1746 Accuracy 0.9228
Epoch 89 Batch 600 Loss 0.1747 Accuracy 0.9228
Epoch 89 Batch 700 Loss 0.1748 Accuracy 0.9228
Time taken for 1 epoch: 204.71 secs


Starting epoch 90
Epoch 90 Batch 0 Loss 0.1701 Accuracy 0.9229
Epoch 90 Batch 100 Loss 0.1727 Accuracy 0.9236
Epoch 90 Batch 200 Loss 0.1731 Accuracy 0.9234
Epoch 90 Batch 300 Loss 0.1735 Accuracy 0.9233
Epoch 90 Batch 400 Loss 0.1738 Accuracy 0.9232
Epoch 90 Batch 500 Loss 0.1743 Accuracy 0.9230
Epoch 90 Batch 600 Loss 0.1746 Accuracy 0.9229
Epoch 90 Batch 700 Loss 0.1745 Accuracy 0.9229
Time taken for 1 epoch: 204.73 secs


Starting epoch 91
Epoch 91 Batch 0 Loss 0.1711 Accuracy 0.9249
Epoch 91 Batch 100 Loss 0.1730 Accuracy 0.9234
Epoch 91 Batch 200 Loss 0.1731 Accuracy 0.9234
Epoch 91 Batch 300 Loss 0.1732 Accuracy 0.9233
Epoch 91 Batch 400 Loss 0.1733 Accuracy 0.9233
Epoch 91 Batch 500 Loss 0.1736 Accuracy 0.9232
Epoch 91 Batch 600 Loss 0.1738 Accuracy 0.9231
Epoch 91 Batch 700 Loss 0.1742 Accuracy 0.9230
Time taken for 1 epoch: 204.69 secs


Starting epoch 92
Epoch 92 Batch 0 Loss 0.1807 Accuracy 0.9213
Epoch 92 Batch 100 Loss 0.1713 Accuracy 0.9241
Epoch 92 Batch 200 Loss 0.1728 Accuracy 0.9237
Epoch 92 Batch 300 Loss 0.1733 Accuracy 0.9233
Epoch 92 Batch 400 Loss 0.1734 Accuracy 0.9233
Epoch 92 Batch 500 Loss 0.1737 Accuracy 0.9231
Epoch 92 Batch 600 Loss 0.1738 Accuracy 0.9231
Epoch 92 Batch 700 Loss 0.1738 Accuracy 0.9231
Time taken for 1 epoch: 204.52 secs


Starting epoch 93
Epoch 93 Batch 0 Loss 0.1708 Accuracy 0.9241
Epoch 93 Batch 100 Loss 0.1713 Accuracy 0.9245
Epoch 93 Batch 200 Loss 0.1723 Accuracy 0.9239
Epoch 93 Batch 300 Loss 0.1726 Accuracy 0.9236
Epoch 93 Batch 400 Loss 0.1726 Accuracy 0.9237
Epoch 93 Batch 500 Loss 0.1730 Accuracy 0.9235
Epoch 93 Batch 600 Loss 0.1733 Accuracy 0.9234
Epoch 93 Batch 700 Loss 0.1736 Accuracy 0.9233
Time taken for 1 epoch: 204.77 secs


Starting epoch 94
Epoch 94 Batch 0 Loss 0.1688 Accuracy 0.9225
Epoch 94 Batch 100 Loss 0.1717 Accuracy 0.9240
Epoch 94 Batch 200 Loss 0.1724 Accuracy 0.9238
Epoch 94 Batch 300 Loss 0.1728 Accuracy 0.9236
Epoch 94 Batch 400 Loss 0.1729 Accuracy 0.9235
Epoch 94 Batch 500 Loss 0.1731 Accuracy 0.9234
Epoch 94 Batch 600 Loss 0.1731 Accuracy 0.9234
Epoch 94 Batch 700 Loss 0.1732 Accuracy 0.9233
Time taken for 1 epoch: 204.61 secs


Starting epoch 95
Epoch 95 Batch 0 Loss 0.1707 Accuracy 0.9247
Epoch 95 Batch 100 Loss 0.1721 Accuracy 0.9237
Epoch 95 Batch 200 Loss 0.1725 Accuracy 0.9236
Epoch 95 Batch 300 Loss 0.1726 Accuracy 0.9235
Epoch 95 Batch 400 Loss 0.1726 Accuracy 0.9236
Epoch 95 Batch 500 Loss 0.1727 Accuracy 0.9236
Epoch 95 Batch 600 Loss 0.1728 Accuracy 0.9235
Epoch 95 Batch 700 Loss 0.1730 Accuracy 0.9235
Time taken for 1 epoch: 204.76 secs


Starting epoch 96
Epoch 96 Batch 0 Loss 0.1681 Accuracy 0.9278
Epoch 96 Batch 100 Loss 0.1714 Accuracy 0.9239
Epoch 96 Batch 200 Loss 0.1720 Accuracy 0.9237
Epoch 96 Batch 300 Loss 0.1721 Accuracy 0.9237
Epoch 96 Batch 400 Loss 0.1723 Accuracy 0.9236
Epoch 96 Batch 500 Loss 0.1724 Accuracy 0.9235
Epoch 96 Batch 600 Loss 0.1726 Accuracy 0.9235
Epoch 96 Batch 700 Loss 0.1728 Accuracy 0.9235
Time taken for 1 epoch: 204.56 secs


Starting epoch 97
Epoch 97 Batch 0 Loss 0.1680 Accuracy 0.9259
Epoch 97 Batch 100 Loss 0.1715 Accuracy 0.9242
Epoch 97 Batch 200 Loss 0.1717 Accuracy 0.9239
Epoch 97 Batch 300 Loss 0.1715 Accuracy 0.9240
Epoch 97 Batch 400 Loss 0.1717 Accuracy 0.9239
Epoch 97 Batch 500 Loss 0.1719 Accuracy 0.9238
Epoch 97 Batch 600 Loss 0.1721 Accuracy 0.9238
Epoch 97 Batch 700 Loss 0.1723 Accuracy 0.9237
Time taken for 1 epoch: 204.78 secs


Starting epoch 98
Epoch 98 Batch 0 Loss 0.1719 Accuracy 0.9236
Epoch 98 Batch 100 Loss 0.1700 Accuracy 0.9245
Epoch 98 Batch 200 Loss 0.1706 Accuracy 0.9244
Epoch 98 Batch 300 Loss 0.1715 Accuracy 0.9241
Epoch 98 Batch 400 Loss 0.1718 Accuracy 0.9239
Epoch 98 Batch 500 Loss 0.1719 Accuracy 0.9238
Epoch 98 Batch 600 Loss 0.1720 Accuracy 0.9238
Epoch 98 Batch 700 Loss 0.1722 Accuracy 0.9238
Time taken for 1 epoch: 204.70 secs


Starting epoch 99
Epoch 99 Batch 0 Loss 0.1685 Accuracy 0.9252
Epoch 99 Batch 100 Loss 0.1702 Accuracy 0.9245
Epoch 99 Batch 200 Loss 0.1708 Accuracy 0.9243
Epoch 99 Batch 300 Loss 0.1710 Accuracy 0.9242
Epoch 99 Batch 400 Loss 0.1713 Accuracy 0.9240
Epoch 99 Batch 500 Loss 0.1715 Accuracy 0.9240
Epoch 99 Batch 600 Loss 0.1715 Accuracy 0.9239
Epoch 99 Batch 700 Loss 0.1718 Accuracy 0.9238
Time taken for 1 epoch: 204.65 secs


Starting epoch 100
Epoch 100 Batch 0 Loss 0.1751 Accuracy 0.9243
Epoch 100 Batch 100 Loss 0.1700 Accuracy 0.9243
Epoch 100 Batch 200 Loss 0.1707 Accuracy 0.9241
Epoch 100 Batch 300 Loss 0.1708 Accuracy 0.9240
Epoch 100 Batch 400 Loss 0.1709 Accuracy 0.9241
Epoch 100 Batch 500 Loss 0.1710 Accuracy 0.9240
Epoch 100 Batch 600 Loss 0.1713 Accuracy 0.9240
Epoch 100 Batch 700 Loss 0.1714 Accuracy 0.9239
Time taken for 1 epoch: 204.71 secs

